Using pre-set license
Built from '2023.2/staging' branch; Version is '2023.2.20f1 (0e25a174756c) revision 927137'; Using compiler version '193431935'; Build Type 'Release'
OS: 'Windows 11  (10.0.26100) 64bit Professional' Language: 'ko' Physical Memory: 32509 MB
BatchMode: 1, IsHumanControllingUs: 0, StartBugReporterOnCrash: 0, Is64bit: 1, IsPro: 1

COMMAND LINE ARGUMENTS:
C:\Program Files\Unity\Hub\Editor\2023.2.20f1\Editor\Unity.exe
-adb2
-batchMode
-noUpm
-name
AssetImportWorker11
-projectPath
C:/Users/user/ProjTest2/Proj
-logFile
Logs/AssetImportWorker11.log
-srvPort
55995
-job-worker-count
11
-background-job-worker-count
8
-asset-garbage-collectors
1
Successfully changed project path to: C:/Users/user/ProjTest2/Proj
C:/Users/user/ProjTest2/Proj
[UnityMemory] Configuration Parameters - Can be set up in boot.config
    "memorysetup-bucket-allocator-granularity=16"
    "memorysetup-bucket-allocator-bucket-count=8"
    "memorysetup-bucket-allocator-block-size=33554432"
    "memorysetup-bucket-allocator-block-count=8"
    "memorysetup-main-allocator-block-size=16777216"
    "memorysetup-thread-allocator-block-size=16777216"
    "memorysetup-gfx-main-allocator-block-size=16777216"
    "memorysetup-gfx-thread-allocator-block-size=16777216"
    "memorysetup-cache-allocator-block-size=4194304"
    "memorysetup-typetree-allocator-block-size=2097152"
    "memorysetup-profiler-bucket-allocator-granularity=16"
    "memorysetup-profiler-bucket-allocator-bucket-count=8"
    "memorysetup-profiler-bucket-allocator-block-size=33554432"
    "memorysetup-profiler-bucket-allocator-block-count=8"
    "memorysetup-profiler-allocator-block-size=16777216"
    "memorysetup-profiler-editor-allocator-block-size=1048576"
    "memorysetup-temp-allocator-size-main=16777216"
    "memorysetup-job-temp-allocator-block-size=2097152"
    "memorysetup-job-temp-allocator-block-size-background=1048576"
    "memorysetup-job-temp-allocator-reduction-small-platforms=262144"
    "memorysetup-allocator-temp-initial-block-size-main=262144"
    "memorysetup-allocator-temp-initial-block-size-worker=262144"
    "memorysetup-temp-allocator-size-background-worker=32768"
    "memorysetup-temp-allocator-size-job-worker=262144"
    "memorysetup-temp-allocator-size-preload-manager=33554432"
    "memorysetup-temp-allocator-size-nav-mesh-worker=65536"
    "memorysetup-temp-allocator-size-audio-worker=65536"
    "memorysetup-temp-allocator-size-cloud-worker=32768"
    "memorysetup-temp-allocator-size-gi-baking-worker=262144"
    "memorysetup-temp-allocator-size-gi-baking-worker=262144"
    "memorysetup-temp-allocator-size-gi-baking-worker=262144"
    "memorysetup-temp-allocator-size-gi-baking-worker=262144"
    "memorysetup-temp-allocator-size-gfx=262144"
Player connection [25880] Host "[IP] 192.168.0.184 [Port] 0 [Flags] 2 [Guid] 3605969663 [EditorId] 3605969663 [Version] 1048832 [Id] WindowsEditor(7,DESKTOP-J8JLBSO) [Debug] 1 [PackageName] WindowsEditor [ProjectName] Editor" joined multi-casting on [225.0.0.222:54997]...
Player connection [25880] Host "[IP] 192.168.0.184 [Port] 0 [Flags] 2 [Guid] 3605969663 [EditorId] 3605969663 [Version] 1048832 [Id] WindowsEditor(7,DESKTOP-J8JLBSO) [Debug] 1 [PackageName] WindowsEditor [ProjectName] Editor" joined alternative multi-casting on [225.0.0.222:34997]...
JobSystem: Creating JobQueue using job-worker-count value 11
[Physics::Module] Initialized MultithreadedJobDispatcher with 11 workers.
Library Redirect Path: Library/
Refreshing native plugins compatible for Editor in 7.17 ms, found 8 plugins.
Preloading 0 native plugins for Editor in 0.00 ms.
Initialize engine version: 2023.2.20f1 (0e25a174756c)
[Subsystems] Discovering subsystems at path C:/Program Files/Unity/Hub/Editor/2023.2.20f1/Editor/Data/Resources/UnitySubsystems
[Subsystems] Discovering subsystems at path C:/Users/user/ProjTest2/Proj/Assets
GfxDevice: creating device client; kGfxThreadingModeNonThreaded
Direct3D:
    Version:  Direct3D 11.0 [level 11.1]
    Renderer: NVIDIA GeForce RTX 4060 (ID=0x2882)
    Vendor:   NVIDIA
    VRAM:     7957 MB
    Driver:   32.0.15.6094
Initialize mono
Mono path[0] = 'C:/Program Files/Unity/Hub/Editor/2023.2.20f1/Editor/Data/Managed'
Mono path[1] = 'C:/Program Files/Unity/Hub/Editor/2023.2.20f1/Editor/Data/MonoBleedingEdge/lib/mono/unityjit-win32'
Mono config path = 'C:/Program Files/Unity/Hub/Editor/2023.2.20f1/Editor/Data/MonoBleedingEdge/etc'
Using monoOptions --debugger-agent=transport=dt_socket,embedding=1,server=y,suspend=n,address=127.0.0.1:56620
Begin MonoManager ReloadAssembly
Registering precompiled unity dll's ...
Register platform support module: C:/Program Files/Unity/Hub/Editor/2023.2.20f1/Editor/Data/PlaybackEngines/WindowsStandaloneSupport/UnityEditor.WindowsStandalone.Extensions.dll
Registered in 0.002960 seconds.
- Loaded All Assemblies, in  0.443 seconds
Native extension for WindowsStandalone target not found
Mono: successfully reloaded assembly
- Finished resetting the current domain, in  0.304 seconds
Domain Reload Profiling: 742ms
	BeginReloadAssembly (136ms)
		ExecutionOrderSort (0ms)
		DisableScriptedObjects (0ms)
		BackupInstance (0ms)
		ReleaseScriptingObjects (0ms)
		CreateAndSetChildDomain (1ms)
	RebuildCommonClasses (42ms)
	RebuildNativeTypeToScriptingClass (14ms)
	initialDomainReloadingComplete (60ms)
	LoadAllAssembliesAndSetupDomain (186ms)
		LoadAssemblies (135ms)
		RebuildTransferFunctionScriptingTraits (0ms)
		AnalyzeDomain (183ms)
			TypeCache.Refresh (181ms)
				TypeCache.ScanAssembly (163ms)
			BuildScriptInfoCaches (0ms)
			ResolveRequiredComponents (0ms)
	FinalizeReload (305ms)
		ReleaseScriptCaches (0ms)
		RebuildScriptCaches (0ms)
		SetupLoadedEditorAssemblies (236ms)
			LogAssemblyErrors (0ms)
			InitializePlatformSupportModulesInManaged (13ms)
			SetLoadedEditorAssemblies (6ms)
			BeforeProcessingInitializeOnLoad (5ms)
			ProcessInitializeOnLoadAttributes (160ms)
			ProcessInitializeOnLoadMethodAttributes (53ms)
			AfterProcessingInitializeOnLoad (0ms)
			EditorAssembliesLoaded (0ms)
		ExecutionOrderSort2 (0ms)
		AwakeInstancesAfterBackupRestoration (0ms)
========================================================================
Worker process is ready to serve import requests
Import Worker Mode flag is 0x00
Begin MonoManager ReloadAssembly
Symbol file LoadedFromMemory doesn't match image C:\Users\user\ProjTest2\Proj\Library\PackageCache\com.unity.visualscripting@1.8.0\Editor\VisualScripting.Core\Dependencies\YamlDotNet\Unity.VisualScripting.YamlDotNet.dll
Symbol file LoadedFromMemory doesn't match image C:\Users\user\ProjTest2\Proj\Library\PackageCache\com.unity.visualscripting@1.8.0\Editor\VisualScripting.Core\Dependencies\DotNetZip\Unity.VisualScripting.IonicZip.dll
Symbol file LoadedFromMemory is not a mono symbol file
- Loaded All Assemblies, in  1.407 seconds
Refreshing native plugins compatible for Editor in 5.25 ms, found 8 plugins.
Native extension for WindowsStandalone target not found
Refreshing native plugins compatible for Editor in 6.17 ms, found 8 plugins.
Mono: successfully reloaded assembly
- Finished resetting the current domain, in  1.106 seconds
Domain Reload Profiling: 2509ms
	BeginReloadAssembly (397ms)
		ExecutionOrderSort (0ms)
		DisableScriptedObjects (5ms)
		BackupInstance (0ms)
		ReleaseScriptingObjects (0ms)
		CreateAndSetChildDomain (41ms)
	RebuildCommonClasses (40ms)
	RebuildNativeTypeToScriptingClass (12ms)
	initialDomainReloadingComplete (42ms)
	LoadAllAssembliesAndSetupDomain (911ms)
		LoadAssemblies (537ms)
		RebuildTransferFunctionScriptingTraits (0ms)
		AnalyzeDomain (479ms)
			TypeCache.Refresh (393ms)
				TypeCache.ScanAssembly (347ms)
			BuildScriptInfoCaches (67ms)
			ResolveRequiredComponents (13ms)
	FinalizeReload (1106ms)
		ReleaseScriptCaches (0ms)
		RebuildScriptCaches (0ms)
		SetupLoadedEditorAssemblies (817ms)
			LogAssemblyErrors (0ms)
			InitializePlatformSupportModulesInManaged (3ms)
			SetLoadedEditorAssemblies (7ms)
			BeforeProcessingInitializeOnLoad (81ms)
			ProcessInitializeOnLoadAttributes (508ms)
			ProcessInitializeOnLoadMethodAttributes (213ms)
			AfterProcessingInitializeOnLoad (4ms)
			EditorAssembliesLoaded (0ms)
		ExecutionOrderSort2 (0ms)
		AwakeInstancesAfterBackupRestoration (9ms)
Launched and connected shader compiler UnityShaderCompiler.exe after 0.21 seconds
Refreshing native plugins compatible for Editor in 5.82 ms, found 8 plugins.
Preloading 0 native plugins for Editor in 0.00 ms.
Unloading 202 Unused Serialized files (Serialized files now loaded: 0)
Unloading 7573 unused Assets / (7.4 MB). Loaded Objects now: 8260.
Memory consumption went from 204.7 MB to 197.2 MB.
Total: 18.494300 ms (FindLiveObjects: 2.368100 ms CreateObjectMapping: 0.873300 ms MarkObjects: 10.587400 ms  DeleteObjects: 4.662900 ms)

========================================================================
Received Import Request.
  Time since last request: 749698.808757 seconds.
  path: Assets/TextMesh Pro/Resources/Fonts & Materials/LiberationSans SDF.asset
  artifactKey: Guid(8f586378b4e144a9851e7b34d9b748ee) Importer(2089858483,3d70f49cd1c2eb9ae422958d1c652c6b)
Start importing Assets/TextMesh Pro/Resources/Fonts & Materials/LiberationSans SDF.asset using Guid(8f586378b4e144a9851e7b34d9b748ee) Importer(2089858483,3d70f49cd1c2eb9ae422958d1c652c6b) (ScriptedImporter) -> (artifact id: 'b2d0b44b3f5d26a242d061b441eeebbf') in 0.1929192 seconds
Number of updated asset objects reloaded before import = 0Number of asset objects unloaded after import = 7

========================================================================
Received Import Request.
  Time since last request: 0.000054 seconds.
  path: Assets/Aligned Games/Polygonal Foliage Asset Package/Models/Bushes/Bush7/bush_7.prefab
  artifactKey: Guid(3a6be94e17c68634b8cfffbb1b0cd7ce) Importer(2089858483,3d70f49cd1c2eb9ae422958d1c652c6b)
Start importing Assets/Aligned Games/Polygonal Foliage Asset Package/Models/Bushes/Bush7/bush_7.prefab using Guid(3a6be94e17c68634b8cfffbb1b0cd7ce) Importer(2089858483,3d70f49cd1c2eb9ae422958d1c652c6b) (ScriptedImporter) -> (artifact id: 'ef920dfb8a0c636d0ca6b68cc9a99e68') in 0.0260455 seconds
Number of updated asset objects reloaded before import = 0Number of asset objects unloaded after import = 9

========================================================================
Received Import Request.
  Time since last request: 0.000020 seconds.
  path: Assets/StarterAssets/Mobile/Prefabs/VirtualInputs/UI_Virtual_Joystick.prefab
  artifactKey: Guid(6eb08bfc0fd869c47b796c42ada099da) Importer(2089858483,3d70f49cd1c2eb9ae422958d1c652c6b)
Start importing Assets/StarterAssets/Mobile/Prefabs/VirtualInputs/UI_Virtual_Joystick.prefab using Guid(6eb08bfc0fd869c47b796c42ada099da) Importer(2089858483,3d70f49cd1c2eb9ae422958d1c652c6b) (ScriptedImporter) -> (artifact id: '06c82b1035312a631485622a10605f22') in 0.0272245 seconds
Number of updated asset objects reloaded before import = 0Number of asset objects unloaded after import = 18

========================================================================
Received Import Request.
  Time since last request: 0.000450 seconds.
  path: Assets/LowPoly Environment Pack/Demo/Scene 2/PPS Demo 2.asset
  artifactKey: Guid(8e5b0e62e596e2743aa1790e88b85fc2) Importer(2089858483,3d70f49cd1c2eb9ae422958d1c652c6b)
Start importing Assets/LowPoly Environment Pack/Demo/Scene 2/PPS Demo 2.asset using Guid(8e5b0e62e596e2743aa1790e88b85fc2) Importer(2089858483,3d70f49cd1c2eb9ae422958d1c652c6b) (ScriptedImporter) -> (artifact id: '98de5b395cb2d638617029a849d954c3') in 0.0237471 seconds
Number of updated asset objects reloaded before import = 0Number of asset objects unloaded after import = 1

========================================================================
Received Import Request.
  Time since last request: 0.000402 seconds.
  path: Assets/lineAcross_ENV.forest/Logs/woodboard_2b.fbx
  artifactKey: Guid(6028029ab2010764fbd551ca0594b202) Importer(2089858483,192608db42251d675da83286b1cce702)
Start importing Assets/lineAcross_ENV.forest/Logs/woodboard_2b.fbx using Guid(6028029ab2010764fbd551ca0594b202) Importer(2089858483,192608db42251d675da83286b1cce702) (ScriptedImporter) -> (artifact id: '4e0f21f49d97a7ab70ac268fb3163289') in 0.1154014 seconds
Number of updated asset objects reloaded before import = 0Number of asset objects unloaded after import = 10

========================================================================
Received Import Request.
  Time since last request: 0.001391 seconds.
  path: Assets/lineAcross_ENV.forest/Rocks/rock_3b_001.fbx
  artifactKey: Guid(088041f734d59f4428302ac19647e511) Importer(2089858483,192608db42251d675da83286b1cce702)
Start importing Assets/lineAcross_ENV.forest/Rocks/rock_3b_001.fbx using Guid(088041f734d59f4428302ac19647e511) Importer(2089858483,192608db42251d675da83286b1cce702) (ScriptedImporter) -> (artifact id: 'f8c00f7a80f864220d63b05e7b6cdca6') in 0.0322678 seconds
Number of updated asset objects reloaded before import = 0Number of asset objects unloaded after import = 10

========================================================================
Received Import Request.
  Time since last request: 0.000018 seconds.
  path: Assets/lineAcross_ENV.forest/Rocks/roadrock_1a.fbx
  artifactKey: Guid(fa853b5efed716945885ea9aea343e20) Importer(2089858483,192608db42251d675da83286b1cce702)
Start importing Assets/lineAcross_ENV.forest/Rocks/roadrock_1a.fbx using Guid(fa853b5efed716945885ea9aea343e20) Importer(2089858483,192608db42251d675da83286b1cce702) (ScriptedImporter) -> (artifact id: 'f3cbe0873ad22051f9b3c72b9a967e94') in 0.022395 seconds
Number of updated asset objects reloaded before import = 0Number of asset objects unloaded after import = 10

========================================================================
Received Import Request.
  Time since last request: 0.000024 seconds.
  path: Assets/lineAcross_ENV.forest/Meshes/moon_1a.fbx
  artifactKey: Guid(b2b3a20f67c84764a9a28dbd77b061e0) Importer(2089858483,192608db42251d675da83286b1cce702)
Start importing Assets/lineAcross_ENV.forest/Meshes/moon_1a.fbx using Guid(b2b3a20f67c84764a9a28dbd77b061e0) Importer(2089858483,192608db42251d675da83286b1cce702) (ScriptedImporter) -> (artifact id: '40970f48028880ca7eae2695fc6dcf8d') in 0.0355968 seconds
Number of updated asset objects reloaded before import = 0Number of asset objects unloaded after import = 10

========================================================================
Received Import Request.
  Time since last request: 0.000332 seconds.
  path: Assets/Aligned Games/Polygonal Foliage Asset Package/Models/Bushes/Bush3/bush_3.prefab
  artifactKey: Guid(f452cdb75db6e154a92b59d53ccebfd4) Importer(2089858483,3d70f49cd1c2eb9ae422958d1c652c6b)
Start importing Assets/Aligned Games/Polygonal Foliage Asset Package/Models/Bushes/Bush3/bush_3.prefab using Guid(f452cdb75db6e154a92b59d53ccebfd4) Importer(2089858483,3d70f49cd1c2eb9ae422958d1c652c6b) (ScriptedImporter) -> (artifact id: '7b7a65b916c5e1a0e2d39c01e012c9dc') in 0.0147812 seconds
Number of updated asset objects reloaded before import = 0Number of asset objects unloaded after import = 9

========================================================================
Received Import Request.
  Time since last request: 0.000540 seconds.
  path: Assets/lineAcross_ENV.forest/Meshes/mesh_3subdiv.fbx
  artifactKey: Guid(2db82d8095f307c428c0175245f7b90d) Importer(2089858483,192608db42251d675da83286b1cce702)
Start importing Assets/lineAcross_ENV.forest/Meshes/mesh_3subdiv.fbx using Guid(2db82d8095f307c428c0175245f7b90d) Importer(2089858483,192608db42251d675da83286b1cce702) (ScriptedImporter) -> (artifact id: '43a029a2bbf4f427bdec63d32e75e15f') in 0.0267739 seconds
Number of updated asset objects reloaded before import = 0Number of asset objects unloaded after import = 10

========================================================================
Received Import Request.
  Time since last request: 0.000022 seconds.
  path: Assets/lineAcross_ENV.forest/MadePref/House_1a.fbx
  artifactKey: Guid(b895855870d8e7f4f861e86f40b63302) Importer(2089858483,192608db42251d675da83286b1cce702)
Start importing Assets/lineAcross_ENV.forest/MadePref/House_1a.fbx using Guid(b895855870d8e7f4f861e86f40b63302) Importer(2089858483,192608db42251d675da83286b1cce702) (ScriptedImporter) -> (artifact id: 'f3d8cdd5ac5ec97bee7fd1da6a195e03') in 0.0385908 seconds
Number of updated asset objects reloaded before import = 0Number of asset objects unloaded after import = 10

========================================================================
Received Import Request.
  Time since last request: 0.007344 seconds.
  path: Assets/Aligned Games/Polygonal Foliage Asset Package/Models/Bushes/Bush1/bush_1.prefab
  artifactKey: Guid(0922ee3a38e19aa4ea103aefd1704e0d) Importer(2089858483,3d70f49cd1c2eb9ae422958d1c652c6b)
Start importing Assets/Aligned Games/Polygonal Foliage Asset Package/Models/Bushes/Bush1/bush_1.prefab using Guid(0922ee3a38e19aa4ea103aefd1704e0d) Importer(2089858483,3d70f49cd1c2eb9ae422958d1c652c6b) (ScriptedImporter) -> (artifact id: 'f1753c7afa774ba7426ba8f22b71baf7') in 0.0145648 seconds
Number of updated asset objects reloaded before import = 0Number of asset objects unloaded after import = 9

========================================================================
Received Import Request.
  Time since last request: 0.000326 seconds.
  path: Assets/lineAcross_ENV.forest/Logs/log_4b.fbx
  artifactKey: Guid(0be4efb8ffe956d4d863fd33d0939a2c) Importer(2089858483,192608db42251d675da83286b1cce702)
Start importing Assets/lineAcross_ENV.forest/Logs/log_4b.fbx using Guid(0be4efb8ffe956d4d863fd33d0939a2c) Importer(2089858483,192608db42251d675da83286b1cce702) (ScriptedImporter) -> (artifact id: '596e6b28ff3085badd02f8fed02f41ec') in 0.0256699 seconds
Number of updated asset objects reloaded before import = 0Number of asset objects unloaded after import = 10

========================================================================
Received Import Request.
  Time since last request: 0.002200 seconds.
  path: Assets/Aligned Games/Polygonal Foliage Asset Package/Models/Cliffs/Cliff2/cliff_2.prefab
  artifactKey: Guid(726459f9041ad074592da564916bac1d) Importer(2089858483,3d70f49cd1c2eb9ae422958d1c652c6b)
Start importing Assets/Aligned Games/Polygonal Foliage Asset Package/Models/Cliffs/Cliff2/cliff_2.prefab using Guid(726459f9041ad074592da564916bac1d) Importer(2089858483,3d70f49cd1c2eb9ae422958d1c652c6b) (ScriptedImporter) -> (artifact id: 'fc10cbdd84f383b0e2a6e40ecb8f1fdb') in 0.0123865 seconds
Number of updated asset objects reloaded before import = 0Number of asset objects unloaded after import = 9

========================================================================
Received Import Request.
  Time since last request: 0.000299 seconds.
  path: Assets/Aligned Games/Polygonal Foliage Asset Package/Models/Cliffs/Cliff3/cliff_3.prefab
  artifactKey: Guid(a2071e3181f1c5f47b7acdff96e50f3a) Importer(2089858483,3d70f49cd1c2eb9ae422958d1c652c6b)
Start importing Assets/Aligned Games/Polygonal Foliage Asset Package/Models/Cliffs/Cliff3/cliff_3.prefab using Guid(a2071e3181f1c5f47b7acdff96e50f3a) Importer(2089858483,3d70f49cd1c2eb9ae422958d1c652c6b) (ScriptedImporter) -> (artifact id: '535149aacd5122065993eecd98b00c60') in 0.0117419 seconds
Number of updated asset objects reloaded before import = 0Number of asset objects unloaded after import = 9

========================================================================
Received Import Request.
  Time since last request: 0.000283 seconds.
  path: Assets/Aligned Games/Polygonal Foliage Asset Package/Models/Cliffs/Cliff1/cliff_1.prefab
  artifactKey: Guid(578ec68902cb8ec49ba61bb7ad1af10a) Importer(2089858483,3d70f49cd1c2eb9ae422958d1c652c6b)
Start importing Assets/Aligned Games/Polygonal Foliage Asset Package/Models/Cliffs/Cliff1/cliff_1.prefab using Guid(578ec68902cb8ec49ba61bb7ad1af10a) Importer(2089858483,3d70f49cd1c2eb9ae422958d1c652c6b) (ScriptedImporter) -> (artifact id: '18091043ddb6875ab1a0c32da6176963') in 0.0125471 seconds
Number of updated asset objects reloaded before import = 0Number of asset objects unloaded after import = 9

========================================================================
Received Import Request.
  Time since last request: 0.000302 seconds.
  path: Assets/kenney_ui-pack-rpg-expansion/PNG/buttonSquare_brown.png
  artifactKey: Guid(825fe7ccbf65fa344b8416928d8084e2) Importer(2089858483,192608db42251d675da83286b1cce702)
Start importing Assets/kenney_ui-pack-rpg-expansion/PNG/buttonSquare_brown.png using Guid(825fe7ccbf65fa344b8416928d8084e2) Importer(2089858483,192608db42251d675da83286b1cce702) (ScriptedImporter) -> (artifact id: '03e4d07724501dfe50be5c6116116e10') in 0.0678954 seconds
Number of updated asset objects reloaded before import = 0Number of asset objects unloaded after import = 3

========================================================================
Received Import Request.
  Time since last request: 0.000082 seconds.
  path: Assets/Settings/Very Low_PipelineAsset.asset
  artifactKey: Guid(191fff0643f0b604b81ec36ccb12a91a) Importer(2089858483,3d70f49cd1c2eb9ae422958d1c652c6b)
Start importing Assets/Settings/Very Low_PipelineAsset.asset using Guid(191fff0643f0b604b81ec36ccb12a91a) Importer(2089858483,3d70f49cd1c2eb9ae422958d1c652c6b) (ScriptedImporter) -> (artifact id: '5ac88721e41a621664914c49e27ead39') in 0.0154709 seconds
Number of updated asset objects reloaded before import = 0Number of asset objects unloaded after import = 2

========================================================================
Received Import Request.
  Time since last request: 0.006298 seconds.
  path: Assets/kenney_ui-pack-rpg-expansion/PNG/buttonSquare_blue.png
  artifactKey: Guid(758c0374fd40ba94b966ac8ba18f2d06) Importer(2089858483,192608db42251d675da83286b1cce702)
Start importing Assets/kenney_ui-pack-rpg-expansion/PNG/buttonSquare_blue.png using Guid(758c0374fd40ba94b966ac8ba18f2d06) Importer(2089858483,192608db42251d675da83286b1cce702) (ScriptedImporter) -> (artifact id: 'f283d41ed8ea3a35f723c7e44a7df117') in 0.0292327 seconds
Number of updated asset objects reloaded before import = 0Number of asset objects unloaded after import = 3

========================================================================
Received Import Request.
  Time since last request: 0.011881 seconds.
  path: Assets/Stylized NPC - Peasant Nolant/README.txt
  artifactKey: Guid(8b3c7b351553a7c4e84c7e10edf26bf1) Importer(2089858483,192608db42251d675da83286b1cce702)
Start importing Assets/Stylized NPC - Peasant Nolant/README.txt using Guid(8b3c7b351553a7c4e84c7e10edf26bf1) Importer(2089858483,192608db42251d675da83286b1cce702) (ScriptedImporter) -> (artifact id: '4afb5e2ffa21162d3fa30d5da205b75b') in 0.0238641 seconds
Number of updated asset objects reloaded before import = 0Number of asset objects unloaded after import = 1

========================================================================
Received Import Request.
  Time since last request: 0.001162 seconds.
  path: Assets/lineAcross_ENV.forest/Prefabs/RocksPreFabs/roadrock_3a.prefab
  artifactKey: Guid(093de3d62aec65543bc34648c15a87a4) Importer(2089858483,3d70f49cd1c2eb9ae422958d1c652c6b)
Start importing Assets/lineAcross_ENV.forest/Prefabs/RocksPreFabs/roadrock_3a.prefab using Guid(093de3d62aec65543bc34648c15a87a4) Importer(2089858483,3d70f49cd1c2eb9ae422958d1c652c6b) (ScriptedImporter) -> (artifact id: '07aa4f5ce3cf69cc7d2f7c575b8b9a64') in 0.0138724 seconds
Number of updated asset objects reloaded before import = 0Number of asset objects unloaded after import = 8

========================================================================
Received Import Request.
  Time since last request: 0.002916 seconds.
  path: Assets/Aligned Games/Polygonal Foliage Asset Package/Models/Cliffs/Cliff8/cliff_8.prefab
  artifactKey: Guid(4f5ccf949647d924ebe3c03ab559a42c) Importer(2089858483,3d70f49cd1c2eb9ae422958d1c652c6b)
Start importing Assets/Aligned Games/Polygonal Foliage Asset Package/Models/Cliffs/Cliff8/cliff_8.prefab using Guid(4f5ccf949647d924ebe3c03ab559a42c) Importer(2089858483,3d70f49cd1c2eb9ae422958d1c652c6b) (ScriptedImporter) -> (artifact id: 'd4c02e5159ab100565332d15e583a3c0') in 0.0156902 seconds
Number of updated asset objects reloaded before import = 0Number of asset objects unloaded after import = 9

========================================================================
Received Import Request.
  Time since last request: 0.000872 seconds.
  path: Assets/Lowpoly Flowers/flower04.fbx
  artifactKey: Guid(821158ae724ce854e920539f935295b8) Importer(2089858483,192608db42251d675da83286b1cce702)
Start importing Assets/Lowpoly Flowers/flower04.fbx using Guid(821158ae724ce854e920539f935295b8) Importer(2089858483,192608db42251d675da83286b1cce702) (ScriptedImporter) -> (artifact id: '954176509cf31cb5ea160f02ea4f7c9e') in 0.0432967 seconds
Number of updated asset objects reloaded before import = 0Number of asset objects unloaded after import = 31

========================================================================
Received Import Request.
  Time since last request: 0.000986 seconds.
  path: Assets/lineAcross_ENV.forest/Prefabs/LogsPreFabs/log_7a.prefab
  artifactKey: Guid(162c55156caa5fe4692bf3b71a041bad) Importer(2089858483,3d70f49cd1c2eb9ae422958d1c652c6b)
Start importing Assets/lineAcross_ENV.forest/Prefabs/LogsPreFabs/log_7a.prefab using Guid(162c55156caa5fe4692bf3b71a041bad) Importer(2089858483,3d70f49cd1c2eb9ae422958d1c652c6b) (ScriptedImporter) -> (artifact id: 'd2f9cfb077ba957aff359084f1ff3f51') in 0.0139983 seconds
Number of updated asset objects reloaded before import = 0Number of asset objects unloaded after import = 8

========================================================================
Received Import Request.
  Time since last request: 0.000652 seconds.
  path: Assets/lineAcross_ENV.forest/Logs/woodboard_3a.prefab
  artifactKey: Guid(5fe2177897e692a4a892dc26851ff53c) Importer(2089858483,192608db42251d675da83286b1cce702)
Start importing Assets/lineAcross_ENV.forest/Logs/woodboard_3a.prefab using Guid(5fe2177897e692a4a892dc26851ff53c) Importer(2089858483,192608db42251d675da83286b1cce702) (ScriptedImporter) -> (artifact id: '114df625a0691a19eb01ade832c49659') in 0.0250156 seconds
Number of updated asset objects reloaded before import = 0Number of asset objects unloaded after import = 7

========================================================================
Received Import Request.
  Time since last request: 0.000278 seconds.
  path: Assets/kenney_ui-pack-rpg-expansion/PNG/barYellow_horizontalLeft.png
  artifactKey: Guid(ac09274c73807c64eae039b7ecffcfb3) Importer(2089858483,192608db42251d675da83286b1cce702)
Start importing Assets/kenney_ui-pack-rpg-expansion/PNG/barYellow_horizontalLeft.png using Guid(ac09274c73807c64eae039b7ecffcfb3) Importer(2089858483,192608db42251d675da83286b1cce702) (ScriptedImporter) -> (artifact id: 'e0684b94ef0a6d6f4ccf001fbb46ea2b') in 0.0301699 seconds
Number of updated asset objects reloaded before import = 0Number of asset objects unloaded after import = 3

========================================================================
Received Import Request.
  Time since last request: 0.000040 seconds.
  path: Assets/lineAcross_ENV.forest/Prefabs/LogsPreFabs/log_6a.prefab
  artifactKey: Guid(9d9c2cf63c81e2642ae562636ed7a068) Importer(2089858483,3d70f49cd1c2eb9ae422958d1c652c6b)
Start importing Assets/lineAcross_ENV.forest/Prefabs/LogsPreFabs/log_6a.prefab using Guid(9d9c2cf63c81e2642ae562636ed7a068) Importer(2089858483,3d70f49cd1c2eb9ae422958d1c652c6b) (ScriptedImporter) -> (artifact id: '4f7b35c9703353ad0cf2205ed1cc6d11') in 0.0114882 seconds
Number of updated asset objects reloaded before import = 0Number of asset objects unloaded after import = 8

========================================================================
Received Import Request.
  Time since last request: 0.000020 seconds.
  path: Assets/Low Poly Nature Pack Lite/Prefabs/bush_berries_empty.prefab
  artifactKey: Guid(7296abd22d2054d45935af69b0faa62b) Importer(2089858483,3d70f49cd1c2eb9ae422958d1c652c6b)
Start importing Assets/Low Poly Nature Pack Lite/Prefabs/bush_berries_empty.prefab using Guid(7296abd22d2054d45935af69b0faa62b) Importer(2089858483,3d70f49cd1c2eb9ae422958d1c652c6b) (ScriptedImporter) -> (artifact id: '47889cec53072353570b0eb4dc9aec48') in 0.0166292 seconds
Number of updated asset objects reloaded before import = 0Number of asset objects unloaded after import = 8

========================================================================
Received Import Request.
  Time since last request: 0.000342 seconds.
  path: Assets/Aligned Games/Polygonal Foliage Asset Package/Models/Flowers/Flower3/flower_3.prefab
  artifactKey: Guid(7b08fe66855e56c4991a3055447b7355) Importer(2089858483,3d70f49cd1c2eb9ae422958d1c652c6b)
Start importing Assets/Aligned Games/Polygonal Foliage Asset Package/Models/Flowers/Flower3/flower_3.prefab using Guid(7b08fe66855e56c4991a3055447b7355) Importer(2089858483,3d70f49cd1c2eb9ae422958d1c652c6b) (ScriptedImporter) -> (artifact id: '57ebb7f3f1de0c4177198c1911685263') in 0.0168304 seconds
Number of updated asset objects reloaded before import = 0Number of asset objects unloaded after import = 9

========================================================================
Received Import Request.
  Time since last request: 0.000020 seconds.
  path: Assets/Aligned Games/Polygonal Foliage Asset Package/Models/Logs/Log3/log_3.prefab
  artifactKey: Guid(69f3ad0b61d07274f81df455ec10f815) Importer(2089858483,3d70f49cd1c2eb9ae422958d1c652c6b)
Start importing Assets/Aligned Games/Polygonal Foliage Asset Package/Models/Logs/Log3/log_3.prefab using Guid(69f3ad0b61d07274f81df455ec10f815) Importer(2089858483,3d70f49cd1c2eb9ae422958d1c652c6b) (ScriptedImporter) -> (artifact id: 'f459c5ca68aa390eebb4106941802329') in 0.0119165 seconds
Number of updated asset objects reloaded before import = 0Number of asset objects unloaded after import = 9

========================================================================
Received Import Request.
  Time since last request: 0.001250 seconds.
  path: Assets/Aligned Games/Polygonal Foliage Asset Package/Models/Plants/Plant2/plant_2.prefab
  artifactKey: Guid(33889ea1ee6e4fe4b922d09e7cee3b35) Importer(2089858483,3d70f49cd1c2eb9ae422958d1c652c6b)
Start importing Assets/Aligned Games/Polygonal Foliage Asset Package/Models/Plants/Plant2/plant_2.prefab using Guid(33889ea1ee6e4fe4b922d09e7cee3b35) Importer(2089858483,3d70f49cd1c2eb9ae422958d1c652c6b) (ScriptedImporter) -> (artifact id: '6716642b9ccd76d0cb29d782571c1226') in 0.0121748 seconds
Number of updated asset objects reloaded before import = 0Number of asset objects unloaded after import = 9

========================================================================
Received Import Request.
  Time since last request: 0.002468 seconds.
  path: Assets/Aligned Games/Polygonal Foliage Asset Package/Models/Flowers/Flower4/flower_4.prefab
  artifactKey: Guid(51276cc88102cf44781a6249ac17e3b7) Importer(2089858483,3d70f49cd1c2eb9ae422958d1c652c6b)
Start importing Assets/Aligned Games/Polygonal Foliage Asset Package/Models/Flowers/Flower4/flower_4.prefab using Guid(51276cc88102cf44781a6249ac17e3b7) Importer(2089858483,3d70f49cd1c2eb9ae422958d1c652c6b) (ScriptedImporter) -> (artifact id: '1dbb6e680c763645f5a0d4b3fa86ceee') in 0.0116203 seconds
Number of updated asset objects reloaded before import = 0Number of asset objects unloaded after import = 9

========================================================================
Received Import Request.
  Time since last request: 0.000570 seconds.
  path: Assets/Aligned Games/Polygonal Foliage Asset Package/Models/Plants/Plant4/plant_4.prefab
  artifactKey: Guid(7d7017793b4bf6e4a8d3fb9dd5516951) Importer(2089858483,3d70f49cd1c2eb9ae422958d1c652c6b)
Start importing Assets/Aligned Games/Polygonal Foliage Asset Package/Models/Plants/Plant4/plant_4.prefab using Guid(7d7017793b4bf6e4a8d3fb9dd5516951) Importer(2089858483,3d70f49cd1c2eb9ae422958d1c652c6b) (ScriptedImporter) -> (artifact id: '827e85cb57de75a233a58150d9f19ad8') in 0.0144241 seconds
Number of updated asset objects reloaded before import = 0Number of asset objects unloaded after import = 9

========================================================================
Received Import Request.
  Time since last request: 0.000201 seconds.
  path: Assets/Aligned Games/Polygonal Foliage Asset Package/Models/Plants/Plant11/plant_11.prefab
  artifactKey: Guid(f0adb23d269974248833a2fb7e1de7fd) Importer(2089858483,3d70f49cd1c2eb9ae422958d1c652c6b)
Start importing Assets/Aligned Games/Polygonal Foliage Asset Package/Models/Plants/Plant11/plant_11.prefab using Guid(f0adb23d269974248833a2fb7e1de7fd) Importer(2089858483,3d70f49cd1c2eb9ae422958d1c652c6b) (ScriptedImporter) -> (artifact id: '8740151e54b1832aefc7297cbc2230f2') in 0.0127325 seconds
Number of updated asset objects reloaded before import = 0Number of asset objects unloaded after import = 9

========================================================================
Received Import Request.
  Time since last request: 0.002293 seconds.
  path: Assets/Aligned Games/Polygonal Foliage Asset Package/Models/Rocks/Rock8/rock_8.prefab
  artifactKey: Guid(96e49c89d89c0ca4480ad393c85ee7fd) Importer(2089858483,3d70f49cd1c2eb9ae422958d1c652c6b)
Start importing Assets/Aligned Games/Polygonal Foliage Asset Package/Models/Rocks/Rock8/rock_8.prefab using Guid(96e49c89d89c0ca4480ad393c85ee7fd) Importer(2089858483,3d70f49cd1c2eb9ae422958d1c652c6b) (ScriptedImporter) -> (artifact id: '39d06effc7b0cfe2548335e57c8cd2ee') in 0.0121558 seconds
Number of updated asset objects reloaded before import = 0Number of asset objects unloaded after import = 9

========================================================================
Received Import Request.
  Time since last request: 0.000886 seconds.
  path: Assets/lineAcross_ENV.forest/Prefabs/LogsPreFabs/log_2b.prefab
  artifactKey: Guid(c9cc389679c52c14d99743ce3b7efa4a) Importer(2089858483,3d70f49cd1c2eb9ae422958d1c652c6b)
Start importing Assets/lineAcross_ENV.forest/Prefabs/LogsPreFabs/log_2b.prefab using Guid(c9cc389679c52c14d99743ce3b7efa4a) Importer(2089858483,3d70f49cd1c2eb9ae422958d1c652c6b) (ScriptedImporter) -> (artifact id: 'e4d1b9b2a177df229c48fc039a370e83') in 0.0127961 seconds
Number of updated asset objects reloaded before import = 0Number of asset objects unloaded after import = 8

========================================================================
Received Import Request.
  Time since last request: 0.002092 seconds.
  path: Assets/kenney_ui-pack-rpg-expansion/PNG/panel_brown.png
  artifactKey: Guid(17494e22f7af00b44bc18006619df19c) Importer(2089858483,192608db42251d675da83286b1cce702)
Start importing Assets/kenney_ui-pack-rpg-expansion/PNG/panel_brown.png using Guid(17494e22f7af00b44bc18006619df19c) Importer(2089858483,192608db42251d675da83286b1cce702) (ScriptedImporter) -> (artifact id: 'fd3df4bb620169e1e2a128ef08e19dc1') in 0.0246798 seconds
Number of updated asset objects reloaded before import = 0Number of asset objects unloaded after import = 3

========================================================================
Received Import Request.
  Time since last request: 0.000351 seconds.
  path: Assets/Aligned Games/Polygonal Foliage Asset Package/Models/Plants/Plant8/plant_8.prefab
  artifactKey: Guid(edfefdacf162ed84caeedfddd0879e98) Importer(2089858483,3d70f49cd1c2eb9ae422958d1c652c6b)
Start importing Assets/Aligned Games/Polygonal Foliage Asset Package/Models/Plants/Plant8/plant_8.prefab using Guid(edfefdacf162ed84caeedfddd0879e98) Importer(2089858483,3d70f49cd1c2eb9ae422958d1c652c6b) (ScriptedImporter) -> (artifact id: '94c7902d915c591fa51e08f6c9b84c8e') in 0.0142363 seconds
Number of updated asset objects reloaded before import = 0Number of asset objects unloaded after import = 9

========================================================================
Received Import Request.
  Time since last request: 0.000890 seconds.
  path: Assets/Low Poly Nature Pack Lite/Prefabs/mushroom01_brown.prefab
  artifactKey: Guid(e87b5fddab31eec41ad27cb84a974112) Importer(2089858483,192608db42251d675da83286b1cce702)
Start importing Assets/Low Poly Nature Pack Lite/Prefabs/mushroom01_brown.prefab using Guid(e87b5fddab31eec41ad27cb84a974112) Importer(2089858483,192608db42251d675da83286b1cce702) (ScriptedImporter) -> (artifact id: 'ad53ed18c74370e2e25b9c485d68ee4a') in 0.0260964 seconds
Number of updated asset objects reloaded before import = 0Number of asset objects unloaded after import = 7

========================================================================
Received Import Request.
  Time since last request: 0.003701 seconds.
  path: Assets/lineAcross_ENV.forest/Trees/tree_6c.fbx
  artifactKey: Guid(59aa9d13c082aed4e9a13b275b1def6a) Importer(2089858483,192608db42251d675da83286b1cce702)
Start importing Assets/lineAcross_ENV.forest/Trees/tree_6c.fbx using Guid(59aa9d13c082aed4e9a13b275b1def6a) Importer(2089858483,192608db42251d675da83286b1cce702) (ScriptedImporter) -> (artifact id: 'c2e322b5fa7c5201922d566fc041a2a9') in 0.0242352 seconds
Number of updated asset objects reloaded before import = 0Number of asset objects unloaded after import = 10

========================================================================
Received Import Request.
  Time since last request: 0.000033 seconds.
  path: Assets/Low Poly Nature Pack Lite/Prefabs/bush.prefab
  artifactKey: Guid(e3280123670faec45a45c5d80b4749e0) Importer(2089858483,192608db42251d675da83286b1cce702)
Start importing Assets/Low Poly Nature Pack Lite/Prefabs/bush.prefab using Guid(e3280123670faec45a45c5d80b4749e0) Importer(2089858483,192608db42251d675da83286b1cce702) (ScriptedImporter) -> (artifact id: '60267d05f63079c83c727f7d4cd59053') in 0.0244215 seconds
Number of updated asset objects reloaded before import = 0Number of asset objects unloaded after import = 7

========================================================================
Received Import Request.
  Time since last request: 0.000019 seconds.
  path: Assets/Low Poly Nature Pack Lite/Models/log.fbx
  artifactKey: Guid(f2cbe6b8dd6852544a8e05b847c826a8) Importer(2089858483,192608db42251d675da83286b1cce702)
Start importing Assets/Low Poly Nature Pack Lite/Models/log.fbx using Guid(f2cbe6b8dd6852544a8e05b847c826a8) Importer(2089858483,192608db42251d675da83286b1cce702) (ScriptedImporter) -> (artifact id: '903ac990e47faaa3d6bd2e6b513c743f') in 0.0205765 seconds
Number of updated asset objects reloaded before import = 0Number of asset objects unloaded after import = 7

========================================================================
Received Import Request.
  Time since last request: 0.000227 seconds.
  path: Assets/Low Poly Nature Pack Lite/Prefabs/hills02.prefab
  artifactKey: Guid(13aac81557091d84598f840fae3a54eb) Importer(2089858483,192608db42251d675da83286b1cce702)
Start importing Assets/Low Poly Nature Pack Lite/Prefabs/hills02.prefab using Guid(13aac81557091d84598f840fae3a54eb) Importer(2089858483,192608db42251d675da83286b1cce702) (ScriptedImporter) -> (artifact id: '721d5bfa9828851ffde218944e4ec123') in 0.0266971 seconds
Number of updated asset objects reloaded before import = 0Number of asset objects unloaded after import = 7

========================================================================
Received Import Request.
  Time since last request: 0.000028 seconds.
  path: Assets/Low Poly Nature Pack Lite/Models/simple_bush.fbx
  artifactKey: Guid(3a74cf5d311bf5c469279dd8095a0ddb) Importer(2089858483,192608db42251d675da83286b1cce702)
Start importing Assets/Low Poly Nature Pack Lite/Models/simple_bush.fbx using Guid(3a74cf5d311bf5c469279dd8095a0ddb) Importer(2089858483,192608db42251d675da83286b1cce702) (ScriptedImporter) -> (artifact id: '86b779149ebc1dd2660fef9320dba138') in 0.0239548 seconds
Number of updated asset objects reloaded before import = 0Number of asset objects unloaded after import = 7

========================================================================
Received Import Request.
  Time since last request: 0.000100 seconds.
  path: Assets/Low Poly Nature Pack Lite/Models/stone01.fbx
  artifactKey: Guid(3ff9d0b8af89c7d43bf545a0cdb5620d) Importer(2089858483,192608db42251d675da83286b1cce702)
Start importing Assets/Low Poly Nature Pack Lite/Models/stone01.fbx using Guid(3ff9d0b8af89c7d43bf545a0cdb5620d) Importer(2089858483,192608db42251d675da83286b1cce702) (ScriptedImporter) -> (artifact id: '1c82a50df1bb2e1595f0320888d5b8d0') in 0.0230978 seconds
Number of updated asset objects reloaded before import = 0Number of asset objects unloaded after import = 7

========================================================================
Received Import Request.
  Time since last request: 0.001239 seconds.
  path: Assets/Low Poly Nature Pack Lite/Prefabs/bush_berries_blue.prefab
  artifactKey: Guid(19e48c26020fafe418cb4c2298a4fd3f) Importer(2089858483,192608db42251d675da83286b1cce702)
Start importing Assets/Low Poly Nature Pack Lite/Prefabs/bush_berries_blue.prefab using Guid(19e48c26020fafe418cb4c2298a4fd3f) Importer(2089858483,192608db42251d675da83286b1cce702) (ScriptedImporter) -> (artifact id: '845a44991ed360161b53073065e9e43f') in 0.0272399 seconds
Number of updated asset objects reloaded before import = 0Number of asset objects unloaded after import = 7

========================================================================
Received Import Request.
  Time since last request: 0.000283 seconds.
  path: Assets/lineAcross_ENV.forest/Rocks/rock_6a.fbx
  artifactKey: Guid(51a17c070607dd143b13ca988acb79ce) Importer(2089858483,192608db42251d675da83286b1cce702)
Start importing Assets/lineAcross_ENV.forest/Rocks/rock_6a.fbx using Guid(51a17c070607dd143b13ca988acb79ce) Importer(2089858483,192608db42251d675da83286b1cce702) (ScriptedImporter) -> (artifact id: 'd02cb48e14a5822e332fd078c5387fdc') in 0.0365327 seconds
Number of updated asset objects reloaded before import = 0Number of asset objects unloaded after import = 10

========================================================================
Received Import Request.
  Time since last request: 0.000024 seconds.
  path: Assets/Aligned Games/Polygonal Foliage Asset Package/Models/Trees/Tree5/tree_5.prefab
  artifactKey: Guid(ce6da4e561003da4cb4a6d7ca4a9aba7) Importer(2089858483,3d70f49cd1c2eb9ae422958d1c652c6b)
Start importing Assets/Aligned Games/Polygonal Foliage Asset Package/Models/Trees/Tree5/tree_5.prefab using Guid(ce6da4e561003da4cb4a6d7ca4a9aba7) Importer(2089858483,3d70f49cd1c2eb9ae422958d1c652c6b) (ScriptedImporter) -> (artifact id: 'b81557d6a7e5cbcf5810010a70e0050f') in 0.0147202 seconds
Number of updated asset objects reloaded before import = 0Number of asset objects unloaded after import = 9

========================================================================
Received Import Request.
  Time since last request: 0.000017 seconds.
  path: Assets/Aligned Games/Polygonal Foliage Asset Package/Models/Trees/Tree9/tree_9.prefab
  artifactKey: Guid(8af78e4a82c71af428d01f59467b8f74) Importer(2089858483,3d70f49cd1c2eb9ae422958d1c652c6b)
Start importing Assets/Aligned Games/Polygonal Foliage Asset Package/Models/Trees/Tree9/tree_9.prefab using Guid(8af78e4a82c71af428d01f59467b8f74) Importer(2089858483,3d70f49cd1c2eb9ae422958d1c652c6b) (ScriptedImporter) -> (artifact id: '5d9b4699e317e1fcf548cc3fb8278b95') in 0.0128538 seconds
Number of updated asset objects reloaded before import = 0Number of asset objects unloaded after import = 9

========================================================================
Received Import Request.
  Time since last request: 0.000521 seconds.
  path: Assets/TextMesh Pro/Resources/TMP Settings.asset
  artifactKey: Guid(3f5b5dff67a942289a9defa416b206f3) Importer(2089858483,3d70f49cd1c2eb9ae422958d1c652c6b)
Start importing Assets/TextMesh Pro/Resources/TMP Settings.asset using Guid(3f5b5dff67a942289a9defa416b206f3) Importer(2089858483,3d70f49cd1c2eb9ae422958d1c652c6b) (ScriptedImporter) -> (artifact id: '4a28058aeff75245a5c2705e9a692860') in 0.0347331 seconds
Number of updated asset objects reloaded before import = 0Number of asset objects unloaded after import = 14

========================================================================
Received Import Request.
  Time since last request: 0.001250 seconds.
  path: Assets/New Material.mat
  artifactKey: Guid(803e02a54f4274f4aaa89c14f40e3eaa) Importer(2089858483,192608db42251d675da83286b1cce702)
Start importing Assets/New Material.mat using Guid(803e02a54f4274f4aaa89c14f40e3eaa) Importer(2089858483,192608db42251d675da83286b1cce702) (ScriptedImporter) -> (artifact id: '185b1c8b8fdfc7fac7b7134641c6bd41') in 0.0172715 seconds
Number of updated asset objects reloaded before import = 0Number of asset objects unloaded after import = 2

========================================================================
Received Import Request.
  Time since last request: 0.000254 seconds.
  path: Assets/kenney_ui-pack-rpg-expansion/PNG/cursorHand_blue.png
  artifactKey: Guid(b94b7e67d1048c6428ff6e407fe74a5a) Importer(2089858483,192608db42251d675da83286b1cce702)
Start importing Assets/kenney_ui-pack-rpg-expansion/PNG/cursorHand_blue.png using Guid(b94b7e67d1048c6428ff6e407fe74a5a) Importer(2089858483,192608db42251d675da83286b1cce702) (ScriptedImporter) -> (artifact id: 'c7129c8e5e0688be58a543539b8fbf61') in 0.0333888 seconds
Number of updated asset objects reloaded before import = 0Number of asset objects unloaded after import = 3

========================================================================
Received Import Request.
  Time since last request: 0.492557 seconds.
  path: Assets/Low Poly Nature Pack Lite/Prefabs/pine.prefab
  artifactKey: Guid(539de0ad0d93a5748ba75f2d185f146e) Importer(2089858483,192608db42251d675da83286b1cce702)
Start importing Assets/Low Poly Nature Pack Lite/Prefabs/pine.prefab using Guid(539de0ad0d93a5748ba75f2d185f146e) Importer(2089858483,192608db42251d675da83286b1cce702) (ScriptedImporter) -> (artifact id: '35d76217ef0af5dbcf9962986d58ab02') in 0.028518 seconds
Number of updated asset objects reloaded before import = 0Number of asset objects unloaded after import = 12

========================================================================
Received Import Request.
  Time since last request: 0.000020 seconds.
  path: Assets/Lowpoly Flowers/Materials/blinn22.mat
  artifactKey: Guid(4244f8c36ab691c4f84860a4a7d186a1) Importer(2089858483,192608db42251d675da83286b1cce702)
Start importing Assets/Lowpoly Flowers/Materials/blinn22.mat using Guid(4244f8c36ab691c4f84860a4a7d186a1) Importer(2089858483,192608db42251d675da83286b1cce702) (ScriptedImporter) -> (artifact id: 'e1135717744c1a7bf4369289809e3942') in 0.0194279 seconds
Number of updated asset objects reloaded before import = 0Number of asset objects unloaded after import = 1

========================================================================
Received Import Request.
  Time since last request: 0.016462 seconds.
  path: Assets/LowPoly Environment Pack/Prefabs/Tree_2.prefab
  artifactKey: Guid(dc00aab85b301f242896a77c4b442ec0) Importer(2089858483,192608db42251d675da83286b1cce702)
Start importing Assets/LowPoly Environment Pack/Prefabs/Tree_2.prefab using Guid(dc00aab85b301f242896a77c4b442ec0) Importer(2089858483,192608db42251d675da83286b1cce702) (ScriptedImporter) -> (artifact id: '09a138c90bc72f68775f1ec6f7f10e28') in 0.026456 seconds
Number of updated asset objects reloaded before import = 0Number of asset objects unloaded after import = 36

========================================================================
Received Import Request.
  Time since last request: 0.004142 seconds.
  path: Assets/LowPoly Environment Pack/Prefabs/Grass_2.prefab
  artifactKey: Guid(c04be9f92ebf58b46b2204ac3aaa8785) Importer(2089858483,192608db42251d675da83286b1cce702)
Start importing Assets/LowPoly Environment Pack/Prefabs/Grass_2.prefab using Guid(c04be9f92ebf58b46b2204ac3aaa8785) Importer(2089858483,192608db42251d675da83286b1cce702) (ScriptedImporter) -> (artifact id: '798522b74a74ff28764e0254498dbb7b') in 0.0224783 seconds
Number of updated asset objects reloaded before import = 0Number of asset objects unloaded after import = 7

========================================================================
Received Import Request.
  Time since last request: 0.000316 seconds.
  path: Assets/Stylized NPC - Peasant Nolant/Animator/Animator Controller.controller
  artifactKey: Guid(fecf6d756e0aaae41ada7c746eed59b9) Importer(2089858483,192608db42251d675da83286b1cce702)
Start importing Assets/Stylized NPC - Peasant Nolant/Animator/Animator Controller.controller using Guid(fecf6d756e0aaae41ada7c746eed59b9) Importer(2089858483,192608db42251d675da83286b1cce702) (ScriptedImporter) -> (artifact id: 'cf942014c12731521d8a62f9ec345b13') in 0.1193523 seconds
Number of updated asset objects reloaded before import = 0Number of asset objects unloaded after import = 28

========================================================================
Received Import Request.
  Time since last request: 0.596327 seconds.
  path: Assets/Stylized NPC - Peasant Nolant/Models/Peasant Nolant(Free Version).fbx
  artifactKey: Guid(de76d67d0ab88dc439b10b32370775ea) Importer(2089858483,192608db42251d675da83286b1cce702)
Start importing Assets/Stylized NPC - Peasant Nolant/Models/Peasant Nolant(Free Version).fbx using Guid(de76d67d0ab88dc439b10b32370775ea) Importer(2089858483,192608db42251d675da83286b1cce702) (ScriptedImporter) -> (artifact id: 'cb6a8d551faf5a9a012f79d823e89fa2') in 0.0782874 seconds
Number of updated asset objects reloaded before import = 0Number of asset objects unloaded after import = 109

========================================================================
Received Import Request.
  Time since last request: 0.000029 seconds.
  path: Assets/TextMesh Pro/Shaders/TMP_SDF-URP Lit.shadergraph
  artifactKey: Guid(a3d800b099a06e0478fb790c5e79057a) Importer(2089858483,192608db42251d675da83286b1cce702)
Start importing Assets/TextMesh Pro/Shaders/TMP_SDF-URP Lit.shadergraph using Guid(a3d800b099a06e0478fb790c5e79057a) Importer(2089858483,192608db42251d675da83286b1cce702) (ScriptedImporter) -> (artifact id: '59ffa37254319e0b3fbe491462245dbf') in 0.049962 seconds
Number of updated asset objects reloaded before import = 0Number of asset objects unloaded after import = 4

========================================================================
Received Import Request.
  Time since last request: 0.000038 seconds.
  path: Assets/TextMesh Pro/Shaders/TMPro.cginc
  artifactKey: Guid(407bc68d299748449bbf7f48ee690f8d) Importer(2089858483,192608db42251d675da83286b1cce702)
Start importing Assets/TextMesh Pro/Shaders/TMPro.cginc using Guid(407bc68d299748449bbf7f48ee690f8d) Importer(2089858483,192608db42251d675da83286b1cce702) (ScriptedImporter) -> (artifact id: '4598b4789c216f520b0fdd985a73c8d7') in 0.0218241 seconds
Number of updated asset objects reloaded before import = 0Number of asset objects unloaded after import = 1

========================================================================
Received Import Request.
  Time since last request: 0.000276 seconds.
  path: Assets/lineAcross_ENV.forest/Prefabs/MadePrefPreFabs/floor.prefab
  artifactKey: Guid(22186440a832d4c4d8eb7fa81c205da1) Importer(2089858483,192608db42251d675da83286b1cce702)
Start importing Assets/lineAcross_ENV.forest/Prefabs/MadePrefPreFabs/floor.prefab using Guid(22186440a832d4c4d8eb7fa81c205da1) Importer(2089858483,192608db42251d675da83286b1cce702) (ScriptedImporter) -> (artifact id: 'e7f6b6d450378ee84673a4ca0092d7df') in 0.0240509 seconds
Number of updated asset objects reloaded before import = 0Number of asset objects unloaded after import = 113

========================================================================
Received Import Request.
  Time since last request: 0.000024 seconds.
  path: Assets/lineAcross_ENV.forest/Prefabs/DecorationPreFabs/shelf_3a.prefab
  artifactKey: Guid(91ba59036b39b3d4f9a38c6b502d4913) Importer(2089858483,192608db42251d675da83286b1cce702)
Start importing Assets/lineAcross_ENV.forest/Prefabs/DecorationPreFabs/shelf_3a.prefab using Guid(91ba59036b39b3d4f9a38c6b502d4913) Importer(2089858483,192608db42251d675da83286b1cce702) (ScriptedImporter) -> (artifact id: 'fe17d1b60a33097e3756707a7bc40664') in 0.0263362 seconds
Number of updated asset objects reloaded before import = 0Number of asset objects unloaded after import = 7

========================================================================
Received Import Request.
  Time since last request: 0.000188 seconds.
  path: Assets/lineAcross_ENV.forest/Prefabs/GrassFlowersPreFabs/Bush_1a.prefab
  artifactKey: Guid(dc71d53449fb4964ba24a023c9b70bc6) Importer(2089858483,192608db42251d675da83286b1cce702)
Start importing Assets/lineAcross_ENV.forest/Prefabs/GrassFlowersPreFabs/Bush_1a.prefab using Guid(dc71d53449fb4964ba24a023c9b70bc6) Importer(2089858483,192608db42251d675da83286b1cce702) (ScriptedImporter) -> (artifact id: 'c5308a93c8d7ff343ff6c6059aadb77a') in 0.0235456 seconds
Number of updated asset objects reloaded before import = 0Number of asset objects unloaded after import = 7

========================================================================
Received Import Request.
  Time since last request: 0.000163 seconds.
  path: Assets/lineAcross_ENV.forest/Prefabs/LogsPreFabs/log_3a.prefab
  artifactKey: Guid(beb6c97a3fa5b354b8976e29437598ae) Importer(2089858483,192608db42251d675da83286b1cce702)
Start importing Assets/lineAcross_ENV.forest/Prefabs/LogsPreFabs/log_3a.prefab using Guid(beb6c97a3fa5b354b8976e29437598ae) Importer(2089858483,192608db42251d675da83286b1cce702) (ScriptedImporter) -> (artifact id: 'd2e246c4d9f8a944512b821debf46d58') in 0.0255348 seconds
Number of updated asset objects reloaded before import = 0Number of asset objects unloaded after import = 7

========================================================================
Received Import Request.
  Time since last request: 0.000026 seconds.
  path: Assets/lineAcross_ENV.forest/Prefabs/LogsPreFabs/wood_2a.prefab
  artifactKey: Guid(3839813c0ffec2f4a8f2a7d5d6bc7699) Importer(2089858483,192608db42251d675da83286b1cce702)
Start importing Assets/lineAcross_ENV.forest/Prefabs/LogsPreFabs/wood_2a.prefab using Guid(3839813c0ffec2f4a8f2a7d5d6bc7699) Importer(2089858483,192608db42251d675da83286b1cce702) (ScriptedImporter) -> (artifact id: 'f720c45a74745f35e1f5ae45ec2eaa00') in 0.0239314 seconds
Number of updated asset objects reloaded before import = 0Number of asset objects unloaded after import = 7

========================================================================
Received Import Request.
  Time since last request: 0.000205 seconds.
  path: Assets/lineAcross_ENV.forest/Prefabs/DecorationPreFabs/chair_2a.prefab
  artifactKey: Guid(503f700d6b2a3264886e16041caeb94e) Importer(2089858483,192608db42251d675da83286b1cce702)
Start importing Assets/lineAcross_ENV.forest/Prefabs/DecorationPreFabs/chair_2a.prefab using Guid(503f700d6b2a3264886e16041caeb94e) Importer(2089858483,192608db42251d675da83286b1cce702) (ScriptedImporter) -> (artifact id: 'f6dbf874a9f9d10b81b2e8928e5a686f') in 0.017861 seconds
Number of updated asset objects reloaded before import = 0Number of asset objects unloaded after import = 7

Editor requested this worker to shutdown with reason: balancing worker count downwards
AssetImportWorker is now disconnected from the server
Process exiting
Exiting without the bug reporter. Application will terminate with return code 0