Using pre-set license
Built from '2023.2/staging' branch; Version is '2023.2.20f1 (0e25a174756c) revision 927137'; Using compiler version '193431935'; Build Type 'Release'
OS: 'Windows 11  (10.0.26100) 64bit Professional' Language: 'ko' Physical Memory: 32509 MB
BatchMode: 1, IsHumanControllingUs: 0, StartBugReporterOnCrash: 0, Is64bit: 1, IsPro: 1

COMMAND LINE ARGUMENTS:
C:\Program Files\Unity\Hub\Editor\2023.2.20f1\Editor\Unity.exe
-adb2
-batchMode
-noUpm
-name
AssetImportWorker10
-projectPath
C:/Users/user/ProjTest2/Proj
-logFile
Logs/AssetImportWorker10.log
-srvPort
55995
-job-worker-count
11
-background-job-worker-count
8
-asset-garbage-collectors
1
Successfully changed project path to: C:/Users/user/ProjTest2/Proj
C:/Users/user/ProjTest2/Proj
[UnityMemory] Configuration Parameters - Can be set up in boot.config
    "memorysetup-bucket-allocator-granularity=16"
    "memorysetup-bucket-allocator-bucket-count=8"
    "memorysetup-bucket-allocator-block-size=33554432"
    "memorysetup-bucket-allocator-block-count=8"
    "memorysetup-main-allocator-block-size=16777216"
    "memorysetup-thread-allocator-block-size=16777216"
    "memorysetup-gfx-main-allocator-block-size=16777216"
    "memorysetup-gfx-thread-allocator-block-size=16777216"
    "memorysetup-cache-allocator-block-size=4194304"
    "memorysetup-typetree-allocator-block-size=2097152"
    "memorysetup-profiler-bucket-allocator-granularity=16"
    "memorysetup-profiler-bucket-allocator-bucket-count=8"
    "memorysetup-profiler-bucket-allocator-block-size=33554432"
    "memorysetup-profiler-bucket-allocator-block-count=8"
    "memorysetup-profiler-allocator-block-size=16777216"
    "memorysetup-profiler-editor-allocator-block-size=1048576"
    "memorysetup-temp-allocator-size-main=16777216"
    "memorysetup-job-temp-allocator-block-size=2097152"
    "memorysetup-job-temp-allocator-block-size-background=1048576"
    "memorysetup-job-temp-allocator-reduction-small-platforms=262144"
    "memorysetup-allocator-temp-initial-block-size-main=262144"
    "memorysetup-allocator-temp-initial-block-size-worker=262144"
    "memorysetup-temp-allocator-size-background-worker=32768"
    "memorysetup-temp-allocator-size-job-worker=262144"
    "memorysetup-temp-allocator-size-preload-manager=33554432"
    "memorysetup-temp-allocator-size-nav-mesh-worker=65536"
    "memorysetup-temp-allocator-size-audio-worker=65536"
    "memorysetup-temp-allocator-size-cloud-worker=32768"
    "memorysetup-temp-allocator-size-gi-baking-worker=262144"
    "memorysetup-temp-allocator-size-gi-baking-worker=262144"
    "memorysetup-temp-allocator-size-gi-baking-worker=262144"
    "memorysetup-temp-allocator-size-gi-baking-worker=262144"
    "memorysetup-temp-allocator-size-gfx=262144"
Player connection [16076] Host "[IP] 192.168.0.184 [Port] 0 [Flags] 2 [Guid] 2947082875 [EditorId] 2947082875 [Version] 1048832 [Id] WindowsEditor(7,DESKTOP-J8JLBSO) [Debug] 1 [PackageName] WindowsEditor [ProjectName] Editor" joined multi-casting on [225.0.0.222:54997]...
Player connection [16076] Host "[IP] 192.168.0.184 [Port] 0 [Flags] 2 [Guid] 2947082875 [EditorId] 2947082875 [Version] 1048832 [Id] WindowsEditor(7,DESKTOP-J8JLBSO) [Debug] 1 [PackageName] WindowsEditor [ProjectName] Editor" joined alternative multi-casting on [225.0.0.222:34997]...
JobSystem: Creating JobQueue using job-worker-count value 11
[Physics::Module] Initialized MultithreadedJobDispatcher with 11 workers.
Library Redirect Path: Library/
Refreshing native plugins compatible for Editor in 7.22 ms, found 8 plugins.
Preloading 0 native plugins for Editor in 0.00 ms.
Initialize engine version: 2023.2.20f1 (0e25a174756c)
[Subsystems] Discovering subsystems at path C:/Program Files/Unity/Hub/Editor/2023.2.20f1/Editor/Data/Resources/UnitySubsystems
[Subsystems] Discovering subsystems at path C:/Users/user/ProjTest2/Proj/Assets
GfxDevice: creating device client; kGfxThreadingModeNonThreaded
Direct3D:
    Version:  Direct3D 11.0 [level 11.1]
    Renderer: NVIDIA GeForce RTX 4060 (ID=0x2882)
    Vendor:   NVIDIA
    VRAM:     7957 MB
    Driver:   32.0.15.6094
Initialize mono
Mono path[0] = 'C:/Program Files/Unity/Hub/Editor/2023.2.20f1/Editor/Data/Managed'
Mono path[1] = 'C:/Program Files/Unity/Hub/Editor/2023.2.20f1/Editor/Data/MonoBleedingEdge/lib/mono/unityjit-win32'
Mono config path = 'C:/Program Files/Unity/Hub/Editor/2023.2.20f1/Editor/Data/MonoBleedingEdge/etc'
Using monoOptions --debugger-agent=transport=dt_socket,embedding=1,server=y,suspend=n,address=127.0.0.1:56256
Begin MonoManager ReloadAssembly
Registering precompiled unity dll's ...
Register platform support module: C:/Program Files/Unity/Hub/Editor/2023.2.20f1/Editor/Data/PlaybackEngines/WindowsStandaloneSupport/UnityEditor.WindowsStandalone.Extensions.dll
Registered in 0.002181 seconds.
- Loaded All Assemblies, in  0.431 seconds
Native extension for WindowsStandalone target not found
Mono: successfully reloaded assembly
- Finished resetting the current domain, in  0.328 seconds
Domain Reload Profiling: 757ms
	BeginReloadAssembly (149ms)
		ExecutionOrderSort (0ms)
		DisableScriptedObjects (0ms)
		BackupInstance (0ms)
		ReleaseScriptingObjects (0ms)
		CreateAndSetChildDomain (1ms)
	RebuildCommonClasses (40ms)
	RebuildNativeTypeToScriptingClass (14ms)
	initialDomainReloadingComplete (50ms)
	LoadAllAssembliesAndSetupDomain (176ms)
		LoadAssemblies (146ms)
		RebuildTransferFunctionScriptingTraits (0ms)
		AnalyzeDomain (173ms)
			TypeCache.Refresh (171ms)
				TypeCache.ScanAssembly (156ms)
			BuildScriptInfoCaches (0ms)
			ResolveRequiredComponents (0ms)
	FinalizeReload (328ms)
		ReleaseScriptCaches (0ms)
		RebuildScriptCaches (0ms)
		SetupLoadedEditorAssemblies (265ms)
			LogAssemblyErrors (0ms)
			InitializePlatformSupportModulesInManaged (9ms)
			SetLoadedEditorAssemblies (6ms)
			BeforeProcessingInitializeOnLoad (6ms)
			ProcessInitializeOnLoadAttributes (185ms)
			ProcessInitializeOnLoadMethodAttributes (57ms)
			AfterProcessingInitializeOnLoad (0ms)
			EditorAssembliesLoaded (0ms)
		ExecutionOrderSort2 (0ms)
		AwakeInstancesAfterBackupRestoration (0ms)
========================================================================
Worker process is ready to serve import requests
Import Worker Mode flag is 0x00
Begin MonoManager ReloadAssembly
Symbol file LoadedFromMemory doesn't match image C:\Users\user\ProjTest2\Proj\Library\PackageCache\com.unity.visualscripting@1.8.0\Editor\VisualScripting.Core\Dependencies\YamlDotNet\Unity.VisualScripting.YamlDotNet.dll
Symbol file LoadedFromMemory doesn't match image C:\Users\user\ProjTest2\Proj\Library\PackageCache\com.unity.visualscripting@1.8.0\Editor\VisualScripting.Core\Dependencies\DotNetZip\Unity.VisualScripting.IonicZip.dll
Symbol file LoadedFromMemory is not a mono symbol file
- Loaded All Assemblies, in  1.552 seconds
Refreshing native plugins compatible for Editor in 7.40 ms, found 8 plugins.
Native extension for WindowsStandalone target not found
Refreshing native plugins compatible for Editor in 5.78 ms, found 8 plugins.
Mono: successfully reloaded assembly
- Finished resetting the current domain, in  1.081 seconds
Domain Reload Profiling: 2628ms
	BeginReloadAssembly (463ms)
		ExecutionOrderSort (0ms)
		DisableScriptedObjects (7ms)
		BackupInstance (0ms)
		ReleaseScriptingObjects (0ms)
		CreateAndSetChildDomain (44ms)
	RebuildCommonClasses (47ms)
	RebuildNativeTypeToScriptingClass (15ms)
	initialDomainReloadingComplete (48ms)
	LoadAllAssembliesAndSetupDomain (973ms)
		LoadAssemblies (685ms)
		RebuildTransferFunctionScriptingTraits (0ms)
		AnalyzeDomain (422ms)
			TypeCache.Refresh (337ms)
				TypeCache.ScanAssembly (301ms)
			BuildScriptInfoCaches (65ms)
			ResolveRequiredComponents (14ms)
	FinalizeReload (1082ms)
		ReleaseScriptCaches (0ms)
		RebuildScriptCaches (0ms)
		SetupLoadedEditorAssemblies (818ms)
			LogAssemblyErrors (0ms)
			InitializePlatformSupportModulesInManaged (2ms)
			SetLoadedEditorAssemblies (6ms)
			BeforeProcessingInitializeOnLoad (82ms)
			ProcessInitializeOnLoadAttributes (500ms)
			ProcessInitializeOnLoadMethodAttributes (223ms)
			AfterProcessingInitializeOnLoad (4ms)
			EditorAssembliesLoaded (0ms)
		ExecutionOrderSort2 (0ms)
		AwakeInstancesAfterBackupRestoration (10ms)
Launched and connected shader compiler UnityShaderCompiler.exe after 0.39 seconds
Refreshing native plugins compatible for Editor in 5.09 ms, found 8 plugins.
Preloading 0 native plugins for Editor in 0.00 ms.
Unloading 202 Unused Serialized files (Serialized files now loaded: 0)
Unloading 7573 unused Assets / (7.5 MB). Loaded Objects now: 8260.
Memory consumption went from 193.5 MB to 186.0 MB.
Total: 18.274300 ms (FindLiveObjects: 2.064800 ms CreateObjectMapping: 0.781700 ms MarkObjects: 10.341200 ms  DeleteObjects: 5.085000 ms)

========================================================================
Received Import Request.
  Time since last request: 749699.625695 seconds.
  path: Assets/RPG_inventory_icons/hp.png
  artifactKey: Guid(e52ea25af699fd445b7046374f81a5b9) Importer(2089858483,192608db42251d675da83286b1cce702)
Start importing Assets/RPG_inventory_icons/hp.png using Guid(e52ea25af699fd445b7046374f81a5b9) Importer(2089858483,192608db42251d675da83286b1cce702) (ScriptedImporter) -> (artifact id: 'c5a89e099451d61ca0e7215ab48c9acf') in 0.2786608 seconds
Number of updated asset objects reloaded before import = 0Number of asset objects unloaded after import = 3

========================================================================
Received Import Request.
  Time since last request: 0.001301 seconds.
  path: Assets/Low Poly Nature Pack Lite/Prefabs/mushroom01_brown.prefab
  artifactKey: Guid(e87b5fddab31eec41ad27cb84a974112) Importer(2089858483,3d70f49cd1c2eb9ae422958d1c652c6b)
Start importing Assets/Low Poly Nature Pack Lite/Prefabs/mushroom01_brown.prefab using Guid(e87b5fddab31eec41ad27cb84a974112) Importer(2089858483,3d70f49cd1c2eb9ae422958d1c652c6b) (ScriptedImporter) -> (artifact id: '5a3328a8dce97a21e48c32d6bfc51138') in 0.0225115 seconds
Number of updated asset objects reloaded before import = 0Number of asset objects unloaded after import = 8

========================================================================
Received Import Request.
  Time since last request: 0.000183 seconds.
  path: Assets/lineAcross_ENV.forest/Prefabs/RocksPreFabs/rock_2a.prefab
  artifactKey: Guid(aafd6121322a1a246bae6549c462a8a4) Importer(2089858483,3d70f49cd1c2eb9ae422958d1c652c6b)
Start importing Assets/lineAcross_ENV.forest/Prefabs/RocksPreFabs/rock_2a.prefab using Guid(aafd6121322a1a246bae6549c462a8a4) Importer(2089858483,3d70f49cd1c2eb9ae422958d1c652c6b) (ScriptedImporter) -> (artifact id: '6afc29dfc76d5d694bf0ad9690308ece') in 0.0124578 seconds
Number of updated asset objects reloaded before import = 0Number of asset objects unloaded after import = 8

========================================================================
Received Import Request.
  Time since last request: 0.003645 seconds.
  path: Assets/LowPoly Environment Pack/Prefabs/Mounting_1.prefab
  artifactKey: Guid(e05ee61d6dad0e54eb51d1c8ec3becc6) Importer(2089858483,3d70f49cd1c2eb9ae422958d1c652c6b)
Start importing Assets/LowPoly Environment Pack/Prefabs/Mounting_1.prefab using Guid(e05ee61d6dad0e54eb51d1c8ec3becc6) Importer(2089858483,3d70f49cd1c2eb9ae422958d1c652c6b) (ScriptedImporter) -> (artifact id: '32ebe56bdc7414bd1d8e90503dbb71b4') in 0.0144639 seconds
Number of updated asset objects reloaded before import = 0Number of asset objects unloaded after import = 9

========================================================================
Received Import Request.
  Time since last request: 0.000028 seconds.
  path: Assets/Scenes/SampleScene.unity
  artifactKey: Guid(9fc0d4010bbf28b4594072e72b8655ab) Importer(2089858483,192608db42251d675da83286b1cce702)
Start importing Assets/Scenes/SampleScene.unity using Guid(9fc0d4010bbf28b4594072e72b8655ab) Importer(2089858483,192608db42251d675da83286b1cce702) (ScriptedImporter) -> (artifact id: '4e6cc56dc09dae97e9d592ace739d692') in 0.0148329 seconds
Number of updated asset objects reloaded before import = 0Number of asset objects unloaded after import = 1

========================================================================
Received Import Request.
  Time since last request: 0.003178 seconds.
  path: Assets/Aligned Games/Polygonal Foliage Asset Package/Models/Rocks/Rock17/rock_17.prefab
  artifactKey: Guid(8dc7ddd28225a0f42b9f1a862a77828b) Importer(2089858483,3d70f49cd1c2eb9ae422958d1c652c6b)
Start importing Assets/Aligned Games/Polygonal Foliage Asset Package/Models/Rocks/Rock17/rock_17.prefab using Guid(8dc7ddd28225a0f42b9f1a862a77828b) Importer(2089858483,3d70f49cd1c2eb9ae422958d1c652c6b) (ScriptedImporter) -> (artifact id: '1c31a8f2df51546748e12142ad350238') in 0.014915 seconds
Number of updated asset objects reloaded before import = 0Number of asset objects unloaded after import = 9

========================================================================
Received Import Request.
  Time since last request: 0.000027 seconds.
  path: Assets/Aligned Games/Polygonal Foliage Asset Package/Models/Logs/Log1/log_1.prefab
  artifactKey: Guid(f538c1fe326dc0944b6e90efddf4ce63) Importer(2089858483,3d70f49cd1c2eb9ae422958d1c652c6b)
Start importing Assets/Aligned Games/Polygonal Foliage Asset Package/Models/Logs/Log1/log_1.prefab using Guid(f538c1fe326dc0944b6e90efddf4ce63) Importer(2089858483,3d70f49cd1c2eb9ae422958d1c652c6b) (ScriptedImporter) -> (artifact id: '31ec59a11b95c4cf373730fea56d177f') in 0.012718 seconds
Number of updated asset objects reloaded before import = 0Number of asset objects unloaded after import = 9

========================================================================
Received Import Request.
  Time since last request: 0.001628 seconds.
  path: Assets/Aligned Games/Polygonal Foliage Asset Package/Models/Mushrooms/Mushroom1/mushroom_1.prefab
  artifactKey: Guid(5ddf778edb25e104c9b02819ac2335af) Importer(2089858483,3d70f49cd1c2eb9ae422958d1c652c6b)
Start importing Assets/Aligned Games/Polygonal Foliage Asset Package/Models/Mushrooms/Mushroom1/mushroom_1.prefab using Guid(5ddf778edb25e104c9b02819ac2335af) Importer(2089858483,3d70f49cd1c2eb9ae422958d1c652c6b) (ScriptedImporter) -> (artifact id: '79b6022903c369fa713ac1464e8d87d7') in 0.0132977 seconds
Number of updated asset objects reloaded before import = 0Number of asset objects unloaded after import = 9

========================================================================
Received Import Request.
  Time since last request: 0.000754 seconds.
  path: Assets/Aligned Games/Polygonal Foliage Asset Package/Models/Rocks/Rock19/rock_19.prefab
  artifactKey: Guid(ac4a9b56ec2e59e458a10630513ac2e3) Importer(2089858483,3d70f49cd1c2eb9ae422958d1c652c6b)
Start importing Assets/Aligned Games/Polygonal Foliage Asset Package/Models/Rocks/Rock19/rock_19.prefab using Guid(ac4a9b56ec2e59e458a10630513ac2e3) Importer(2089858483,3d70f49cd1c2eb9ae422958d1c652c6b) (ScriptedImporter) -> (artifact id: 'b9a7fc17c2ba7e9826c094b4bba8bbd9') in 0.0179915 seconds
Number of updated asset objects reloaded before import = 0Number of asset objects unloaded after import = 9

========================================================================
Received Import Request.
  Time since last request: 0.000200 seconds.
  path: Assets/Aligned Games/Polygonal Foliage Asset Package/Models/Plants/Plant7/plant_7.prefab
  artifactKey: Guid(bbb0ac67dc34f944785228d04e038485) Importer(2089858483,3d70f49cd1c2eb9ae422958d1c652c6b)
Start importing Assets/Aligned Games/Polygonal Foliage Asset Package/Models/Plants/Plant7/plant_7.prefab using Guid(bbb0ac67dc34f944785228d04e038485) Importer(2089858483,3d70f49cd1c2eb9ae422958d1c652c6b) (ScriptedImporter) -> (artifact id: 'bf0f8acadbf127d03703b1d5e665a604') in 0.0132952 seconds
Number of updated asset objects reloaded before import = 0Number of asset objects unloaded after import = 9

========================================================================
Received Import Request.
  Time since last request: 0.000924 seconds.
  path: Assets/Aligned Games/Polygonal Foliage Asset Package/Models/Plants/Plant10/plant_10.prefab
  artifactKey: Guid(cde91130bdc27f048a43ca54fa3d6aa6) Importer(2089858483,3d70f49cd1c2eb9ae422958d1c652c6b)
Start importing Assets/Aligned Games/Polygonal Foliage Asset Package/Models/Plants/Plant10/plant_10.prefab using Guid(cde91130bdc27f048a43ca54fa3d6aa6) Importer(2089858483,3d70f49cd1c2eb9ae422958d1c652c6b) (ScriptedImporter) -> (artifact id: '904df34f15c283f48b67c71c4f5ca0d7') in 0.0178151 seconds
Number of updated asset objects reloaded before import = 0Number of asset objects unloaded after import = 9

========================================================================
Received Import Request.
  Time since last request: 0.000022 seconds.
  path: Assets/Aligned Games/Polygonal Foliage Asset Package/Models/Plants/Plant1/plant_1.prefab
  artifactKey: Guid(0f59c6f63553c7744ac3d7f67c8f0821) Importer(2089858483,3d70f49cd1c2eb9ae422958d1c652c6b)
Start importing Assets/Aligned Games/Polygonal Foliage Asset Package/Models/Plants/Plant1/plant_1.prefab using Guid(0f59c6f63553c7744ac3d7f67c8f0821) Importer(2089858483,3d70f49cd1c2eb9ae422958d1c652c6b) (ScriptedImporter) -> (artifact id: '03cb00eee4f8b814ea332482d09c218e') in 0.0141926 seconds
Number of updated asset objects reloaded before import = 0Number of asset objects unloaded after import = 9

========================================================================
Received Import Request.
  Time since last request: 0.000023 seconds.
  path: Assets/LowPoly Environment Pack/Prefabs/Log_3.prefab
  artifactKey: Guid(d7de6c400fc6dce4e847672adb026364) Importer(2089858483,3d70f49cd1c2eb9ae422958d1c652c6b)
Start importing Assets/LowPoly Environment Pack/Prefabs/Log_3.prefab using Guid(d7de6c400fc6dce4e847672adb026364) Importer(2089858483,3d70f49cd1c2eb9ae422958d1c652c6b) (ScriptedImporter) -> (artifact id: '0381b304c1d6ec6d00d19749eb8b978e') in 0.0245089 seconds
Number of updated asset objects reloaded before import = 0Number of asset objects unloaded after import = 9

========================================================================
Received Import Request.
  Time since last request: 0.004989 seconds.
  path: Assets/RPG_inventory_icons/coins.png
  artifactKey: Guid(3676a0b185daeb54fb257f700ba7ead4) Importer(2089858483,192608db42251d675da83286b1cce702)
Start importing Assets/RPG_inventory_icons/coins.png using Guid(3676a0b185daeb54fb257f700ba7ead4) Importer(2089858483,192608db42251d675da83286b1cce702) (ScriptedImporter) -> (artifact id: '25ddeab16027c7c8dd1a6a871b57e727') in 0.0282824 seconds
Number of updated asset objects reloaded before import = 0Number of asset objects unloaded after import = 3

========================================================================
Received Import Request.
  Time since last request: 0.000948 seconds.
  path: Assets/Low Poly Nature Pack Lite/Models/plant02.fbx
  artifactKey: Guid(ef7af34a0f5b0d04d8e97e8a8b4ff06a) Importer(2089858483,192608db42251d675da83286b1cce702)
Start importing Assets/Low Poly Nature Pack Lite/Models/plant02.fbx using Guid(ef7af34a0f5b0d04d8e97e8a8b4ff06a) Importer(2089858483,192608db42251d675da83286b1cce702) (ScriptedImporter) -> (artifact id: '1d1289d46f7890de1a201464d113b1a9') in 0.0528014 seconds
Number of updated asset objects reloaded before import = 0Number of asset objects unloaded after import = 7

========================================================================
Received Import Request.
  Time since last request: 0.000616 seconds.
  path: Assets/Low Poly Nature Pack Lite/Models/flower02_orange.fbx
  artifactKey: Guid(a032ea3c9d385fb438e4e1b935f87514) Importer(2089858483,192608db42251d675da83286b1cce702)
Start importing Assets/Low Poly Nature Pack Lite/Models/flower02_orange.fbx using Guid(a032ea3c9d385fb438e4e1b935f87514) Importer(2089858483,192608db42251d675da83286b1cce702) (ScriptedImporter) -> (artifact id: '897dd92942d071286bdd4cdd81697fa1') in 0.0236928 seconds
Number of updated asset objects reloaded before import = 0Number of asset objects unloaded after import = 7

========================================================================
Received Import Request.
  Time since last request: 0.001743 seconds.
  path: Assets/lineAcross_ENV.forest/Rocks/Rock_8b.fbx
  artifactKey: Guid(bd209406beeb02e49b849b8a50276b35) Importer(2089858483,192608db42251d675da83286b1cce702)
Start importing Assets/lineAcross_ENV.forest/Rocks/Rock_8b.fbx using Guid(bd209406beeb02e49b849b8a50276b35) Importer(2089858483,192608db42251d675da83286b1cce702) (ScriptedImporter) -> (artifact id: '6b43e0cdc1de9f2649b6ba90c501f8d6') in 0.039329 seconds
Number of updated asset objects reloaded before import = 0Number of asset objects unloaded after import = 10

========================================================================
Received Import Request.
  Time since last request: 0.000204 seconds.
  path: Assets/Low Poly Nature Pack Lite/Prefabs/bush_berries_empty.prefab
  artifactKey: Guid(7296abd22d2054d45935af69b0faa62b) Importer(2089858483,192608db42251d675da83286b1cce702)
Start importing Assets/Low Poly Nature Pack Lite/Prefabs/bush_berries_empty.prefab using Guid(7296abd22d2054d45935af69b0faa62b) Importer(2089858483,192608db42251d675da83286b1cce702) (ScriptedImporter) -> (artifact id: '9c8e42d1d83f98a77a539550be52cd3b') in 0.0264196 seconds
Number of updated asset objects reloaded before import = 0Number of asset objects unloaded after import = 7

========================================================================
Received Import Request.
  Time since last request: 0.002198 seconds.
  path: Assets/Low Poly Nature Pack Lite/Prefabs/grass02.prefab
  artifactKey: Guid(c3348c998aa1a2945b579c27376b3b95) Importer(2089858483,192608db42251d675da83286b1cce702)
Start importing Assets/Low Poly Nature Pack Lite/Prefabs/grass02.prefab using Guid(c3348c998aa1a2945b579c27376b3b95) Importer(2089858483,192608db42251d675da83286b1cce702) (ScriptedImporter) -> (artifact id: '5797efe4b78118e63eff1991f7338eb9') in 0.0275126 seconds
Number of updated asset objects reloaded before import = 0Number of asset objects unloaded after import = 7

========================================================================
Received Import Request.
  Time since last request: 0.000201 seconds.
  path: Assets/lineAcross_ENV.forest/Trees/tree_3a.fbx
  artifactKey: Guid(87bd950510f8caa4baf39adbc9e2c074) Importer(2089858483,192608db42251d675da83286b1cce702)
Start importing Assets/lineAcross_ENV.forest/Trees/tree_3a.fbx using Guid(87bd950510f8caa4baf39adbc9e2c074) Importer(2089858483,192608db42251d675da83286b1cce702) (ScriptedImporter) -> (artifact id: '4c8970e538af48a40c1675e73e56ac5e') in 0.0247284 seconds
Number of updated asset objects reloaded before import = 0Number of asset objects unloaded after import = 10

========================================================================
Received Import Request.
  Time since last request: 0.001885 seconds.
  path: Assets/lineAcross_ENV.forest/Rocks/rock_7b_001.fbx
  artifactKey: Guid(ebaaf041a49222a49a291b57eab9c880) Importer(2089858483,192608db42251d675da83286b1cce702)
Start importing Assets/lineAcross_ENV.forest/Rocks/rock_7b_001.fbx using Guid(ebaaf041a49222a49a291b57eab9c880) Importer(2089858483,192608db42251d675da83286b1cce702) (ScriptedImporter) -> (artifact id: 'f936bb6296c9539cec3537d4f871ce20') in 0.0228809 seconds
Number of updated asset objects reloaded before import = 0Number of asset objects unloaded after import = 10

========================================================================
Received Import Request.
  Time since last request: 0.000533 seconds.
  path: Assets/lineAcross_ENV.forest/Trees/tree_5a.fbx
  artifactKey: Guid(f3be35b181dc05a4fbca070dd6452bd0) Importer(2089858483,192608db42251d675da83286b1cce702)
Start importing Assets/lineAcross_ENV.forest/Trees/tree_5a.fbx using Guid(f3be35b181dc05a4fbca070dd6452bd0) Importer(2089858483,192608db42251d675da83286b1cce702) (ScriptedImporter) -> (artifact id: '33b7aad19fca09df8da70ca0c0aee458') in 0.0235541 seconds
Number of updated asset objects reloaded before import = 0Number of asset objects unloaded after import = 10

========================================================================
Received Import Request.
  Time since last request: 0.002880 seconds.
  path: Assets/Aligned Games/Polygonal Foliage Asset Package/Models/Trees/Tree20/tree_20.prefab
  artifactKey: Guid(17a7c916a35ccd742ad5a9f6ea49eefb) Importer(2089858483,3d70f49cd1c2eb9ae422958d1c652c6b)
Start importing Assets/Aligned Games/Polygonal Foliage Asset Package/Models/Trees/Tree20/tree_20.prefab using Guid(17a7c916a35ccd742ad5a9f6ea49eefb) Importer(2089858483,3d70f49cd1c2eb9ae422958d1c652c6b) (ScriptedImporter) -> (artifact id: '82062bcae0633488fe5e7f2fdce78750') in 0.011941 seconds
Number of updated asset objects reloaded before import = 0Number of asset objects unloaded after import = 9

========================================================================
Received Import Request.
  Time since last request: 0.002468 seconds.
  path: Assets/Aligned Games/Polygonal Foliage Asset Package/Models/Trees/Tree3/tree_3.prefab
  artifactKey: Guid(ca160a9ce634ac5428075b1cf5ef480e) Importer(2089858483,3d70f49cd1c2eb9ae422958d1c652c6b)
Start importing Assets/Aligned Games/Polygonal Foliage Asset Package/Models/Trees/Tree3/tree_3.prefab using Guid(ca160a9ce634ac5428075b1cf5ef480e) Importer(2089858483,3d70f49cd1c2eb9ae422958d1c652c6b) (ScriptedImporter) -> (artifact id: '92825a0caabfec268ff1d34ca87d7741') in 0.0126997 seconds
Number of updated asset objects reloaded before import = 0Number of asset objects unloaded after import = 9

========================================================================
Received Import Request.
  Time since last request: 0.000617 seconds.
  path: Assets/lineAcross_ENV.forest/Decoration/chair_1a.fbx
  artifactKey: Guid(f679d55d49020644b99254a66135a92d) Importer(2089858483,192608db42251d675da83286b1cce702)
Start importing Assets/lineAcross_ENV.forest/Decoration/chair_1a.fbx using Guid(f679d55d49020644b99254a66135a92d) Importer(2089858483,192608db42251d675da83286b1cce702) (ScriptedImporter) -> (artifact id: 'd237642de261b35648a7e12a7a04bb1f') in 0.0251021 seconds
Number of updated asset objects reloaded before import = 0Number of asset objects unloaded after import = 10

========================================================================
Received Import Request.
  Time since last request: 0.003078 seconds.
  path: Assets/lineAcross_ENV.forest/Prefabs/RocksPreFabs/rock_2b.prefab
  artifactKey: Guid(b5e9a01413403fe4a94b620c887a44a8) Importer(2089858483,3d70f49cd1c2eb9ae422958d1c652c6b)
Start importing Assets/lineAcross_ENV.forest/Prefabs/RocksPreFabs/rock_2b.prefab using Guid(b5e9a01413403fe4a94b620c887a44a8) Importer(2089858483,3d70f49cd1c2eb9ae422958d1c652c6b) (ScriptedImporter) -> (artifact id: 'd3807b34db4cb0b31aa35855b3395844') in 0.0135596 seconds
Number of updated asset objects reloaded before import = 0Number of asset objects unloaded after import = 8

========================================================================
Received Import Request.
  Time since last request: 0.000219 seconds.
  path: Assets/lineAcross_ENV.forest/Textures/1024 palette.png
  artifactKey: Guid(9c2b07753b2581547aa104391d529c0a) Importer(2089858483,192608db42251d675da83286b1cce702)
Start importing Assets/lineAcross_ENV.forest/Textures/1024 palette.png using Guid(9c2b07753b2581547aa104391d529c0a) Importer(2089858483,192608db42251d675da83286b1cce702) (ScriptedImporter) -> (artifact id: '1682983b62124dc35f9a4ba09a428abe') in 0.0227412 seconds
Number of updated asset objects reloaded before import = 0Number of asset objects unloaded after import = 1

========================================================================
Received Import Request.
  Time since last request: 0.506436 seconds.
  path: Assets/Low Poly Nature Pack Lite/Prefabs/tent_blue.prefab
  artifactKey: Guid(75040bad11b2fb146b490cbeae21fd72) Importer(2089858483,192608db42251d675da83286b1cce702)
Start importing Assets/Low Poly Nature Pack Lite/Prefabs/tent_blue.prefab using Guid(75040bad11b2fb146b490cbeae21fd72) Importer(2089858483,192608db42251d675da83286b1cce702) (ScriptedImporter) -> (artifact id: '9c446a5d72cbc3b1b6a6d27be4045ea4') in 0.027753 seconds
Number of updated asset objects reloaded before import = 0Number of asset objects unloaded after import = 7

========================================================================
Received Import Request.
  Time since last request: 0.000021 seconds.
  path: Assets/Lowpoly Flowers/Materials/blinn16.mat
  artifactKey: Guid(2b1d50fbc808a294b9864b393c9de656) Importer(2089858483,192608db42251d675da83286b1cce702)
Start importing Assets/Lowpoly Flowers/Materials/blinn16.mat using Guid(2b1d50fbc808a294b9864b393c9de656) Importer(2089858483,192608db42251d675da83286b1cce702) (ScriptedImporter) -> (artifact id: '1d052b2e32423fef6877e725627fa0fb') in 0.0191357 seconds
Number of updated asset objects reloaded before import = 0Number of asset objects unloaded after import = 1

========================================================================
Received Import Request.
  Time since last request: 0.000111 seconds.
  path: Assets/StarterAssets/InputSystem/StarterAssets.inputactions
  artifactKey: Guid(4419d82f33d36e848b3ed5af4c8da37e) Importer(2089858483,192608db42251d675da83286b1cce702)
Start importing Assets/StarterAssets/InputSystem/StarterAssets.inputactions using Guid(4419d82f33d36e848b3ed5af4c8da37e) Importer(2089858483,192608db42251d675da83286b1cce702) (ScriptedImporter) -> (artifact id: 'c4fb7de92b36d04776337a0cc0fb11ce') in 0.0394271 seconds
Number of updated asset objects reloaded before import = 0Number of asset objects unloaded after import = 6

========================================================================
Received Import Request.
  Time since last request: 0.007256 seconds.
  path: Assets/LowPoly Environment Pack/FBX/Grass_1.fbx
  artifactKey: Guid(34dfeb3f659c70946a7698f1846d752b) Importer(2089858483,192608db42251d675da83286b1cce702)
Start importing Assets/LowPoly Environment Pack/FBX/Grass_1.fbx using Guid(34dfeb3f659c70946a7698f1846d752b) Importer(2089858483,192608db42251d675da83286b1cce702) (ScriptedImporter) -> (artifact id: '557132cb2fc048634906971c7ae900d5') in 0.018528 seconds
Number of updated asset objects reloaded before import = 0Number of asset objects unloaded after import = 7

========================================================================
Received Import Request.
  Time since last request: 0.000565 seconds.
  path: Assets/LowPoly Environment Pack/Prefabs/Grass_1.prefab
  artifactKey: Guid(b2199aadf1bb8c4449f3edfc84a39f78) Importer(2089858483,192608db42251d675da83286b1cce702)
Start importing Assets/LowPoly Environment Pack/Prefabs/Grass_1.prefab using Guid(b2199aadf1bb8c4449f3edfc84a39f78) Importer(2089858483,192608db42251d675da83286b1cce702) (ScriptedImporter) -> (artifact id: '4daf45f50a2e0b2c7e35dfb862afecc7') in 0.0257502 seconds
Number of updated asset objects reloaded before import = 0Number of asset objects unloaded after import = 7

========================================================================
Received Import Request.
  Time since last request: 0.000026 seconds.
  path: Assets/LowPoly Environment Pack/Prefabs/Plant_1.prefab
  artifactKey: Guid(48ad265f338caaf4da3a864816595b22) Importer(2089858483,192608db42251d675da83286b1cce702)
Start importing Assets/LowPoly Environment Pack/Prefabs/Plant_1.prefab using Guid(48ad265f338caaf4da3a864816595b22) Importer(2089858483,192608db42251d675da83286b1cce702) (ScriptedImporter) -> (artifact id: '00f08b94c70554d1541698ca012b0d47') in 0.0259046 seconds
Number of updated asset objects reloaded before import = 0Number of asset objects unloaded after import = 7

========================================================================
Received Import Request.
  Time since last request: 0.001787 seconds.
  path: Assets/LowPoly Environment Pack/FBX/Grass_2.fbx
  artifactKey: Guid(a0873148ac8296f43bcd8ca9f39271e3) Importer(2089858483,192608db42251d675da83286b1cce702)
Start importing Assets/LowPoly Environment Pack/FBX/Grass_2.fbx using Guid(a0873148ac8296f43bcd8ca9f39271e3) Importer(2089858483,192608db42251d675da83286b1cce702) (ScriptedImporter) -> (artifact id: '13c9b2e45c45067fd0331f60f637d6ad') in 0.0234898 seconds
Number of updated asset objects reloaded before import = 0Number of asset objects unloaded after import = 7

========================================================================
Received Import Request.
  Time since last request: 0.000900 seconds.
  path: Assets/LowPoly Environment Pack/Prefabs/Log_2.prefab
  artifactKey: Guid(7c1b7eb3905d5694688d9bb9fe2c0d47) Importer(2089858483,192608db42251d675da83286b1cce702)
Start importing Assets/LowPoly Environment Pack/Prefabs/Log_2.prefab using Guid(7c1b7eb3905d5694688d9bb9fe2c0d47) Importer(2089858483,192608db42251d675da83286b1cce702) (ScriptedImporter) -> (artifact id: '4694b91ae8009bbd0f2472c3930eab0f') in 0.028489 seconds
Number of updated asset objects reloaded before import = 0Number of asset objects unloaded after import = 7

========================================================================
Received Import Request.
  Time since last request: 0.594446 seconds.
  path: Assets/Stylized NPC - Peasant Nolant/Textures/Peasant Nolant Green.png
  artifactKey: Guid(4cd6644c3000d5440a9d351d817300a0) Importer(2089858483,192608db42251d675da83286b1cce702)
Start importing Assets/Stylized NPC - Peasant Nolant/Textures/Peasant Nolant Green.png using Guid(4cd6644c3000d5440a9d351d817300a0) Importer(2089858483,192608db42251d675da83286b1cce702) (ScriptedImporter) -> (artifact id: 'c065b304dfe768dbd8a4365c1bb39000') in 0.030522 seconds
Number of updated asset objects reloaded before import = 0Number of asset objects unloaded after import = 1

========================================================================
Received Import Request.
  Time since last request: 0.000188 seconds.
  path: Assets/lineAcross_ENV.forest/Prefabs/DecorationPreFabs/streetlamp_1a.prefab
  artifactKey: Guid(8ef6e3d48988b8147ac0403c95c8f649) Importer(2089858483,192608db42251d675da83286b1cce702)
Start importing Assets/lineAcross_ENV.forest/Prefabs/DecorationPreFabs/streetlamp_1a.prefab using Guid(8ef6e3d48988b8147ac0403c95c8f649) Importer(2089858483,192608db42251d675da83286b1cce702) (ScriptedImporter) -> (artifact id: 'd3d5474ff0adc23c17b07fcfe919eb96') in 0.0291173 seconds
Number of updated asset objects reloaded before import = 0Number of asset objects unloaded after import = 7

========================================================================
Received Import Request.
  Time since last request: 0.000204 seconds.
  path: Assets/lineAcross_ENV.forest/Prefabs/LogsPreFabs/wood_1a.prefab
  artifactKey: Guid(0d5a34f834910cb4da2a946d7cec7fa7) Importer(2089858483,192608db42251d675da83286b1cce702)
Start importing Assets/lineAcross_ENV.forest/Prefabs/LogsPreFabs/wood_1a.prefab using Guid(0d5a34f834910cb4da2a946d7cec7fa7) Importer(2089858483,192608db42251d675da83286b1cce702) (ScriptedImporter) -> (artifact id: '39152a7fbc0416a9351bb757342ff11b') in 0.0237167 seconds
Number of updated asset objects reloaded before import = 0Number of asset objects unloaded after import = 7

========================================================================
Received Import Request.
  Time since last request: 0.000174 seconds.
  path: Assets/Aligned Games/Polygonal Foliage Asset Package/Shaders/Cloud.shader
  artifactKey: Guid(13a28cac7ac76004888ec46e06566663) Importer(2089858483,192608db42251d675da83286b1cce702)
Start importing Assets/Aligned Games/Polygonal Foliage Asset Package/Shaders/Cloud.shader using Guid(13a28cac7ac76004888ec46e06566663) Importer(2089858483,192608db42251d675da83286b1cce702) (ScriptedImporter) -> (artifact id: '5f1dc9d65da45367a20e37781fdd83f3') in 0.0177529 seconds
Number of updated asset objects reloaded before import = 0Number of asset objects unloaded after import = 1

========================================================================
Received Import Request.
  Time since last request: 0.000023 seconds.
  path: Assets/lineAcross_ENV.forest/Prefabs/LogsPreFabs/treelog_3a.prefab
  artifactKey: Guid(6764e891d25f53647bb21abee6def661) Importer(2089858483,192608db42251d675da83286b1cce702)
Start importing Assets/lineAcross_ENV.forest/Prefabs/LogsPreFabs/treelog_3a.prefab using Guid(6764e891d25f53647bb21abee6def661) Importer(2089858483,192608db42251d675da83286b1cce702) (ScriptedImporter) -> (artifact id: '6c4fdd1a8cdec3f4311740ed5414c536') in 0.0230115 seconds
Number of updated asset objects reloaded before import = 0Number of asset objects unloaded after import = 7

========================================================================
Received Import Request.
  Time since last request: 0.000041 seconds.
  path: Assets/lineAcross_ENV.forest/Prefabs/LogsPreFabs/treelog_3b.prefab
  artifactKey: Guid(826b2c503096cd143959948eb5e6599a) Importer(2089858483,192608db42251d675da83286b1cce702)
Start importing Assets/lineAcross_ENV.forest/Prefabs/LogsPreFabs/treelog_3b.prefab using Guid(826b2c503096cd143959948eb5e6599a) Importer(2089858483,192608db42251d675da83286b1cce702) (ScriptedImporter) -> (artifact id: 'a386f2cd28c23659b82c4a72f07be207') in 0.0267256 seconds
Number of updated asset objects reloaded before import = 0Number of asset objects unloaded after import = 7

========================================================================
Received Import Request.
  Time since last request: 0.000251 seconds.
  path: Assets/TextMesh Pro/Shaders/TMP_Sprite.shader
  artifactKey: Guid(cf81c85f95fe47e1a27f6ae460cf182c) Importer(2089858483,192608db42251d675da83286b1cce702)
Start importing Assets/TextMesh Pro/Shaders/TMP_Sprite.shader using Guid(cf81c85f95fe47e1a27f6ae460cf182c) Importer(2089858483,192608db42251d675da83286b1cce702) (ScriptedImporter) -> (artifact id: '7f53702a0e37c78a91c426b0a6f382da') in 0.0170874 seconds
Number of updated asset objects reloaded before import = 0Number of asset objects unloaded after import = 1

========================================================================
Received Import Request.
  Time since last request: 0.000023 seconds.
  path: Assets/lineAcross_ENV.forest/Prefabs/DecorationPreFabs/box_2a.prefab
  artifactKey: Guid(8c1c9e9d7b3803841bbc0aa386c1c651) Importer(2089858483,192608db42251d675da83286b1cce702)
Start importing Assets/lineAcross_ENV.forest/Prefabs/DecorationPreFabs/box_2a.prefab using Guid(8c1c9e9d7b3803841bbc0aa386c1c651) Importer(2089858483,192608db42251d675da83286b1cce702) (ScriptedImporter) -> (artifact id: 'a42037488572cc48a694e8308f3c6559') in 0.0261957 seconds
Number of updated asset objects reloaded before import = 0Number of asset objects unloaded after import = 7

========================================================================
Received Import Request.
  Time since last request: 0.000023 seconds.
  path: Assets/TextMesh Pro/Shaders/TMPro_Properties.cginc
  artifactKey: Guid(3997e2241185407d80309a82f9148466) Importer(2089858483,192608db42251d675da83286b1cce702)
Start importing Assets/TextMesh Pro/Shaders/TMPro_Properties.cginc using Guid(3997e2241185407d80309a82f9148466) Importer(2089858483,192608db42251d675da83286b1cce702) (ScriptedImporter) -> (artifact id: 'bef59752771db0190c9fe5ecd3bd98e4') in 0.0200489 seconds
Number of updated asset objects reloaded before import = 0Number of asset objects unloaded after import = 1

========================================================================
Received Import Request.
  Time since last request: 0.000041 seconds.
  path: Assets/Kevin Iglesias/Basic Motions/DemoScene/Basic Motions - Playable Scene.unity
  artifactKey: Guid(d4aea83b35d7e874593d58c8c2300795) Importer(2089858483,192608db42251d675da83286b1cce702)
Start importing Assets/Kevin Iglesias/Basic Motions/DemoScene/Basic Motions - Playable Scene.unity using Guid(d4aea83b35d7e874593d58c8c2300795) Importer(2089858483,192608db42251d675da83286b1cce702) (ScriptedImporter) -> (artifact id: '15b1a25ceb7c6ebd2f5fbf7ba3a6778b') in 0.01904 seconds
Number of updated asset objects reloaded before import = 0Number of asset objects unloaded after import = 1

========================================================================
Received Import Request.
  Time since last request: 0.000383 seconds.
  path: Assets/lineAcross_ENV.forest/Prefabs/LogsPreFabs/woodboard_5a.prefab
  artifactKey: Guid(f302e0db1d16b834bbba3c625d088b17) Importer(2089858483,192608db42251d675da83286b1cce702)
Start importing Assets/lineAcross_ENV.forest/Prefabs/LogsPreFabs/woodboard_5a.prefab using Guid(f302e0db1d16b834bbba3c625d088b17) Importer(2089858483,192608db42251d675da83286b1cce702) (ScriptedImporter) -> (artifact id: 'b6a4608864019239dc389d3c41a25462') in 0.0262513 seconds
Number of updated asset objects reloaded before import = 0Number of asset objects unloaded after import = 7

Editor requested this worker to shutdown with reason: balancing worker count downwards
AssetImportWorker is now disconnected from the server
Process exiting
Exiting without the bug reporter. Application will terminate with return code 0