Using pre-set license
Built from '2023.2/staging' branch; Version is '2023.2.20f1 (0e25a174756c) revision 927137'; Using compiler version '193431935'; Build Type 'Release'
OS: 'Windows 11  (10.0.26100) 64bit Professional' Language: 'ko' Physical Memory: 32509 MB
BatchMode: 1, IsHumanControllingUs: 0, StartBugReporterOnCrash: 0, Is64bit: 1, IsPro: 1

COMMAND LINE ARGUMENTS:
C:\Program Files\Unity\Hub\Editor\2023.2.20f1\Editor\Unity.exe
-adb2
-batchMode
-noUpm
-name
AssetImportWorker4
-projectPath
C:/Users/user/ProjTest2/Proj
-logFile
Logs/AssetImportWorker4.log
-srvPort
55995
-job-worker-count
11
-background-job-worker-count
8
-asset-garbage-collectors
1
Successfully changed project path to: C:/Users/user/ProjTest2/Proj
C:/Users/user/ProjTest2/Proj
[UnityMemory] Configuration Parameters - Can be set up in boot.config
    "memorysetup-bucket-allocator-granularity=16"
    "memorysetup-bucket-allocator-bucket-count=8"
    "memorysetup-bucket-allocator-block-size=33554432"
    "memorysetup-bucket-allocator-block-count=8"
    "memorysetup-main-allocator-block-size=16777216"
    "memorysetup-thread-allocator-block-size=16777216"
    "memorysetup-gfx-main-allocator-block-size=16777216"
    "memorysetup-gfx-thread-allocator-block-size=16777216"
    "memorysetup-cache-allocator-block-size=4194304"
    "memorysetup-typetree-allocator-block-size=2097152"
    "memorysetup-profiler-bucket-allocator-granularity=16"
    "memorysetup-profiler-bucket-allocator-bucket-count=8"
    "memorysetup-profiler-bucket-allocator-block-size=33554432"
    "memorysetup-profiler-bucket-allocator-block-count=8"
    "memorysetup-profiler-allocator-block-size=16777216"
    "memorysetup-profiler-editor-allocator-block-size=1048576"
    "memorysetup-temp-allocator-size-main=16777216"
    "memorysetup-job-temp-allocator-block-size=2097152"
    "memorysetup-job-temp-allocator-block-size-background=1048576"
    "memorysetup-job-temp-allocator-reduction-small-platforms=262144"
    "memorysetup-allocator-temp-initial-block-size-main=262144"
    "memorysetup-allocator-temp-initial-block-size-worker=262144"
    "memorysetup-temp-allocator-size-background-worker=32768"
    "memorysetup-temp-allocator-size-job-worker=262144"
    "memorysetup-temp-allocator-size-preload-manager=33554432"
    "memorysetup-temp-allocator-size-nav-mesh-worker=65536"
    "memorysetup-temp-allocator-size-audio-worker=65536"
    "memorysetup-temp-allocator-size-cloud-worker=32768"
    "memorysetup-temp-allocator-size-gi-baking-worker=262144"
    "memorysetup-temp-allocator-size-gi-baking-worker=262144"
    "memorysetup-temp-allocator-size-gi-baking-worker=262144"
    "memorysetup-temp-allocator-size-gi-baking-worker=262144"
    "memorysetup-temp-allocator-size-gfx=262144"
Player connection [23312] Host "[IP] 192.168.0.184 [Port] 0 [Flags] 2 [Guid] 1391053533 [EditorId] 1391053533 [Version] 1048832 [Id] WindowsEditor(7,DESKTOP-J8JLBSO) [Debug] 1 [PackageName] WindowsEditor [ProjectName] Editor" joined multi-casting on [225.0.0.222:54997]...
Player connection [23312] Host "[IP] 192.168.0.184 [Port] 0 [Flags] 2 [Guid] 1391053533 [EditorId] 1391053533 [Version] 1048832 [Id] WindowsEditor(7,DESKTOP-J8JLBSO) [Debug] 1 [PackageName] WindowsEditor [ProjectName] Editor" joined alternative multi-casting on [225.0.0.222:34997]...
JobSystem: Creating JobQueue using job-worker-count value 11
[Physics::Module] Initialized MultithreadedJobDispatcher with 11 workers.
Library Redirect Path: Library/
Refreshing native plugins compatible for Editor in 8.41 ms, found 8 plugins.
Preloading 0 native plugins for Editor in 0.00 ms.
Initialize engine version: 2023.2.20f1 (0e25a174756c)
[Subsystems] Discovering subsystems at path C:/Program Files/Unity/Hub/Editor/2023.2.20f1/Editor/Data/Resources/UnitySubsystems
[Subsystems] Discovering subsystems at path C:/Users/user/ProjTest2/Proj/Assets
GfxDevice: creating device client; kGfxThreadingModeNonThreaded
Direct3D:
    Version:  Direct3D 11.0 [level 11.1]
    Renderer: NVIDIA GeForce RTX 4060 (ID=0x2882)
    Vendor:   NVIDIA
    VRAM:     7957 MB
    Driver:   32.0.15.6094
Initialize mono
Mono path[0] = 'C:/Program Files/Unity/Hub/Editor/2023.2.20f1/Editor/Data/Managed'
Mono path[1] = 'C:/Program Files/Unity/Hub/Editor/2023.2.20f1/Editor/Data/MonoBleedingEdge/lib/mono/unityjit-win32'
Mono config path = 'C:/Program Files/Unity/Hub/Editor/2023.2.20f1/Editor/Data/MonoBleedingEdge/etc'
Using monoOptions --debugger-agent=transport=dt_socket,embedding=1,server=y,suspend=n,address=127.0.0.1:56652
Begin MonoManager ReloadAssembly
Registering precompiled unity dll's ...
Register platform support module: C:/Program Files/Unity/Hub/Editor/2023.2.20f1/Editor/Data/PlaybackEngines/WindowsStandaloneSupport/UnityEditor.WindowsStandalone.Extensions.dll
Registered in 0.001871 seconds.
- Loaded All Assemblies, in  0.434 seconds
Native extension for WindowsStandalone target not found
Mono: successfully reloaded assembly
- Finished resetting the current domain, in  0.329 seconds
Domain Reload Profiling: 761ms
	BeginReloadAssembly (118ms)
		ExecutionOrderSort (0ms)
		DisableScriptedObjects (0ms)
		BackupInstance (0ms)
		ReleaseScriptingObjects (0ms)
		CreateAndSetChildDomain (1ms)
	RebuildCommonClasses (34ms)
	RebuildNativeTypeToScriptingClass (13ms)
	initialDomainReloadingComplete (48ms)
	LoadAllAssembliesAndSetupDomain (218ms)
		LoadAssemblies (116ms)
		RebuildTransferFunctionScriptingTraits (0ms)
		AnalyzeDomain (214ms)
			TypeCache.Refresh (212ms)
				TypeCache.ScanAssembly (190ms)
			BuildScriptInfoCaches (0ms)
			ResolveRequiredComponents (0ms)
	FinalizeReload (330ms)
		ReleaseScriptCaches (0ms)
		RebuildScriptCaches (0ms)
		SetupLoadedEditorAssemblies (262ms)
			LogAssemblyErrors (0ms)
			InitializePlatformSupportModulesInManaged (9ms)
			SetLoadedEditorAssemblies (5ms)
			BeforeProcessingInitializeOnLoad (5ms)
			ProcessInitializeOnLoadAttributes (189ms)
			ProcessInitializeOnLoadMethodAttributes (55ms)
			AfterProcessingInitializeOnLoad (0ms)
			EditorAssembliesLoaded (0ms)
		ExecutionOrderSort2 (0ms)
		AwakeInstancesAfterBackupRestoration (0ms)
========================================================================
Worker process is ready to serve import requests
Import Worker Mode flag is 0x00
Begin MonoManager ReloadAssembly
Symbol file LoadedFromMemory doesn't match image C:\Users\user\ProjTest2\Proj\Library\PackageCache\com.unity.visualscripting@1.8.0\Editor\VisualScripting.Core\Dependencies\YamlDotNet\Unity.VisualScripting.YamlDotNet.dll
Symbol file LoadedFromMemory doesn't match image C:\Users\user\ProjTest2\Proj\Library\PackageCache\com.unity.visualscripting@1.8.0\Editor\VisualScripting.Core\Dependencies\DotNetZip\Unity.VisualScripting.IonicZip.dll
Symbol file LoadedFromMemory is not a mono symbol file
- Loaded All Assemblies, in  1.462 seconds
Refreshing native plugins compatible for Editor in 7.57 ms, found 8 plugins.
Native extension for WindowsStandalone target not found
Refreshing native plugins compatible for Editor in 7.76 ms, found 8 plugins.
Mono: successfully reloaded assembly
- Finished resetting the current domain, in  1.149 seconds
Domain Reload Profiling: 2606ms
	BeginReloadAssembly (415ms)
		ExecutionOrderSort (0ms)
		DisableScriptedObjects (5ms)
		BackupInstance (0ms)
		ReleaseScriptingObjects (0ms)
		CreateAndSetChildDomain (44ms)
	RebuildCommonClasses (44ms)
	RebuildNativeTypeToScriptingClass (15ms)
	initialDomainReloadingComplete (48ms)
	LoadAllAssembliesAndSetupDomain (935ms)
		LoadAssemblies (545ms)
		RebuildTransferFunctionScriptingTraits (0ms)
		AnalyzeDomain (497ms)
			TypeCache.Refresh (400ms)
				TypeCache.ScanAssembly (359ms)
			BuildScriptInfoCaches (75ms)
			ResolveRequiredComponents (14ms)
	FinalizeReload (1150ms)
		ReleaseScriptCaches (0ms)
		RebuildScriptCaches (0ms)
		SetupLoadedEditorAssemblies (862ms)
			LogAssemblyErrors (0ms)
			InitializePlatformSupportModulesInManaged (3ms)
			SetLoadedEditorAssemblies (6ms)
			BeforeProcessingInitializeOnLoad (81ms)
			ProcessInitializeOnLoadAttributes (538ms)
			ProcessInitializeOnLoadMethodAttributes (229ms)
			AfterProcessingInitializeOnLoad (5ms)
			EditorAssembliesLoaded (0ms)
		ExecutionOrderSort2 (0ms)
		AwakeInstancesAfterBackupRestoration (13ms)
Launched and connected shader compiler UnityShaderCompiler.exe after 0.04 seconds
Refreshing native plugins compatible for Editor in 6.52 ms, found 8 plugins.
Preloading 0 native plugins for Editor in 0.00 ms.
Unloading 202 Unused Serialized files (Serialized files now loaded: 0)
Unloading 7573 unused Assets / (7.2 MB). Loaded Objects now: 8260.
Memory consumption went from 202.8 MB to 195.6 MB.
Total: 17.456100 ms (FindLiveObjects: 0.834900 ms CreateObjectMapping: 1.016300 ms MarkObjects: 10.618000 ms  DeleteObjects: 4.984900 ms)

========================================================================
Received Import Request.
  Time since last request: 749698.630753 seconds.
  path: Assets/StarterAssets/ThirdPersonController/Prefabs/PlayerFollowCamera.prefab
  artifactKey: Guid(a1a802ecaf6775746bb2a929fb554ad8) Importer(2089858483,3d70f49cd1c2eb9ae422958d1c652c6b)
Start importing Assets/StarterAssets/ThirdPersonController/Prefabs/PlayerFollowCamera.prefab using Guid(a1a802ecaf6775746bb2a929fb554ad8) Importer(2089858483,3d70f49cd1c2eb9ae422958d1c652c6b) (ScriptedImporter) -> (artifact id: '8de80adb8bc71cec0eba7b9eba1257b0') in 0.1869404 seconds
Number of updated asset objects reloaded before import = 0Number of asset objects unloaded after import = 11

========================================================================
Received Import Request.
  Time since last request: 0.000028 seconds.
  path: Assets/StarterAssets/ThirdPersonController/Scenes/Playground/LightingData.asset
  artifactKey: Guid(51e8050f26ab504469d218c927558c5e) Importer(2089858483,3d70f49cd1c2eb9ae422958d1c652c6b)
Start importing Assets/StarterAssets/ThirdPersonController/Scenes/Playground/LightingData.asset using Guid(51e8050f26ab504469d218c927558c5e) Importer(2089858483,3d70f49cd1c2eb9ae422958d1c652c6b) (ScriptedImporter) -> (artifact id: '75cbec1b799d2626808e86c6d2e3c43c') in 0.022551 seconds
Number of updated asset objects reloaded before import = 0Number of asset objects unloaded after import = 1

========================================================================
Received Import Request.
  Time since last request: 0.000027 seconds.
  path: Assets/StarterAssets/ThirdPersonController/Scenes/Playground.unity
  artifactKey: Guid(e9017d5f96b9f09489b4b37e1d6eb914) Importer(2089858483,3d70f49cd1c2eb9ae422958d1c652c6b)
Start importing Assets/StarterAssets/ThirdPersonController/Scenes/Playground.unity using Guid(e9017d5f96b9f09489b4b37e1d6eb914) Importer(2089858483,3d70f49cd1c2eb9ae422958d1c652c6b) (ScriptedImporter)Opening scene 'Assets/StarterAssets/ThirdPersonController/Scenes/Playground.unity additively'
Loaded scene 'Assets/StarterAssets/ThirdPersonController/Scenes/Playground.unity'
	Deserialize:            11.860 ms
	Integration:            105.341 ms
	Integration of assets:  0.004 ms
	Thread Wait Time:       0.011 ms
	Total Operation Time:   117.216 ms
 -> (artifact id: 'f90f29222e6c534fb451fdc49e017de8') in 0.2191139 seconds
Internal: There are remaining Allocations on the JobTempAlloc. This is a leak, and will impact performance
To Debug, run app with -diag-job-temp-memory-leak-validation cmd line argument. This will output the callstacks of the leaked allocations.
Number of updated asset objects reloaded before import = 0Number of asset objects unloaded after import = 801

========================================================================
Received Import Request.
  Time since last request: 0.000033 seconds.
  path: Assets/StarterAssets/Environment/RenderPipelineProfiles/StarterAssetsURPRenderer.asset
  artifactKey: Guid(14d1d515dbdfb4206ae3afd891bf975b) Importer(2089858483,3d70f49cd1c2eb9ae422958d1c652c6b)
Start importing Assets/StarterAssets/Environment/RenderPipelineProfiles/StarterAssetsURPRenderer.asset using Guid(14d1d515dbdfb4206ae3afd891bf975b) Importer(2089858483,3d70f49cd1c2eb9ae422958d1c652c6b) (ScriptedImporter) -> (artifact id: '8595998a56ded883c32abe7565684e0f') in 0.0195955 seconds
Internal: There are remaining Allocations on the JobTempAlloc. This is a leak, and will impact performance
To Debug, run app with -diag-job-temp-memory-leak-validation cmd line argument. This will output the callstacks of the leaked allocations.
Number of updated asset objects reloaded before import = 0Number of asset objects unloaded after import = 6

========================================================================
Received Import Request.
  Time since last request: 0.000032 seconds.
  path: Assets/lineAcross_ENV.forest/Logs/wood_3a.fbx
  artifactKey: Guid(73ed5b53df0cba641aaf9526b0620525) Importer(2089858483,192608db42251d675da83286b1cce702)
Start importing Assets/lineAcross_ENV.forest/Logs/wood_3a.fbx using Guid(73ed5b53df0cba641aaf9526b0620525) Importer(2089858483,192608db42251d675da83286b1cce702) (ScriptedImporter) -> (artifact id: '423243528fc5394c864777e3570ab110') in 0.1000396 seconds
Internal: There are remaining Allocations on the JobTempAlloc. This is a leak, and will impact performance
To Debug, run app with -diag-job-temp-memory-leak-validation cmd line argument. This will output the callstacks of the leaked allocations.
Number of updated asset objects reloaded before import = 0Number of asset objects unloaded after import = 10

========================================================================
Received Import Request.
  Time since last request: 0.000019 seconds.
  path: Assets/lineAcross_ENV.forest/Rocks/rock_2b.fbx
  artifactKey: Guid(584ec928e7c995e428090d5ad41a485e) Importer(2089858483,192608db42251d675da83286b1cce702)
Start importing Assets/lineAcross_ENV.forest/Rocks/rock_2b.fbx using Guid(584ec928e7c995e428090d5ad41a485e) Importer(2089858483,192608db42251d675da83286b1cce702) (ScriptedImporter) -> (artifact id: '2c17d70779ddb67f6dbc64cd87ebdf5c') in 0.0237317 seconds
Internal: There are remaining Allocations on the JobTempAlloc. This is a leak, and will impact performance
To Debug, run app with -diag-job-temp-memory-leak-validation cmd line argument. This will output the callstacks of the leaked allocations.
Number of updated asset objects reloaded before import = 0Number of asset objects unloaded after import = 10

========================================================================
Received Import Request.
  Time since last request: 0.000029 seconds.
  path: Assets/lineAcross_ENV.forest/Rocks/rock_3b.fbx
  artifactKey: Guid(17dc732523948f747913e97e4e321444) Importer(2089858483,192608db42251d675da83286b1cce702)
Start importing Assets/lineAcross_ENV.forest/Rocks/rock_3b.fbx using Guid(17dc732523948f747913e97e4e321444) Importer(2089858483,192608db42251d675da83286b1cce702) (ScriptedImporter) -> (artifact id: '271c413cf364d00d792f23936c733696') in 0.0244207 seconds
Internal: There are remaining Allocations on the JobTempAlloc. This is a leak, and will impact performance
To Debug, run app with -diag-job-temp-memory-leak-validation cmd line argument. This will output the callstacks of the leaked allocations.
Number of updated asset objects reloaded before import = 0Number of asset objects unloaded after import = 10

========================================================================
Received Import Request.
  Time since last request: 0.000022 seconds.
  path: Assets/lineAcross_ENV.forest/Meshes/mesh_3a.fbx
  artifactKey: Guid(560c01ba4a98f5948a548b032f2fe433) Importer(2089858483,192608db42251d675da83286b1cce702)
Start importing Assets/lineAcross_ENV.forest/Meshes/mesh_3a.fbx using Guid(560c01ba4a98f5948a548b032f2fe433) Importer(2089858483,192608db42251d675da83286b1cce702) (ScriptedImporter) -> (artifact id: '579d8f16a2cbb5901a59f8d775556a45') in 0.0205593 seconds
Internal: There are remaining Allocations on the JobTempAlloc. This is a leak, and will impact performance
To Debug, run app with -diag-job-temp-memory-leak-validation cmd line argument. This will output the callstacks of the leaked allocations.
Number of updated asset objects reloaded before import = 0Number of asset objects unloaded after import = 10

========================================================================
Received Import Request.
  Time since last request: 0.000024 seconds.
  path: Assets/lineAcross_ENV.forest/Logs/woodboard_3b.fbx
  artifactKey: Guid(66cf6d7702df2984a8c320448c2226e4) Importer(2089858483,192608db42251d675da83286b1cce702)
Start importing Assets/lineAcross_ENV.forest/Logs/woodboard_3b.fbx using Guid(66cf6d7702df2984a8c320448c2226e4) Importer(2089858483,192608db42251d675da83286b1cce702) (ScriptedImporter) -> (artifact id: 'b4288708d6794fb931399a3b3a02ca71') in 0.0358132 seconds
Internal: There are remaining Allocations on the JobTempAlloc. This is a leak, and will impact performance
To Debug, run app with -diag-job-temp-memory-leak-validation cmd line argument. This will output the callstacks of the leaked allocations.
Number of updated asset objects reloaded before import = 0Number of asset objects unloaded after import = 10

========================================================================
Received Import Request.
  Time since last request: 0.000025 seconds.
  path: Assets/lineAcross_ENV.forest/Logs/treelog_1a.fbx
  artifactKey: Guid(c191c9e9edcd4504b958ae4c676d71f3) Importer(2089858483,192608db42251d675da83286b1cce702)
Start importing Assets/lineAcross_ENV.forest/Logs/treelog_1a.fbx using Guid(c191c9e9edcd4504b958ae4c676d71f3) Importer(2089858483,192608db42251d675da83286b1cce702) (ScriptedImporter) -> (artifact id: '1274a82c5bfb23caec00dbb50788a0c8') in 0.0216791 seconds
Internal: There are remaining Allocations on the JobTempAlloc. This is a leak, and will impact performance
To Debug, run app with -diag-job-temp-memory-leak-validation cmd line argument. This will output the callstacks of the leaked allocations.
Number of updated asset objects reloaded before import = 0Number of asset objects unloaded after import = 10

========================================================================
Received Import Request.
  Time since last request: 0.000023 seconds.
  path: Assets/lineAcross_ENV.forest/Logs/woodboard_4a.fbx
  artifactKey: Guid(09e48077d4d995a4aaa96b1af7ce2be0) Importer(2089858483,192608db42251d675da83286b1cce702)
Start importing Assets/lineAcross_ENV.forest/Logs/woodboard_4a.fbx using Guid(09e48077d4d995a4aaa96b1af7ce2be0) Importer(2089858483,192608db42251d675da83286b1cce702) (ScriptedImporter) -> (artifact id: '348c513f1d1b61943cfe64297de34a98') in 0.0240801 seconds
Internal: There are remaining Allocations on the JobTempAlloc. This is a leak, and will impact performance
To Debug, run app with -diag-job-temp-memory-leak-validation cmd line argument. This will output the callstacks of the leaked allocations.
Number of updated asset objects reloaded before import = 0Number of asset objects unloaded after import = 10

========================================================================
Received Import Request.
  Time since last request: 0.000021 seconds.
  path: Assets/Aligned Games/Polygonal Foliage Asset Package/Models/Bushes/Bush4/bush_4.prefab
  artifactKey: Guid(b00b4b56eca3251449675f6158e600cf) Importer(2089858483,3d70f49cd1c2eb9ae422958d1c652c6b)
Start importing Assets/Aligned Games/Polygonal Foliage Asset Package/Models/Bushes/Bush4/bush_4.prefab using Guid(b00b4b56eca3251449675f6158e600cf) Importer(2089858483,3d70f49cd1c2eb9ae422958d1c652c6b) (ScriptedImporter) -> (artifact id: '38b53bd52f61e2487e0569c4d3f1ae26') in 0.0122773 seconds
Internal: There are remaining Allocations on the JobTempAlloc. This is a leak, and will impact performance
To Debug, run app with -diag-job-temp-memory-leak-validation cmd line argument. This will output the callstacks of the leaked allocations.
Number of updated asset objects reloaded before import = 0Number of asset objects unloaded after import = 9

========================================================================
Received Import Request.
  Time since last request: 0.000021 seconds.
  path: Assets/lineAcross_ENV.forest/Logs/woodboard_2a.fbx
  artifactKey: Guid(226b2b0bbc9caa14ba7d31e05821cbf8) Importer(2089858483,192608db42251d675da83286b1cce702)
Start importing Assets/lineAcross_ENV.forest/Logs/woodboard_2a.fbx using Guid(226b2b0bbc9caa14ba7d31e05821cbf8) Importer(2089858483,192608db42251d675da83286b1cce702) (ScriptedImporter) -> (artifact id: 'f8757c13a2af30dafa6132ec0c346c86') in 0.0216285 seconds
Internal: There are remaining Allocations on the JobTempAlloc. This is a leak, and will impact performance
To Debug, run app with -diag-job-temp-memory-leak-validation cmd line argument. This will output the callstacks of the leaked allocations.
Number of updated asset objects reloaded before import = 0Number of asset objects unloaded after import = 10

========================================================================
Received Import Request.
  Time since last request: 0.000022 seconds.
  path: Assets/lineAcross_ENV.forest/Logs/wood_4a.fbx
  artifactKey: Guid(9ffb919117829e34aaa0864dc858d783) Importer(2089858483,192608db42251d675da83286b1cce702)
Start importing Assets/lineAcross_ENV.forest/Logs/wood_4a.fbx using Guid(9ffb919117829e34aaa0864dc858d783) Importer(2089858483,192608db42251d675da83286b1cce702) (ScriptedImporter) -> (artifact id: 'e080d898f97473e8ebcfbcc9e5f95074') in 0.0233945 seconds
Internal: There are remaining Allocations on the JobTempAlloc. This is a leak, and will impact performance
To Debug, run app with -diag-job-temp-memory-leak-validation cmd line argument. This will output the callstacks of the leaked allocations.
Number of updated asset objects reloaded before import = 0Number of asset objects unloaded after import = 10

========================================================================
Received Import Request.
  Time since last request: 0.000018 seconds.
  path: Assets/Aligned Games/Polygonal Foliage Asset Package/Models/BushSegment/BushSegment2/bush_segment_2.prefab
  artifactKey: Guid(41fc0c124ab3e524197d7d65009a3abe) Importer(2089858483,3d70f49cd1c2eb9ae422958d1c652c6b)
Start importing Assets/Aligned Games/Polygonal Foliage Asset Package/Models/BushSegment/BushSegment2/bush_segment_2.prefab using Guid(41fc0c124ab3e524197d7d65009a3abe) Importer(2089858483,3d70f49cd1c2eb9ae422958d1c652c6b) (ScriptedImporter) -> (artifact id: '4a6f3a820516c191186f46f5540ec5fb') in 0.0178899 seconds
Internal: There are remaining Allocations on the JobTempAlloc. This is a leak, and will impact performance
To Debug, run app with -diag-job-temp-memory-leak-validation cmd line argument. This will output the callstacks of the leaked allocations.
Number of updated asset objects reloaded before import = 0Number of asset objects unloaded after import = 9

========================================================================
Received Import Request.
  Time since last request: 0.000022 seconds.
  path: Assets/Aligned Games/Polygonal Foliage Asset Package/Models/Clouds/Cloud2/cloud_2.prefab
  artifactKey: Guid(375e6bb970544234396eb05937781851) Importer(2089858483,3d70f49cd1c2eb9ae422958d1c652c6b)
Start importing Assets/Aligned Games/Polygonal Foliage Asset Package/Models/Clouds/Cloud2/cloud_2.prefab using Guid(375e6bb970544234396eb05937781851) Importer(2089858483,3d70f49cd1c2eb9ae422958d1c652c6b) (ScriptedImporter) -> (artifact id: '3c6b5445a6a9c7335e46aa2b59caa113') in 0.0124636 seconds
Internal: There are remaining Allocations on the JobTempAlloc. This is a leak, and will impact performance
To Debug, run app with -diag-job-temp-memory-leak-validation cmd line argument. This will output the callstacks of the leaked allocations.
Number of updated asset objects reloaded before import = 0Number of asset objects unloaded after import = 9

========================================================================
Received Import Request.
  Time since last request: 0.000018 seconds.
  path: Assets/Aligned Games/Polygonal Foliage Asset Package/Models/Debris/Debris4/debris_4.prefab
  artifactKey: Guid(f02ebb96638dd13428efbf6875a91bcd) Importer(2089858483,3d70f49cd1c2eb9ae422958d1c652c6b)
Start importing Assets/Aligned Games/Polygonal Foliage Asset Package/Models/Debris/Debris4/debris_4.prefab using Guid(f02ebb96638dd13428efbf6875a91bcd) Importer(2089858483,3d70f49cd1c2eb9ae422958d1c652c6b) (ScriptedImporter) -> (artifact id: 'cdfc1fc01c934b32f834062f8142a5f9') in 0.0140642 seconds
Internal: There are remaining Allocations on the JobTempAlloc. This is a leak, and will impact performance
To Debug, run app with -diag-job-temp-memory-leak-validation cmd line argument. This will output the callstacks of the leaked allocations.
Number of updated asset objects reloaded before import = 0Number of asset objects unloaded after import = 9

========================================================================
Received Import Request.
  Time since last request: 0.000021 seconds.
  path: Assets/Aligned Games/Polygonal Foliage Asset Package/Models/Debris/Debris2/debris_2.prefab
  artifactKey: Guid(dd0f61a885c7eb349bebcfa27ef3d146) Importer(2089858483,3d70f49cd1c2eb9ae422958d1c652c6b)
Start importing Assets/Aligned Games/Polygonal Foliage Asset Package/Models/Debris/Debris2/debris_2.prefab using Guid(dd0f61a885c7eb349bebcfa27ef3d146) Importer(2089858483,3d70f49cd1c2eb9ae422958d1c652c6b) (ScriptedImporter) -> (artifact id: 'e87ed478a00f67a093208f1f6d083af4') in 0.0142653 seconds
Internal: There are remaining Allocations on the JobTempAlloc. This is a leak, and will impact performance
To Debug, run app with -diag-job-temp-memory-leak-validation cmd line argument. This will output the callstacks of the leaked allocations.
Number of updated asset objects reloaded before import = 0Number of asset objects unloaded after import = 9

========================================================================
Received Import Request.
  Time since last request: 0.000024 seconds.
  path: Assets/kenney_ui-pack-rpg-expansion/PNG/barRed_verticalTop.png
  artifactKey: Guid(e8a117a6dabdd434c9a5885b005f817d) Importer(2089858483,192608db42251d675da83286b1cce702)
Start importing Assets/kenney_ui-pack-rpg-expansion/PNG/barRed_verticalTop.png using Guid(e8a117a6dabdd434c9a5885b005f817d) Importer(2089858483,192608db42251d675da83286b1cce702) (ScriptedImporter) -> (artifact id: 'ce9419c0a4b6707b80ce74c0089970cb') in 0.0603271 seconds
Internal: There are remaining Allocations on the JobTempAlloc. This is a leak, and will impact performance
To Debug, run app with -diag-job-temp-memory-leak-validation cmd line argument. This will output the callstacks of the leaked allocations.
Number of updated asset objects reloaded before import = 0Number of asset objects unloaded after import = 3

========================================================================
Received Import Request.
  Time since last request: 0.000027 seconds.
  path: Assets/Settings/Medium_PipelineAsset_ForwardRenderer.asset
  artifactKey: Guid(31fe4dd6e6670e949bf6d2a5a1e35087) Importer(2089858483,3d70f49cd1c2eb9ae422958d1c652c6b)
Start importing Assets/Settings/Medium_PipelineAsset_ForwardRenderer.asset using Guid(31fe4dd6e6670e949bf6d2a5a1e35087) Importer(2089858483,3d70f49cd1c2eb9ae422958d1c652c6b) (ScriptedImporter) -> (artifact id: '769099bcf3d5dc71e26dd9241174e46c') in 0.0128004 seconds
Internal: There are remaining Allocations on the JobTempAlloc. This is a leak, and will impact performance
To Debug, run app with -diag-job-temp-memory-leak-validation cmd line argument. This will output the callstacks of the leaked allocations.
Number of updated asset objects reloaded before import = 0Number of asset objects unloaded after import = 1

========================================================================
Received Import Request.
  Time since last request: 0.000015 seconds.
  path: Assets/Scenes/Origin_v2.unity
  artifactKey: Guid(46adff56f2a821e40a9ca3623f3ca027) Importer(2089858483,192608db42251d675da83286b1cce702)
Start importing Assets/Scenes/Origin_v2.unity using Guid(46adff56f2a821e40a9ca3623f3ca027) Importer(2089858483,192608db42251d675da83286b1cce702) (ScriptedImporter) -> (artifact id: 'b2a624a27cd44f0d727302a7a935d740') in 0.0292437 seconds
Internal: There are remaining Allocations on the JobTempAlloc. This is a leak, and will impact performance
To Debug, run app with -diag-job-temp-memory-leak-validation cmd line argument. This will output the callstacks of the leaked allocations.
Number of updated asset objects reloaded before import = 0Number of asset objects unloaded after import = 1

========================================================================
Received Import Request.
  Time since last request: 0.000021 seconds.
  path: Assets/lineAcross_ENV.forest/Prefabs/TreesPreFabs/tree_5b.prefab
  artifactKey: Guid(cf6882238a3612d4cb8a7463377e9ac9) Importer(2089858483,3d70f49cd1c2eb9ae422958d1c652c6b)
Start importing Assets/lineAcross_ENV.forest/Prefabs/TreesPreFabs/tree_5b.prefab using Guid(cf6882238a3612d4cb8a7463377e9ac9) Importer(2089858483,3d70f49cd1c2eb9ae422958d1c652c6b) (ScriptedImporter) -> (artifact id: '0f401edb6b54e34d76ee4d64d14d9edb') in 0.0124941 seconds
Internal: There are remaining Allocations on the JobTempAlloc. This is a leak, and will impact performance
To Debug, run app with -diag-job-temp-memory-leak-validation cmd line argument. This will output the callstacks of the leaked allocations.
Number of updated asset objects reloaded before import = 0Number of asset objects unloaded after import = 8

========================================================================
Received Import Request.
  Time since last request: 0.000018 seconds.
  path: Assets/lineAcross_ENV.forest/Prefabs/GrassFlowersPreFabs/Plant_2a.prefab
  artifactKey: Guid(e5140dcb90082e042ac9c1dec9a38d2b) Importer(2089858483,3d70f49cd1c2eb9ae422958d1c652c6b)
Start importing Assets/lineAcross_ENV.forest/Prefabs/GrassFlowersPreFabs/Plant_2a.prefab using Guid(e5140dcb90082e042ac9c1dec9a38d2b) Importer(2089858483,3d70f49cd1c2eb9ae422958d1c652c6b) (ScriptedImporter) -> (artifact id: 'c832f8c84a4b021d2a88d117c0b024e4') in 0.0152191 seconds
Internal: There are remaining Allocations on the JobTempAlloc. This is a leak, and will impact performance
To Debug, run app with -diag-job-temp-memory-leak-validation cmd line argument. This will output the callstacks of the leaked allocations.
Number of updated asset objects reloaded before import = 0Number of asset objects unloaded after import = 8

========================================================================
Received Import Request.
  Time since last request: 0.000023 seconds.
  path: Assets/RPG_inventory_icons/mp.png
  artifactKey: Guid(6592b916f86b19e428db6f6847c7b6dd) Importer(2089858483,192608db42251d675da83286b1cce702)
Start importing Assets/RPG_inventory_icons/mp.png using Guid(6592b916f86b19e428db6f6847c7b6dd) Importer(2089858483,192608db42251d675da83286b1cce702) (ScriptedImporter) -> (artifact id: '9b91a32774a00ae54fe58fc32976f81e') in 0.030087 seconds
Internal: There are remaining Allocations on the JobTempAlloc. This is a leak, and will impact performance
To Debug, run app with -diag-job-temp-memory-leak-validation cmd line argument. This will output the callstacks of the leaked allocations.
Number of updated asset objects reloaded before import = 0Number of asset objects unloaded after import = 3

========================================================================
Received Import Request.
  Time since last request: 0.000018 seconds.
  path: Assets/lineAcross_ENV.forest/Prefabs/RocksPreFabs/rock_6b.prefab
  artifactKey: Guid(26bf997263c9521489dc9574981aafc1) Importer(2089858483,3d70f49cd1c2eb9ae422958d1c652c6b)
Start importing Assets/lineAcross_ENV.forest/Prefabs/RocksPreFabs/rock_6b.prefab using Guid(26bf997263c9521489dc9574981aafc1) Importer(2089858483,3d70f49cd1c2eb9ae422958d1c652c6b) (ScriptedImporter) -> (artifact id: 'e6e6822254d85dad70017db7a9ec0db7') in 0.014296 seconds
Internal: There are remaining Allocations on the JobTempAlloc. This is a leak, and will impact performance
To Debug, run app with -diag-job-temp-memory-leak-validation cmd line argument. This will output the callstacks of the leaked allocations.
Number of updated asset objects reloaded before import = 0Number of asset objects unloaded after import = 8

========================================================================
Received Import Request.
  Time since last request: 0.000021 seconds.
  path: Assets/RPG_inventory_icons/f.PNG
  artifactKey: Guid(ed1074391f139544d941ae0870937dc0) Importer(2089858483,192608db42251d675da83286b1cce702)
Start importing Assets/RPG_inventory_icons/f.PNG using Guid(ed1074391f139544d941ae0870937dc0) Importer(2089858483,192608db42251d675da83286b1cce702) (ScriptedImporter) -> (artifact id: '5c94094e170f528479aa14fb79df2a67') in 0.0273711 seconds
Internal: There are remaining Allocations on the JobTempAlloc. This is a leak, and will impact performance
To Debug, run app with -diag-job-temp-memory-leak-validation cmd line argument. This will output the callstacks of the leaked allocations.
Number of updated asset objects reloaded before import = 0Number of asset objects unloaded after import = 3

========================================================================
Received Import Request.
  Time since last request: 0.000017 seconds.
  path: Assets/kenney_ui-pack-rpg-expansion/PNG/barGreen_verticalMid.png
  artifactKey: Guid(cd532260612628f499545b989ee5f231) Importer(2089858483,192608db42251d675da83286b1cce702)
Start importing Assets/kenney_ui-pack-rpg-expansion/PNG/barGreen_verticalMid.png using Guid(cd532260612628f499545b989ee5f231) Importer(2089858483,192608db42251d675da83286b1cce702) (ScriptedImporter) -> (artifact id: '4934552aa2a1f36c4ee89cea5984a1c2') in 0.0273995 seconds
Internal: There are remaining Allocations on the JobTempAlloc. This is a leak, and will impact performance
To Debug, run app with -diag-job-temp-memory-leak-validation cmd line argument. This will output the callstacks of the leaked allocations.
Number of updated asset objects reloaded before import = 0Number of asset objects unloaded after import = 3

========================================================================
Received Import Request.
  Time since last request: 0.000020 seconds.
  path: Assets/Low Poly Nature Pack Lite/Prefabs/tree_dead01.prefab
  artifactKey: Guid(6eb1832e841e0fb45a4dcebf86b3751b) Importer(2089858483,3d70f49cd1c2eb9ae422958d1c652c6b)
Start importing Assets/Low Poly Nature Pack Lite/Prefabs/tree_dead01.prefab using Guid(6eb1832e841e0fb45a4dcebf86b3751b) Importer(2089858483,3d70f49cd1c2eb9ae422958d1c652c6b) (ScriptedImporter) -> (artifact id: '8662a4a5b2f6522367944dbbd28ef296') in 0.0116897 seconds
Internal: There are remaining Allocations on the JobTempAlloc. This is a leak, and will impact performance
To Debug, run app with -diag-job-temp-memory-leak-validation cmd line argument. This will output the callstacks of the leaked allocations.
Number of updated asset objects reloaded before import = 0Number of asset objects unloaded after import = 8

========================================================================
Received Import Request.
  Time since last request: 0.000016 seconds.
  path: Assets/lineAcross_ENV.forest/Logs/log_1a.fbx
  artifactKey: Guid(da4fdc85e9ebd7240a753d397b3646cf) Importer(2089858483,192608db42251d675da83286b1cce702)
Start importing Assets/lineAcross_ENV.forest/Logs/log_1a.fbx using Guid(da4fdc85e9ebd7240a753d397b3646cf) Importer(2089858483,192608db42251d675da83286b1cce702) (ScriptedImporter) -> (artifact id: 'fd68c9e594c91f8797e8b7e06d2d1c2a') in 0.0253467 seconds
Internal: There are remaining Allocations on the JobTempAlloc. This is a leak, and will impact performance
To Debug, run app with -diag-job-temp-memory-leak-validation cmd line argument. This will output the callstacks of the leaked allocations.
Number of updated asset objects reloaded before import = 0Number of asset objects unloaded after import = 10

========================================================================
Received Import Request.
  Time since last request: 0.000022 seconds.
  path: Assets/kenney_ui-pack-rpg-expansion/PNG/iconCross_grey.png
  artifactKey: Guid(ed5866ce0b0e1df4d97202e23605578d) Importer(2089858483,192608db42251d675da83286b1cce702)
Start importing Assets/kenney_ui-pack-rpg-expansion/PNG/iconCross_grey.png using Guid(ed5866ce0b0e1df4d97202e23605578d) Importer(2089858483,192608db42251d675da83286b1cce702) (ScriptedImporter) -> (artifact id: 'a76153cc8195d858af7ae96ef4176959') in 0.0302168 seconds
Internal: There are remaining Allocations on the JobTempAlloc. This is a leak, and will impact performance
To Debug, run app with -diag-job-temp-memory-leak-validation cmd line argument. This will output the callstacks of the leaked allocations.
Number of updated asset objects reloaded before import = 0Number of asset objects unloaded after import = 3

========================================================================
Received Import Request.
  Time since last request: 0.000018 seconds.
  path: Assets/lineAcross_ENV.forest/Prefabs/DecorationPreFabs/lamp_1a.prefab
  artifactKey: Guid(52199f5e7c77aee43aeeb4e76d38fb2e) Importer(2089858483,3d70f49cd1c2eb9ae422958d1c652c6b)
Start importing Assets/lineAcross_ENV.forest/Prefabs/DecorationPreFabs/lamp_1a.prefab using Guid(52199f5e7c77aee43aeeb4e76d38fb2e) Importer(2089858483,3d70f49cd1c2eb9ae422958d1c652c6b) (ScriptedImporter) -> (artifact id: '7e3622c584480c1f5007e366914aaff6') in 0.0134142 seconds
Internal: There are remaining Allocations on the JobTempAlloc. This is a leak, and will impact performance
To Debug, run app with -diag-job-temp-memory-leak-validation cmd line argument. This will output the callstacks of the leaked allocations.
Number of updated asset objects reloaded before import = 0Number of asset objects unloaded after import = 8

========================================================================
Received Import Request.
  Time since last request: 0.000021 seconds.
  path: Assets/Aligned Games/Polygonal Foliage Asset Package/Models/Trees/Tree10/tree_10.prefab
  artifactKey: Guid(35b342f90dd9ccb4bbc60c50fb65575e) Importer(2089858483,3d70f49cd1c2eb9ae422958d1c652c6b)
Start importing Assets/Aligned Games/Polygonal Foliage Asset Package/Models/Trees/Tree10/tree_10.prefab using Guid(35b342f90dd9ccb4bbc60c50fb65575e) Importer(2089858483,3d70f49cd1c2eb9ae422958d1c652c6b) (ScriptedImporter) -> (artifact id: 'bbd654078006fe7682708e6c941c09dd') in 0.0114511 seconds
Internal: There are remaining Allocations on the JobTempAlloc. This is a leak, and will impact performance
To Debug, run app with -diag-job-temp-memory-leak-validation cmd line argument. This will output the callstacks of the leaked allocations.
Number of updated asset objects reloaded before import = 0Number of asset objects unloaded after import = 9

========================================================================
Received Import Request.
  Time since last request: 0.000025 seconds.
  path: Assets/Aligned Games/Polygonal Foliage Asset Package/Models/Trees/Tree1/tree_1.prefab
  artifactKey: Guid(93bb5d92b165c2442886147b667819ad) Importer(2089858483,3d70f49cd1c2eb9ae422958d1c652c6b)
Start importing Assets/Aligned Games/Polygonal Foliage Asset Package/Models/Trees/Tree1/tree_1.prefab using Guid(93bb5d92b165c2442886147b667819ad) Importer(2089858483,3d70f49cd1c2eb9ae422958d1c652c6b) (ScriptedImporter) -> (artifact id: 'e8961af9198c61d696ca39f0b9ab6c09') in 0.0127301 seconds
Internal: There are remaining Allocations on the JobTempAlloc. This is a leak, and will impact performance
To Debug, run app with -diag-job-temp-memory-leak-validation cmd line argument. This will output the callstacks of the leaked allocations.
Number of updated asset objects reloaded before import = 0Number of asset objects unloaded after import = 9

========================================================================
Received Import Request.
  Time since last request: 0.000024 seconds.
  path: Assets/Aligned Games/Polygonal Foliage Asset Package/Models/Paths/RockPath2/rock_path_2.prefab
  artifactKey: Guid(b026537401cdc0e4196c673431e5bc56) Importer(2089858483,3d70f49cd1c2eb9ae422958d1c652c6b)
Start importing Assets/Aligned Games/Polygonal Foliage Asset Package/Models/Paths/RockPath2/rock_path_2.prefab using Guid(b026537401cdc0e4196c673431e5bc56) Importer(2089858483,3d70f49cd1c2eb9ae422958d1c652c6b) (ScriptedImporter) -> (artifact id: '9d55daa76a2a665bcb958692c7354216') in 0.0114833 seconds
Internal: There are remaining Allocations on the JobTempAlloc. This is a leak, and will impact performance
To Debug, run app with -diag-job-temp-memory-leak-validation cmd line argument. This will output the callstacks of the leaked allocations.
Number of updated asset objects reloaded before import = 0Number of asset objects unloaded after import = 9

========================================================================
Received Import Request.
  Time since last request: 0.000018 seconds.
  path: Assets/Aligned Games/Polygonal Foliage Asset Package/Models/Rocks/Rock2/rock_2.prefab
  artifactKey: Guid(677370ffc1854894596d5d04209a263c) Importer(2089858483,3d70f49cd1c2eb9ae422958d1c652c6b)
Start importing Assets/Aligned Games/Polygonal Foliage Asset Package/Models/Rocks/Rock2/rock_2.prefab using Guid(677370ffc1854894596d5d04209a263c) Importer(2089858483,3d70f49cd1c2eb9ae422958d1c652c6b) (ScriptedImporter) -> (artifact id: '2ed92cb3cc975a560c6a72470d034706') in 0.0132352 seconds
Internal: There are remaining Allocations on the JobTempAlloc. This is a leak, and will impact performance
To Debug, run app with -diag-job-temp-memory-leak-validation cmd line argument. This will output the callstacks of the leaked allocations.
Number of updated asset objects reloaded before import = 0Number of asset objects unloaded after import = 9

========================================================================
Received Import Request.
  Time since last request: 0.000016 seconds.
  path: Assets/Aligned Games/Polygonal Foliage Asset Package/Models/Stumps/Stump3/stump_3.prefab
  artifactKey: Guid(17b240f9e8610b3439a61ab84401a985) Importer(2089858483,3d70f49cd1c2eb9ae422958d1c652c6b)
Start importing Assets/Aligned Games/Polygonal Foliage Asset Package/Models/Stumps/Stump3/stump_3.prefab using Guid(17b240f9e8610b3439a61ab84401a985) Importer(2089858483,3d70f49cd1c2eb9ae422958d1c652c6b) (ScriptedImporter) -> (artifact id: 'b0ecc1a8afdf9c66d8c6de82196f631b') in 0.0125404 seconds
Internal: There are remaining Allocations on the JobTempAlloc. This is a leak, and will impact performance
To Debug, run app with -diag-job-temp-memory-leak-validation cmd line argument. This will output the callstacks of the leaked allocations.
Number of updated asset objects reloaded before import = 0Number of asset objects unloaded after import = 9

========================================================================
Received Import Request.
  Time since last request: 0.000024 seconds.
  path: Assets/Aligned Games/Polygonal Foliage Asset Package/Models/Rocks/Rock10/rock_10.prefab
  artifactKey: Guid(2c939f2d9e25a874d82be63fc70a4d32) Importer(2089858483,3d70f49cd1c2eb9ae422958d1c652c6b)
Start importing Assets/Aligned Games/Polygonal Foliage Asset Package/Models/Rocks/Rock10/rock_10.prefab using Guid(2c939f2d9e25a874d82be63fc70a4d32) Importer(2089858483,3d70f49cd1c2eb9ae422958d1c652c6b) (ScriptedImporter) -> (artifact id: '010a121ef330f138697a54309893cecc') in 0.0143975 seconds
Internal: There are remaining Allocations on the JobTempAlloc. This is a leak, and will impact performance
To Debug, run app with -diag-job-temp-memory-leak-validation cmd line argument. This will output the callstacks of the leaked allocations.
Number of updated asset objects reloaded before import = 0Number of asset objects unloaded after import = 9

========================================================================
Received Import Request.
  Time since last request: 0.000024 seconds.
  path: Assets/Aligned Games/Polygonal Foliage Asset Package/Models/Rocks/Rock27/rock_27.prefab
  artifactKey: Guid(c1ed4cd9bbdf59a4bb6c5b4013e83f05) Importer(2089858483,3d70f49cd1c2eb9ae422958d1c652c6b)
Start importing Assets/Aligned Games/Polygonal Foliage Asset Package/Models/Rocks/Rock27/rock_27.prefab using Guid(c1ed4cd9bbdf59a4bb6c5b4013e83f05) Importer(2089858483,3d70f49cd1c2eb9ae422958d1c652c6b) (ScriptedImporter) -> (artifact id: '44f9598c1e15c961c636dda2e17b378d') in 0.0129879 seconds
Internal: There are remaining Allocations on the JobTempAlloc. This is a leak, and will impact performance
To Debug, run app with -diag-job-temp-memory-leak-validation cmd line argument. This will output the callstacks of the leaked allocations.
Number of updated asset objects reloaded before import = 0Number of asset objects unloaded after import = 9

========================================================================
Received Import Request.
  Time since last request: 0.000024 seconds.
  path: Assets/Aligned Games/Polygonal Foliage Asset Package/Models/Logs/Log4/log_4.prefab
  artifactKey: Guid(60c625b36fb3e2841a33f33b7ea8d474) Importer(2089858483,3d70f49cd1c2eb9ae422958d1c652c6b)
Start importing Assets/Aligned Games/Polygonal Foliage Asset Package/Models/Logs/Log4/log_4.prefab using Guid(60c625b36fb3e2841a33f33b7ea8d474) Importer(2089858483,3d70f49cd1c2eb9ae422958d1c652c6b) (ScriptedImporter) -> (artifact id: '6ff1a4c0116d03f60b9d78c7743da4ab') in 0.0159498 seconds
Internal: There are remaining Allocations on the JobTempAlloc. This is a leak, and will impact performance
To Debug, run app with -diag-job-temp-memory-leak-validation cmd line argument. This will output the callstacks of the leaked allocations.
Number of updated asset objects reloaded before import = 0Number of asset objects unloaded after import = 9

========================================================================
Received Import Request.
  Time since last request: 0.000019 seconds.
  path: Assets/lineAcross_ENV.forest/Prefabs/LogsPreFabs/wood_1b.prefab
  artifactKey: Guid(4cad09d738ffcd5478cf78ac94ef8165) Importer(2089858483,3d70f49cd1c2eb9ae422958d1c652c6b)
Start importing Assets/lineAcross_ENV.forest/Prefabs/LogsPreFabs/wood_1b.prefab using Guid(4cad09d738ffcd5478cf78ac94ef8165) Importer(2089858483,3d70f49cd1c2eb9ae422958d1c652c6b) (ScriptedImporter) -> (artifact id: '6de1611625f86959b708ceb3704a4b90') in 0.0127244 seconds
Internal: There are remaining Allocations on the JobTempAlloc. This is a leak, and will impact performance
To Debug, run app with -diag-job-temp-memory-leak-validation cmd line argument. This will output the callstacks of the leaked allocations.
Number of updated asset objects reloaded before import = 0Number of asset objects unloaded after import = 8

========================================================================
Received Import Request.
  Time since last request: 0.000028 seconds.
  path: Assets/lineAcross_ENV.forest/Prefabs/DecorationPreFabs/streetlamp_1a.prefab
  artifactKey: Guid(8ef6e3d48988b8147ac0403c95c8f649) Importer(2089858483,3d70f49cd1c2eb9ae422958d1c652c6b)
Start importing Assets/lineAcross_ENV.forest/Prefabs/DecorationPreFabs/streetlamp_1a.prefab using Guid(8ef6e3d48988b8147ac0403c95c8f649) Importer(2089858483,3d70f49cd1c2eb9ae422958d1c652c6b) (ScriptedImporter) -> (artifact id: '54e4a5e088594c34316949bc5c7c4c96') in 0.0183752 seconds
Internal: There are remaining Allocations on the JobTempAlloc. This is a leak, and will impact performance
To Debug, run app with -diag-job-temp-memory-leak-validation cmd line argument. This will output the callstacks of the leaked allocations.
Number of updated asset objects reloaded before import = 0Number of asset objects unloaded after import = 8

========================================================================
Received Import Request.
  Time since last request: 0.000019 seconds.
  path: Assets/lineAcross_ENV.forest/Info/Document.txt
  artifactKey: Guid(1f72b6272cecbe94496feccfccf43fde) Importer(2089858483,192608db42251d675da83286b1cce702)
Start importing Assets/lineAcross_ENV.forest/Info/Document.txt using Guid(1f72b6272cecbe94496feccfccf43fde) Importer(2089858483,192608db42251d675da83286b1cce702) (ScriptedImporter) -> (artifact id: 'db2f2dc093e24df7baf2f2c8e2e1334f') in 0.0190267 seconds
Internal: There are remaining Allocations on the JobTempAlloc. This is a leak, and will impact performance
To Debug, run app with -diag-job-temp-memory-leak-validation cmd line argument. This will output the callstacks of the leaked allocations.
Number of updated asset objects reloaded before import = 0Number of asset objects unloaded after import = 1

========================================================================
Received Import Request.
  Time since last request: 0.000022 seconds.
  path: Assets/lineAcross_ENV.forest/Trees/tree_3b.fbx
  artifactKey: Guid(d6af8c3764967e54288607e40d68f4b2) Importer(2089858483,192608db42251d675da83286b1cce702)
Start importing Assets/lineAcross_ENV.forest/Trees/tree_3b.fbx using Guid(d6af8c3764967e54288607e40d68f4b2) Importer(2089858483,192608db42251d675da83286b1cce702) (ScriptedImporter) -> (artifact id: '6207ce18df2189960c245962f116de9b') in 0.0210362 seconds
Internal: There are remaining Allocations on the JobTempAlloc. This is a leak, and will impact performance
To Debug, run app with -diag-job-temp-memory-leak-validation cmd line argument. This will output the callstacks of the leaked allocations.
Number of updated asset objects reloaded before import = 0Number of asset objects unloaded after import = 10

========================================================================
Received Import Request.
  Time since last request: 0.000017 seconds.
  path: Assets/lineAcross_ENV.forest/Trees/tree_2a.fbx
  artifactKey: Guid(6209543d091bb44448ccb7dae6cfa6df) Importer(2089858483,192608db42251d675da83286b1cce702)
Start importing Assets/lineAcross_ENV.forest/Trees/tree_2a.fbx using Guid(6209543d091bb44448ccb7dae6cfa6df) Importer(2089858483,192608db42251d675da83286b1cce702) (ScriptedImporter) -> (artifact id: '0570ab77f540fc36c78d11160e9246f9') in 0.0200536 seconds
Internal: There are remaining Allocations on the JobTempAlloc. This is a leak, and will impact performance
To Debug, run app with -diag-job-temp-memory-leak-validation cmd line argument. This will output the callstacks of the leaked allocations.
Number of updated asset objects reloaded before import = 0Number of asset objects unloaded after import = 10

========================================================================
Received Import Request.
  Time since last request: 0.000028 seconds.
  path: Assets/lineAcross_ENV.forest/Trees/tree_5c.fbx
  artifactKey: Guid(abc06318a03624849bb7f1c60568b586) Importer(2089858483,192608db42251d675da83286b1cce702)
Start importing Assets/lineAcross_ENV.forest/Trees/tree_5c.fbx using Guid(abc06318a03624849bb7f1c60568b586) Importer(2089858483,192608db42251d675da83286b1cce702) (ScriptedImporter) -> (artifact id: 'f56454624cc45c69389f996f1b1b8228') in 0.0332233 seconds
Internal: There are remaining Allocations on the JobTempAlloc. This is a leak, and will impact performance
To Debug, run app with -diag-job-temp-memory-leak-validation cmd line argument. This will output the callstacks of the leaked allocations.
Number of updated asset objects reloaded before import = 0Number of asset objects unloaded after import = 10

========================================================================
Received Import Request.
  Time since last request: 0.000027 seconds.
  path: Assets/Low Poly Nature Pack Lite/Models/tent_red.fbx
  artifactKey: Guid(9920c8b11a1808b41aa1f72316bb9a7d) Importer(2089858483,192608db42251d675da83286b1cce702)
Start importing Assets/Low Poly Nature Pack Lite/Models/tent_red.fbx using Guid(9920c8b11a1808b41aa1f72316bb9a7d) Importer(2089858483,192608db42251d675da83286b1cce702) (ScriptedImporter) -> (artifact id: '8210f852a92a426695f0b87889858d99') in 0.0190661 seconds
Internal: There are remaining Allocations on the JobTempAlloc. This is a leak, and will impact performance
To Debug, run app with -diag-job-temp-memory-leak-validation cmd line argument. This will output the callstacks of the leaked allocations.
Number of updated asset objects reloaded before import = 0Number of asset objects unloaded after import = 7

========================================================================
Received Import Request.
  Time since last request: 0.000020 seconds.
  path: Assets/Low Poly Nature Pack Lite/Prefabs/flower_pink.prefab
  artifactKey: Guid(fa22dfa5dbb837c4c82a8cf353fe2269) Importer(2089858483,192608db42251d675da83286b1cce702)
Start importing Assets/Low Poly Nature Pack Lite/Prefabs/flower_pink.prefab using Guid(fa22dfa5dbb837c4c82a8cf353fe2269) Importer(2089858483,192608db42251d675da83286b1cce702) (ScriptedImporter) -> (artifact id: '78c975d4802f4dbedfffa01619acabc9') in 0.0261424 seconds
Internal: There are remaining Allocations on the JobTempAlloc. This is a leak, and will impact performance
To Debug, run app with -diag-job-temp-memory-leak-validation cmd line argument. This will output the callstacks of the leaked allocations.
Number of updated asset objects reloaded before import = 0Number of asset objects unloaded after import = 7

========================================================================
Received Import Request.
  Time since last request: 0.000022 seconds.
  path: Assets/Low Poly Nature Pack Lite/Models/hills02.fbx
  artifactKey: Guid(56b135fc7eddf6741b41fcf79a1dc858) Importer(2089858483,192608db42251d675da83286b1cce702)
Start importing Assets/Low Poly Nature Pack Lite/Models/hills02.fbx using Guid(56b135fc7eddf6741b41fcf79a1dc858) Importer(2089858483,192608db42251d675da83286b1cce702) (ScriptedImporter) -> (artifact id: '2677a85bb36fddfc34c9af56dafceb78') in 0.0244999 seconds
Internal: There are remaining Allocations on the JobTempAlloc. This is a leak, and will impact performance
To Debug, run app with -diag-job-temp-memory-leak-validation cmd line argument. This will output the callstacks of the leaked allocations.
Number of updated asset objects reloaded before import = 0Number of asset objects unloaded after import = 7

========================================================================
Received Import Request.
  Time since last request: 0.000019 seconds.
  path: Assets/Low Poly Nature Pack Lite/Models/fence.fbx
  artifactKey: Guid(ae98287187aea8044b54d85fd41679b6) Importer(2089858483,192608db42251d675da83286b1cce702)
Start importing Assets/Low Poly Nature Pack Lite/Models/fence.fbx using Guid(ae98287187aea8044b54d85fd41679b6) Importer(2089858483,192608db42251d675da83286b1cce702) (ScriptedImporter) -> (artifact id: '2a2d975b356cae65a4d060ae2662a3e1') in 0.0457276 seconds
Internal: There are remaining Allocations on the JobTempAlloc. This is a leak, and will impact performance
To Debug, run app with -diag-job-temp-memory-leak-validation cmd line argument. This will output the callstacks of the leaked allocations.
Number of updated asset objects reloaded before import = 0Number of asset objects unloaded after import = 7

========================================================================
Received Import Request.
  Time since last request: 0.000015 seconds.
  path: Assets/Low Poly Nature Pack Lite/Prefabs/mountain.prefab
  artifactKey: Guid(3bbc6b6ea876c5a428a0bc5c54a48d03) Importer(2089858483,192608db42251d675da83286b1cce702)
Start importing Assets/Low Poly Nature Pack Lite/Prefabs/mountain.prefab using Guid(3bbc6b6ea876c5a428a0bc5c54a48d03) Importer(2089858483,192608db42251d675da83286b1cce702) (ScriptedImporter) -> (artifact id: 'f3c38e32f2f46bb9885636201d66dec6') in 0.0254024 seconds
Internal: There are remaining Allocations on the JobTempAlloc. This is a leak, and will impact performance
To Debug, run app with -diag-job-temp-memory-leak-validation cmd line argument. This will output the callstacks of the leaked allocations.
Number of updated asset objects reloaded before import = 0Number of asset objects unloaded after import = 7

========================================================================
Received Import Request.
  Time since last request: 0.000018 seconds.
  path: Assets/lineAcross_ENV.forest/Meshes/sun_1a.fbx
  artifactKey: Guid(e07764ee64a1ff541be6a9ac543be9a4) Importer(2089858483,192608db42251d675da83286b1cce702)
Start importing Assets/lineAcross_ENV.forest/Meshes/sun_1a.fbx using Guid(e07764ee64a1ff541be6a9ac543be9a4) Importer(2089858483,192608db42251d675da83286b1cce702) (ScriptedImporter) -> (artifact id: 'd2c0724dc182382f0dd0e90de65e597e') in 0.023549 seconds
Internal: There are remaining Allocations on the JobTempAlloc. This is a leak, and will impact performance
To Debug, run app with -diag-job-temp-memory-leak-validation cmd line argument. This will output the callstacks of the leaked allocations.
Number of updated asset objects reloaded before import = 0Number of asset objects unloaded after import = 10

========================================================================
Received Import Request.
  Time since last request: 0.000022 seconds.
  path: Assets/Aligned Games/Polygonal Foliage Asset Package/Models/Trees/Tree15/tree_15.prefab
  artifactKey: Guid(a51cbbedadaf47d479bc6a1c47b46f5b) Importer(2089858483,3d70f49cd1c2eb9ae422958d1c652c6b)
Start importing Assets/Aligned Games/Polygonal Foliage Asset Package/Models/Trees/Tree15/tree_15.prefab using Guid(a51cbbedadaf47d479bc6a1c47b46f5b) Importer(2089858483,3d70f49cd1c2eb9ae422958d1c652c6b) (ScriptedImporter) -> (artifact id: '6004f5af432bbae2fcf4f1a85bf5ed52') in 0.0133439 seconds
Internal: There are remaining Allocations on the JobTempAlloc. This is a leak, and will impact performance
To Debug, run app with -diag-job-temp-memory-leak-validation cmd line argument. This will output the callstacks of the leaked allocations.
Number of updated asset objects reloaded before import = 0Number of asset objects unloaded after import = 9

========================================================================
Received Import Request.
  Time since last request: 0.000020 seconds.
  path: Assets/Aligned Games/Polygonal Foliage Asset Package/Models/Trees/Tree4/tree_4.prefab
  artifactKey: Guid(489490c7014e5f24f846fba9f41f1bbd) Importer(2089858483,3d70f49cd1c2eb9ae422958d1c652c6b)
Start importing Assets/Aligned Games/Polygonal Foliage Asset Package/Models/Trees/Tree4/tree_4.prefab using Guid(489490c7014e5f24f846fba9f41f1bbd) Importer(2089858483,3d70f49cd1c2eb9ae422958d1c652c6b) (ScriptedImporter) -> (artifact id: '4de82485f57e153c7aa72af45705379e') in 0.0136022 seconds
Internal: There are remaining Allocations on the JobTempAlloc. This is a leak, and will impact performance
To Debug, run app with -diag-job-temp-memory-leak-validation cmd line argument. This will output the callstacks of the leaked allocations.
Number of updated asset objects reloaded before import = 0Number of asset objects unloaded after import = 9

========================================================================
Received Import Request.
  Time since last request: 0.000031 seconds.
  path: Assets/lineAcross_ENV.forest/Prefabs/GrassFlowersPreFabs/grass_1b.prefab
  artifactKey: Guid(2b5e3e7ca8d88f0428d005de4786a23f) Importer(2089858483,3d70f49cd1c2eb9ae422958d1c652c6b)
Start importing Assets/lineAcross_ENV.forest/Prefabs/GrassFlowersPreFabs/grass_1b.prefab using Guid(2b5e3e7ca8d88f0428d005de4786a23f) Importer(2089858483,3d70f49cd1c2eb9ae422958d1c652c6b) (ScriptedImporter) -> (artifact id: '7b99cdd2fb4613a71464b63be0545b1b') in 0.0161907 seconds
Internal: There are remaining Allocations on the JobTempAlloc. This is a leak, and will impact performance
To Debug, run app with -diag-job-temp-memory-leak-validation cmd line argument. This will output the callstacks of the leaked allocations.
Number of updated asset objects reloaded before import = 0Number of asset objects unloaded after import = 8

========================================================================
Received Import Request.
  Time since last request: 0.000031 seconds.
  path: Assets/Scenes/Origin_v2 1.unity
  artifactKey: Guid(970eeab344614344abd38b827992a39f) Importer(2089858483,192608db42251d675da83286b1cce702)
Start importing Assets/Scenes/Origin_v2 1.unity using Guid(970eeab344614344abd38b827992a39f) Importer(2089858483,192608db42251d675da83286b1cce702) (ScriptedImporter) -> (artifact id: 'bfe67cda713aec7889943a4dcaa0678b') in 0.0338304 seconds
Internal: There are remaining Allocations on the JobTempAlloc. This is a leak, and will impact performance
To Debug, run app with -diag-job-temp-memory-leak-validation cmd line argument. This will output the callstacks of the leaked allocations.
Number of updated asset objects reloaded before import = 0Number of asset objects unloaded after import = 1

========================================================================
Received Import Request.
  Time since last request: 0.000027 seconds.
  path: Assets/lineAcross_ENV.forest/Prefabs/GrassFlowersPreFabs/Bush_1a.prefab
  artifactKey: Guid(dc71d53449fb4964ba24a023c9b70bc6) Importer(2089858483,3d70f49cd1c2eb9ae422958d1c652c6b)
Start importing Assets/lineAcross_ENV.forest/Prefabs/GrassFlowersPreFabs/Bush_1a.prefab using Guid(dc71d53449fb4964ba24a023c9b70bc6) Importer(2089858483,3d70f49cd1c2eb9ae422958d1c652c6b) (ScriptedImporter) -> (artifact id: 'f91a64a0546fbe9e246d0b7c7f7b8e1f') in 0.01166 seconds
Internal: There are remaining Allocations on the JobTempAlloc. This is a leak, and will impact performance
To Debug, run app with -diag-job-temp-memory-leak-validation cmd line argument. This will output the callstacks of the leaked allocations.
Number of updated asset objects reloaded before import = 0Number of asset objects unloaded after import = 8

========================================================================
Received Import Request.
  Time since last request: 0.510444 seconds.
  path: Assets/Low Poly Nature Pack Lite/Prefabs/mushroom01_red.prefab
  artifactKey: Guid(7b0524671e2c98b418d4682a8a641d0e) Importer(2089858483,192608db42251d675da83286b1cce702)
Start importing Assets/Low Poly Nature Pack Lite/Prefabs/mushroom01_red.prefab using Guid(7b0524671e2c98b418d4682a8a641d0e) Importer(2089858483,192608db42251d675da83286b1cce702) (ScriptedImporter) -> (artifact id: 'ab79d4fe3596632db1d65030ba74c16c') in 0.0278209 seconds
Internal: There are remaining Allocations on the JobTempAlloc. This is a leak, and will impact performance
To Debug, run app with -diag-job-temp-memory-leak-validation cmd line argument. This will output the callstacks of the leaked allocations.
Number of updated asset objects reloaded before import = 0Number of asset objects unloaded after import = 7

========================================================================
Received Import Request.
  Time since last request: 0.000022 seconds.
  path: Assets/LowPoly Environment Pack/Prefabs/Plant_4.prefab
  artifactKey: Guid(41e722f5443cbd048b675375e24f1beb) Importer(2089858483,192608db42251d675da83286b1cce702)
Start importing Assets/LowPoly Environment Pack/Prefabs/Plant_4.prefab using Guid(41e722f5443cbd048b675375e24f1beb) Importer(2089858483,192608db42251d675da83286b1cce702) (ScriptedImporter) -> (artifact id: '7db767a99c423c942770d268603ebcdc') in 0.0248681 seconds
Internal: There are remaining Allocations on the JobTempAlloc. This is a leak, and will impact performance
To Debug, run app with -diag-job-temp-memory-leak-validation cmd line argument. This will output the callstacks of the leaked allocations.
Number of updated asset objects reloaded before import = 0Number of asset objects unloaded after import = 7

========================================================================
Received Import Request.
  Time since last request: 0.000033 seconds.
  path: Assets/LowPoly Environment Pack/Prefabs/Mounting_3.prefab
  artifactKey: Guid(37bf6b4eaddee8d448771b63238e03d1) Importer(2089858483,192608db42251d675da83286b1cce702)
Start importing Assets/LowPoly Environment Pack/Prefabs/Mounting_3.prefab using Guid(37bf6b4eaddee8d448771b63238e03d1) Importer(2089858483,192608db42251d675da83286b1cce702) (ScriptedImporter) -> (artifact id: '8c7e49ac7c8a9e230fc9c9ec09bfcc2e') in 0.0410155 seconds
Internal: There are remaining Allocations on the JobTempAlloc. This is a leak, and will impact performance
To Debug, run app with -diag-job-temp-memory-leak-validation cmd line argument. This will output the callstacks of the leaked allocations.
Number of updated asset objects reloaded before import = 0Number of asset objects unloaded after import = 7

========================================================================
Received Import Request.
  Time since last request: 0.000022 seconds.
  path: Assets/LowPoly Environment Pack/FBX/Log_3.fbx
  artifactKey: Guid(afd0b1f883c32e241806a5fdf70cb47a) Importer(2089858483,192608db42251d675da83286b1cce702)
Start importing Assets/LowPoly Environment Pack/FBX/Log_3.fbx using Guid(afd0b1f883c32e241806a5fdf70cb47a) Importer(2089858483,192608db42251d675da83286b1cce702) (ScriptedImporter) -> (artifact id: '0ea1f0d05fe8725eb62d062c99dc7aca') in 0.0204325 seconds
Internal: There are remaining Allocations on the JobTempAlloc. This is a leak, and will impact performance
To Debug, run app with -diag-job-temp-memory-leak-validation cmd line argument. This will output the callstacks of the leaked allocations.
Number of updated asset objects reloaded before import = 0Number of asset objects unloaded after import = 7

========================================================================
Received Import Request.
  Time since last request: 0.000023 seconds.
  path: Assets/LowPoly Environment Pack/FBX/Plant_3.fbx
  artifactKey: Guid(90805fe502fa4b94e9cfc4e1c6d566bb) Importer(2089858483,192608db42251d675da83286b1cce702)
Start importing Assets/LowPoly Environment Pack/FBX/Plant_3.fbx using Guid(90805fe502fa4b94e9cfc4e1c6d566bb) Importer(2089858483,192608db42251d675da83286b1cce702) (ScriptedImporter) -> (artifact id: 'f4fb5d6e4921545f51ca1f063e17d765') in 0.0227006 seconds
Internal: There are remaining Allocations on the JobTempAlloc. This is a leak, and will impact performance
To Debug, run app with -diag-job-temp-memory-leak-validation cmd line argument. This will output the callstacks of the leaked allocations.
Number of updated asset objects reloaded before import = 0Number of asset objects unloaded after import = 7

========================================================================
Received Import Request.
  Time since last request: 0.000020 seconds.
  path: Assets/LowPoly Environment Pack/FBX/Rock_4.fbx
  artifactKey: Guid(b58e7fdfb89fbc549b36a69243aee4c0) Importer(2089858483,192608db42251d675da83286b1cce702)
Start importing Assets/LowPoly Environment Pack/FBX/Rock_4.fbx using Guid(b58e7fdfb89fbc549b36a69243aee4c0) Importer(2089858483,192608db42251d675da83286b1cce702) (ScriptedImporter) -> (artifact id: '0106dd7f62a0ee84bf301c789c74c140') in 0.0229477 seconds
Internal: There are remaining Allocations on the JobTempAlloc. This is a leak, and will impact performance
To Debug, run app with -diag-job-temp-memory-leak-validation cmd line argument. This will output the callstacks of the leaked allocations.
Number of updated asset objects reloaded before import = 0Number of asset objects unloaded after import = 7

========================================================================
Received Import Request.
  Time since last request: 0.000025 seconds.
  path: Assets/LowPoly Environment Pack/Prefabs/Plant_6.prefab
  artifactKey: Guid(21cba551342e0284a87bcb1672a662d2) Importer(2089858483,192608db42251d675da83286b1cce702)
Start importing Assets/LowPoly Environment Pack/Prefabs/Plant_6.prefab using Guid(21cba551342e0284a87bcb1672a662d2) Importer(2089858483,192608db42251d675da83286b1cce702) (ScriptedImporter) -> (artifact id: '56d315d698866cc56449f38c5c4d824e') in 0.0263076 seconds
Internal: There are remaining Allocations on the JobTempAlloc. This is a leak, and will impact performance
To Debug, run app with -diag-job-temp-memory-leak-validation cmd line argument. This will output the callstacks of the leaked allocations.
Number of updated asset objects reloaded before import = 0Number of asset objects unloaded after import = 7

========================================================================
Received Import Request.
  Time since last request: 0.000021 seconds.
  path: Assets/LowPoly Environment Pack/FBX/Log_2.fbx
  artifactKey: Guid(a834527aa1ce23a40857bdc293825f3a) Importer(2089858483,192608db42251d675da83286b1cce702)
Start importing Assets/LowPoly Environment Pack/FBX/Log_2.fbx using Guid(a834527aa1ce23a40857bdc293825f3a) Importer(2089858483,192608db42251d675da83286b1cce702) (ScriptedImporter) -> (artifact id: '04947aa45f84676af72ba23c2a018811') in 0.0177877 seconds
Internal: There are remaining Allocations on the JobTempAlloc. This is a leak, and will impact performance
To Debug, run app with -diag-job-temp-memory-leak-validation cmd line argument. This will output the callstacks of the leaked allocations.
Number of updated asset objects reloaded before import = 0Number of asset objects unloaded after import = 7

========================================================================
Received Import Request.
  Time since last request: 0.608166 seconds.
  path: Assets/Stylized NPC - Peasant Nolant/Materials/Peasant Nolant Blue.mat
  artifactKey: Guid(c0eef74a623ce29459e6b936afe3c76a) Importer(2089858483,192608db42251d675da83286b1cce702)
Start importing Assets/Stylized NPC - Peasant Nolant/Materials/Peasant Nolant Blue.mat using Guid(c0eef74a623ce29459e6b936afe3c76a) Importer(2089858483,192608db42251d675da83286b1cce702) (ScriptedImporter) -> (artifact id: 'b41e417e727e9f3fd62b5b4d0c5a1a51') in 0.0493234 seconds
Internal: There are remaining Allocations on the JobTempAlloc. This is a leak, and will impact performance
To Debug, run app with -diag-job-temp-memory-leak-validation cmd line argument. This will output the callstacks of the leaked allocations.
Number of updated asset objects reloaded before import = 0Number of asset objects unloaded after import = 3

========================================================================
Received Import Request.
  Time since last request: 0.000033 seconds.
  path: Assets/TextMesh Pro/Shaders/TMP_SDF-Mobile SSD.shader
  artifactKey: Guid(c8d12adcee749c344b8117cf7c7eb912) Importer(2089858483,192608db42251d675da83286b1cce702)
Start importing Assets/TextMesh Pro/Shaders/TMP_SDF-Mobile SSD.shader using Guid(c8d12adcee749c344b8117cf7c7eb912) Importer(2089858483,192608db42251d675da83286b1cce702) (ScriptedImporter) -> (artifact id: '6790ca2b7cb66bef2a53fe7dad4edd9d') in 0.0209966 seconds
Internal: There are remaining Allocations on the JobTempAlloc. This is a leak, and will impact performance
To Debug, run app with -diag-job-temp-memory-leak-validation cmd line argument. This will output the callstacks of the leaked allocations.
Number of updated asset objects reloaded before import = 0Number of asset objects unloaded after import = 1

========================================================================
Received Import Request.
  Time since last request: 0.000033 seconds.
  path: Assets/lineAcross_ENV.forest/Prefabs/LogsPreFabs/woodboard_1a.prefab
  artifactKey: Guid(295c03e77747e994298725b27dedc23f) Importer(2089858483,192608db42251d675da83286b1cce702)
Start importing Assets/lineAcross_ENV.forest/Prefabs/LogsPreFabs/woodboard_1a.prefab using Guid(295c03e77747e994298725b27dedc23f) Importer(2089858483,192608db42251d675da83286b1cce702) (ScriptedImporter) -> (artifact id: '08014323122ba532567eb88c001eba6e') in 0.0248641 seconds
Internal: There are remaining Allocations on the JobTempAlloc. This is a leak, and will impact performance
To Debug, run app with -diag-job-temp-memory-leak-validation cmd line argument. This will output the callstacks of the leaked allocations.
Number of updated asset objects reloaded before import = 0Number of asset objects unloaded after import = 7

========================================================================
Received Import Request.
  Time since last request: 0.000023 seconds.
  path: Assets/lineAcross_ENV.forest/Prefabs/GrassFlowersPreFabs/Plant_3a.prefab
  artifactKey: Guid(6f4496da806147043b3c54b714386dd7) Importer(2089858483,192608db42251d675da83286b1cce702)
Start importing Assets/lineAcross_ENV.forest/Prefabs/GrassFlowersPreFabs/Plant_3a.prefab using Guid(6f4496da806147043b3c54b714386dd7) Importer(2089858483,192608db42251d675da83286b1cce702) (ScriptedImporter) -> (artifact id: 'a090ac62ad005e1bbcc62ddc6786b530') in 0.0244943 seconds
Internal: There are remaining Allocations on the JobTempAlloc. This is a leak, and will impact performance
To Debug, run app with -diag-job-temp-memory-leak-validation cmd line argument. This will output the callstacks of the leaked allocations.
Number of updated asset objects reloaded before import = 0Number of asset objects unloaded after import = 7

========================================================================
Received Import Request.
  Time since last request: 0.000022 seconds.
  path: Assets/lineAcross_ENV.forest/Prefabs/LogsPreFabs/log_3b.prefab
  artifactKey: Guid(cdb8074034c009b4e99cdb5690352151) Importer(2089858483,192608db42251d675da83286b1cce702)
Start importing Assets/lineAcross_ENV.forest/Prefabs/LogsPreFabs/log_3b.prefab using Guid(cdb8074034c009b4e99cdb5690352151) Importer(2089858483,192608db42251d675da83286b1cce702) (ScriptedImporter) -> (artifact id: '2442127980db75f64efe0e58d6206945') in 0.0254177 seconds
Internal: There are remaining Allocations on the JobTempAlloc. This is a leak, and will impact performance
To Debug, run app with -diag-job-temp-memory-leak-validation cmd line argument. This will output the callstacks of the leaked allocations.
Number of updated asset objects reloaded before import = 0Number of asset objects unloaded after import = 7

========================================================================
Received Import Request.
  Time since last request: 0.000023 seconds.
  path: Assets/lineAcross_ENV.forest/Prefabs/LogsPreFabs/stump_1a.prefab
  artifactKey: Guid(6e0e7e49503d00c4c9133314da8fe0d7) Importer(2089858483,192608db42251d675da83286b1cce702)
Start importing Assets/lineAcross_ENV.forest/Prefabs/LogsPreFabs/stump_1a.prefab using Guid(6e0e7e49503d00c4c9133314da8fe0d7) Importer(2089858483,192608db42251d675da83286b1cce702) (ScriptedImporter) -> (artifact id: 'c950a7a5b39add3bda4b74258a37e891') in 0.0261872 seconds
Internal: There are remaining Allocations on the JobTempAlloc. This is a leak, and will impact performance
To Debug, run app with -diag-job-temp-memory-leak-validation cmd line argument. This will output the callstacks of the leaked allocations.
Number of updated asset objects reloaded before import = 0Number of asset objects unloaded after import = 7

========================================================================
Received Import Request.
  Time since last request: 0.000023 seconds.
  path: Assets/TextMesh Pro/Shaders/TMP_Bitmap.shader
  artifactKey: Guid(128e987d567d4e2c824d754223b3f3b0) Importer(2089858483,192608db42251d675da83286b1cce702)
Start importing Assets/TextMesh Pro/Shaders/TMP_Bitmap.shader using Guid(128e987d567d4e2c824d754223b3f3b0) Importer(2089858483,192608db42251d675da83286b1cce702) (ScriptedImporter) -> (artifact id: 'e2df91277bef999b91c7cf3fea5fc9a9') in 0.0163374 seconds
Internal: There are remaining Allocations on the JobTempAlloc. This is a leak, and will impact performance
To Debug, run app with -diag-job-temp-memory-leak-validation cmd line argument. This will output the callstacks of the leaked allocations.
Number of updated asset objects reloaded before import = 0Number of asset objects unloaded after import = 1

========================================================================
Received Import Request.
  Time since last request: 0.000025 seconds.
  path: Assets/lineAcross_ENV.forest/Prefabs/MadePrefPreFabs/woodstairs_1a.prefab
  artifactKey: Guid(4e2c3445d70ee0341a306b0e393c7723) Importer(2089858483,192608db42251d675da83286b1cce702)
Start importing Assets/lineAcross_ENV.forest/Prefabs/MadePrefPreFabs/woodstairs_1a.prefab using Guid(4e2c3445d70ee0341a306b0e393c7723) Importer(2089858483,192608db42251d675da83286b1cce702) (ScriptedImporter) -> (artifact id: 'dbfc9bbf49edd3d2f45e803f7580c57b') in 0.0234575 seconds
Internal: There are remaining Allocations on the JobTempAlloc. This is a leak, and will impact performance
To Debug, run app with -diag-job-temp-memory-leak-validation cmd line argument. This will output the callstacks of the leaked allocations.
Number of updated asset objects reloaded before import = 0Number of asset objects unloaded after import = 7

========================================================================
Received Import Request.
  Time since last request: 0.000022 seconds.
  path: Assets/TextMesh Pro/Shaders/TMP_SDF-Surface-Mobile.shader
  artifactKey: Guid(85187c2149c549c5b33f0cdb02836b17) Importer(2089858483,192608db42251d675da83286b1cce702)
Start importing Assets/TextMesh Pro/Shaders/TMP_SDF-Surface-Mobile.shader using Guid(85187c2149c549c5b33f0cdb02836b17) Importer(2089858483,192608db42251d675da83286b1cce702) (ScriptedImporter) -> (artifact id: 'b3e0bff03744eadbfe013941116c08ef') in 0.0152457 seconds
Internal: There are remaining Allocations on the JobTempAlloc. This is a leak, and will impact performance
To Debug, run app with -diag-job-temp-memory-leak-validation cmd line argument. This will output the callstacks of the leaked allocations.
Number of updated asset objects reloaded before import = 0Number of asset objects unloaded after import = 1

========================================================================
Received Import Request.
  Time since last request: 0.000023 seconds.
  path: Assets/lineAcross_ENV.forest/Prefabs/MadePrefPreFabs/House_1a.prefab
  artifactKey: Guid(afbb3d5dd603340439a4b15055099ac0) Importer(2089858483,192608db42251d675da83286b1cce702)
Start importing Assets/lineAcross_ENV.forest/Prefabs/MadePrefPreFabs/House_1a.prefab using Guid(afbb3d5dd603340439a4b15055099ac0) Importer(2089858483,192608db42251d675da83286b1cce702) (ScriptedImporter) -> (artifact id: '76cf304289ed2f2071bef1688d45ea6b') in 0.0406793 seconds
Internal: There are remaining Allocations on the JobTempAlloc. This is a leak, and will impact performance
To Debug, run app with -diag-job-temp-memory-leak-validation cmd line argument. This will output the callstacks of the leaked allocations.
Number of updated asset objects reloaded before import = 0Number of asset objects unloaded after import = 125

Editor requested this worker to shutdown with reason: balancing worker count downwards
AssetImportWorker is now disconnected from the server
Process exiting
Exiting without the bug reporter. Application will terminate with return code 0