Using pre-set license
Built from '2023.2/staging' branch; Version is '2023.2.20f1 (0e25a174756c) revision 927137'; Using compiler version '193431935'; Build Type 'Release'
OS: 'Windows 11  (10.0.26100) 64bit Professional' Language: 'ko' Physical Memory: 32509 MB
BatchMode: 1, IsHumanControllingUs: 0, StartBugReporterOnCrash: 0, Is64bit: 1, IsPro: 1

COMMAND LINE ARGUMENTS:
C:\Program Files\Unity\Hub\Editor\2023.2.20f1\Editor\Unity.exe
-adb2
-batchMode
-noUpm
-name
AssetImportWorker6
-projectPath
C:/Users/user/ProjTest2/Proj
-logFile
Logs/AssetImportWorker6.log
-srvPort
55995
-job-worker-count
11
-background-job-worker-count
8
-asset-garbage-collectors
1
Successfully changed project path to: C:/Users/user/ProjTest2/Proj
C:/Users/user/ProjTest2/Proj
[UnityMemory] Configuration Parameters - Can be set up in boot.config
    "memorysetup-bucket-allocator-granularity=16"
    "memorysetup-bucket-allocator-bucket-count=8"
    "memorysetup-bucket-allocator-block-size=33554432"
    "memorysetup-bucket-allocator-block-count=8"
    "memorysetup-main-allocator-block-size=16777216"
    "memorysetup-thread-allocator-block-size=16777216"
    "memorysetup-gfx-main-allocator-block-size=16777216"
    "memorysetup-gfx-thread-allocator-block-size=16777216"
    "memorysetup-cache-allocator-block-size=4194304"
    "memorysetup-typetree-allocator-block-size=2097152"
    "memorysetup-profiler-bucket-allocator-granularity=16"
    "memorysetup-profiler-bucket-allocator-bucket-count=8"
    "memorysetup-profiler-bucket-allocator-block-size=33554432"
    "memorysetup-profiler-bucket-allocator-block-count=8"
    "memorysetup-profiler-allocator-block-size=16777216"
    "memorysetup-profiler-editor-allocator-block-size=1048576"
    "memorysetup-temp-allocator-size-main=16777216"
    "memorysetup-job-temp-allocator-block-size=2097152"
    "memorysetup-job-temp-allocator-block-size-background=1048576"
    "memorysetup-job-temp-allocator-reduction-small-platforms=262144"
    "memorysetup-allocator-temp-initial-block-size-main=262144"
    "memorysetup-allocator-temp-initial-block-size-worker=262144"
    "memorysetup-temp-allocator-size-background-worker=32768"
    "memorysetup-temp-allocator-size-job-worker=262144"
    "memorysetup-temp-allocator-size-preload-manager=33554432"
    "memorysetup-temp-allocator-size-nav-mesh-worker=65536"
    "memorysetup-temp-allocator-size-audio-worker=65536"
    "memorysetup-temp-allocator-size-cloud-worker=32768"
    "memorysetup-temp-allocator-size-gi-baking-worker=262144"
    "memorysetup-temp-allocator-size-gi-baking-worker=262144"
    "memorysetup-temp-allocator-size-gi-baking-worker=262144"
    "memorysetup-temp-allocator-size-gi-baking-worker=262144"
    "memorysetup-temp-allocator-size-gfx=262144"
Player connection [7856] Host "[IP] 192.168.0.184 [Port] 0 [Flags] 2 [Guid] 2286078216 [EditorId] 2286078216 [Version] 1048832 [Id] WindowsEditor(7,DESKTOP-J8JLBSO) [Debug] 1 [PackageName] WindowsEditor [ProjectName] Editor" joined multi-casting on [225.0.0.222:54997]...
Player connection [7856] Host "[IP] 192.168.0.184 [Port] 0 [Flags] 2 [Guid] 2286078216 [EditorId] 2286078216 [Version] 1048832 [Id] WindowsEditor(7,DESKTOP-J8JLBSO) [Debug] 1 [PackageName] WindowsEditor [ProjectName] Editor" joined alternative multi-casting on [225.0.0.222:34997]...
JobSystem: Creating JobQueue using job-worker-count value 11
[Physics::Module] Initialized MultithreadedJobDispatcher with 11 workers.
Library Redirect Path: Library/
Refreshing native plugins compatible for Editor in 15.55 ms, found 8 plugins.
Preloading 0 native plugins for Editor in 0.00 ms.
Initialize engine version: 2023.2.20f1 (0e25a174756c)
[Subsystems] Discovering subsystems at path C:/Program Files/Unity/Hub/Editor/2023.2.20f1/Editor/Data/Resources/UnitySubsystems
[Subsystems] Discovering subsystems at path C:/Users/user/ProjTest2/Proj/Assets
GfxDevice: creating device client; kGfxThreadingModeNonThreaded
Direct3D:
    Version:  Direct3D 11.0 [level 11.1]
    Renderer: NVIDIA GeForce RTX 4060 (ID=0x2882)
    Vendor:   NVIDIA
    VRAM:     7957 MB
    Driver:   32.0.15.6094
Initialize mono
Mono path[0] = 'C:/Program Files/Unity/Hub/Editor/2023.2.20f1/Editor/Data/Managed'
Mono path[1] = 'C:/Program Files/Unity/Hub/Editor/2023.2.20f1/Editor/Data/MonoBleedingEdge/lib/mono/unityjit-win32'
Mono config path = 'C:/Program Files/Unity/Hub/Editor/2023.2.20f1/Editor/Data/MonoBleedingEdge/etc'
Using monoOptions --debugger-agent=transport=dt_socket,embedding=1,server=y,suspend=n,address=127.0.0.1:56720
Begin MonoManager ReloadAssembly
Registering precompiled unity dll's ...
Register platform support module: C:/Program Files/Unity/Hub/Editor/2023.2.20f1/Editor/Data/PlaybackEngines/WindowsStandaloneSupport/UnityEditor.WindowsStandalone.Extensions.dll
Registered in 0.002378 seconds.
- Loaded All Assemblies, in  0.435 seconds
Native extension for WindowsStandalone target not found
Mono: successfully reloaded assembly
- Finished resetting the current domain, in  0.316 seconds
Domain Reload Profiling: 751ms
	BeginReloadAssembly (142ms)
		ExecutionOrderSort (0ms)
		DisableScriptedObjects (0ms)
		BackupInstance (0ms)
		ReleaseScriptingObjects (0ms)
		CreateAndSetChildDomain (1ms)
	RebuildCommonClasses (40ms)
	RebuildNativeTypeToScriptingClass (12ms)
	initialDomainReloadingComplete (57ms)
	LoadAllAssembliesAndSetupDomain (183ms)
		LoadAssemblies (140ms)
		RebuildTransferFunctionScriptingTraits (0ms)
		AnalyzeDomain (180ms)
			TypeCache.Refresh (178ms)
				TypeCache.ScanAssembly (158ms)
			BuildScriptInfoCaches (0ms)
			ResolveRequiredComponents (0ms)
	FinalizeReload (317ms)
		ReleaseScriptCaches (0ms)
		RebuildScriptCaches (0ms)
		SetupLoadedEditorAssemblies (250ms)
			LogAssemblyErrors (0ms)
			InitializePlatformSupportModulesInManaged (9ms)
			SetLoadedEditorAssemblies (5ms)
			BeforeProcessingInitializeOnLoad (5ms)
			ProcessInitializeOnLoadAttributes (173ms)
			ProcessInitializeOnLoadMethodAttributes (57ms)
			AfterProcessingInitializeOnLoad (0ms)
			EditorAssembliesLoaded (0ms)
		ExecutionOrderSort2 (0ms)
		AwakeInstancesAfterBackupRestoration (0ms)
========================================================================
Worker process is ready to serve import requests
Import Worker Mode flag is 0x00
Begin MonoManager ReloadAssembly
Symbol file LoadedFromMemory doesn't match image C:\Users\user\ProjTest2\Proj\Library\PackageCache\com.unity.visualscripting@1.8.0\Editor\VisualScripting.Core\Dependencies\YamlDotNet\Unity.VisualScripting.YamlDotNet.dll
Symbol file LoadedFromMemory doesn't match image C:\Users\user\ProjTest2\Proj\Library\PackageCache\com.unity.visualscripting@1.8.0\Editor\VisualScripting.Core\Dependencies\DotNetZip\Unity.VisualScripting.IonicZip.dll
Symbol file LoadedFromMemory is not a mono symbol file
- Loaded All Assemblies, in  1.508 seconds
Refreshing native plugins compatible for Editor in 6.21 ms, found 8 plugins.
Native extension for WindowsStandalone target not found
Refreshing native plugins compatible for Editor in 5.63 ms, found 8 plugins.
Mono: successfully reloaded assembly
- Finished resetting the current domain, in  1.114 seconds
Domain Reload Profiling: 2617ms
	BeginReloadAssembly (438ms)
		ExecutionOrderSort (0ms)
		DisableScriptedObjects (5ms)
		BackupInstance (0ms)
		ReleaseScriptingObjects (0ms)
		CreateAndSetChildDomain (42ms)
	RebuildCommonClasses (61ms)
	RebuildNativeTypeToScriptingClass (14ms)
	initialDomainReloadingComplete (52ms)
	LoadAllAssembliesAndSetupDomain (936ms)
		LoadAssemblies (597ms)
		RebuildTransferFunctionScriptingTraits (0ms)
		AnalyzeDomain (445ms)
			TypeCache.Refresh (363ms)
				TypeCache.ScanAssembly (325ms)
			BuildScriptInfoCaches (63ms)
			ResolveRequiredComponents (13ms)
	FinalizeReload (1115ms)
		ReleaseScriptCaches (0ms)
		RebuildScriptCaches (0ms)
		SetupLoadedEditorAssemblies (836ms)
			LogAssemblyErrors (0ms)
			InitializePlatformSupportModulesInManaged (3ms)
			SetLoadedEditorAssemblies (6ms)
			BeforeProcessingInitializeOnLoad (87ms)
			ProcessInitializeOnLoadAttributes (509ms)
			ProcessInitializeOnLoadMethodAttributes (226ms)
			AfterProcessingInitializeOnLoad (4ms)
			EditorAssembliesLoaded (0ms)
		ExecutionOrderSort2 (0ms)
		AwakeInstancesAfterBackupRestoration (13ms)
Launched and connected shader compiler UnityShaderCompiler.exe after 0.32 seconds
Refreshing native plugins compatible for Editor in 5.24 ms, found 8 plugins.
Preloading 0 native plugins for Editor in 0.00 ms.
Unloading 202 Unused Serialized files (Serialized files now loaded: 0)
Unloading 7573 unused Assets / (7.1 MB). Loaded Objects now: 8260.
Memory consumption went from 200.8 MB to 193.7 MB.
Total: 17.135500 ms (FindLiveObjects: 0.780700 ms CreateObjectMapping: 0.809100 ms MarkObjects: 11.102900 ms  DeleteObjects: 4.441500 ms)

========================================================================
Received Import Request.
  Time since last request: 749699.091107 seconds.
  path: Assets/lineAcross_ENV.forest/Logs/wood_3b.fbx
  artifactKey: Guid(53593e1b65e5c31468cabd5fbdec44bc) Importer(2089858483,192608db42251d675da83286b1cce702)
Start importing Assets/lineAcross_ENV.forest/Logs/wood_3b.fbx using Guid(53593e1b65e5c31468cabd5fbdec44bc) Importer(2089858483,192608db42251d675da83286b1cce702) (ScriptedImporter) -> (artifact id: '41875ffd881df079cfb032cda5dbc2d6') in 0.2904514 seconds
Number of updated asset objects reloaded before import = 0Number of asset objects unloaded after import = 10

========================================================================
Received Import Request.
  Time since last request: 0.000513 seconds.
  path: Assets/StarterAssets/Mobile/Prefabs/EventSystem/UI_EventSystem.prefab
  artifactKey: Guid(f0271df749728104eac22c3d897fd8ce) Importer(2089858483,3d70f49cd1c2eb9ae422958d1c652c6b)
Start importing Assets/StarterAssets/Mobile/Prefabs/EventSystem/UI_EventSystem.prefab using Guid(f0271df749728104eac22c3d897fd8ce) Importer(2089858483,3d70f49cd1c2eb9ae422958d1c652c6b) (ScriptedImporter) -> (artifact id: '088b1383b41aa3c7a545d7380e3beae4') in 0.0210823 seconds
Number of updated asset objects reloaded before import = 0Number of asset objects unloaded after import = 17

========================================================================
Received Import Request.
  Time since last request: 0.000023 seconds.
  path: Assets/lineAcross_ENV.forest/Meshes/Mesh_2a.fbx
  artifactKey: Guid(bed1027cd867be848992fc4c9329ab38) Importer(2089858483,192608db42251d675da83286b1cce702)
Start importing Assets/lineAcross_ENV.forest/Meshes/Mesh_2a.fbx using Guid(bed1027cd867be848992fc4c9329ab38) Importer(2089858483,192608db42251d675da83286b1cce702) (ScriptedImporter) -> (artifact id: 'c62002eaa461aca542dd8376d948f9e2') in 0.0236895 seconds
Number of updated asset objects reloaded before import = 0Number of asset objects unloaded after import = 10

========================================================================
Received Import Request.
  Time since last request: 0.000024 seconds.
  path: Assets/lineAcross_ENV.forest/MadePref/woodstairs_1a.fbx
  artifactKey: Guid(91283a2e1a8e4a14e8c34008cc99a7c7) Importer(2089858483,192608db42251d675da83286b1cce702)
Start importing Assets/lineAcross_ENV.forest/MadePref/woodstairs_1a.fbx using Guid(91283a2e1a8e4a14e8c34008cc99a7c7) Importer(2089858483,192608db42251d675da83286b1cce702) (ScriptedImporter) -> (artifact id: '90f3ec7f5bb48e8fdf91d8785cdfbd33') in 0.0226585 seconds
Number of updated asset objects reloaded before import = 0Number of asset objects unloaded after import = 10

========================================================================
Received Import Request.
  Time since last request: 0.000021 seconds.
  path: Assets/lineAcross_ENV.forest/Rocks/roadrock_2a.fbx
  artifactKey: Guid(3d3c3fe7e8ba07b4f8909e44042eef47) Importer(2089858483,192608db42251d675da83286b1cce702)
Start importing Assets/lineAcross_ENV.forest/Rocks/roadrock_2a.fbx using Guid(3d3c3fe7e8ba07b4f8909e44042eef47) Importer(2089858483,192608db42251d675da83286b1cce702) (ScriptedImporter) -> (artifact id: '311e0a9122cf1ccacf4d783fa869166c') in 0.0282938 seconds
Number of updated asset objects reloaded before import = 0Number of asset objects unloaded after import = 10

========================================================================
Received Import Request.
  Time since last request: 0.000565 seconds.
  path: Assets/Aligned Games/Polygonal Foliage Asset Package/Models/Debris/Debris1/debris_1.prefab
  artifactKey: Guid(5d788daea732b364bb3bc1330d4e792f) Importer(2089858483,3d70f49cd1c2eb9ae422958d1c652c6b)
Start importing Assets/Aligned Games/Polygonal Foliage Asset Package/Models/Debris/Debris1/debris_1.prefab using Guid(5d788daea732b364bb3bc1330d4e792f) Importer(2089858483,3d70f49cd1c2eb9ae422958d1c652c6b) (ScriptedImporter) -> (artifact id: '94e352d4c25db12eceba4064877136d6') in 0.0151234 seconds
Number of updated asset objects reloaded before import = 0Number of asset objects unloaded after import = 9

========================================================================
Received Import Request.
  Time since last request: 0.000150 seconds.
  path: Assets/Aligned Games/Polygonal Foliage Asset Package/Models/Cliffs/Cliff4/cliff_4.prefab
  artifactKey: Guid(368393f9b1a9c7840ac8af597f29afdc) Importer(2089858483,3d70f49cd1c2eb9ae422958d1c652c6b)
Start importing Assets/Aligned Games/Polygonal Foliage Asset Package/Models/Cliffs/Cliff4/cliff_4.prefab using Guid(368393f9b1a9c7840ac8af597f29afdc) Importer(2089858483,3d70f49cd1c2eb9ae422958d1c652c6b) (ScriptedImporter) -> (artifact id: 'd4a295be7d30a41b51daa4a2c79f0336') in 0.0118952 seconds
Number of updated asset objects reloaded before import = 0Number of asset objects unloaded after import = 9

========================================================================
Received Import Request.
  Time since last request: 0.000020 seconds.
  path: Assets/Aligned Games/Polygonal Foliage Asset Package/Models/Debris/Debris3/debris_3.prefab
  artifactKey: Guid(c185db8f8ca24c84d8c14fac8fcc9ac2) Importer(2089858483,3d70f49cd1c2eb9ae422958d1c652c6b)
Start importing Assets/Aligned Games/Polygonal Foliage Asset Package/Models/Debris/Debris3/debris_3.prefab using Guid(c185db8f8ca24c84d8c14fac8fcc9ac2) Importer(2089858483,3d70f49cd1c2eb9ae422958d1c652c6b) (ScriptedImporter) -> (artifact id: 'e45ad13aecfe5413355a4f10664f1eba') in 0.0135307 seconds
Number of updated asset objects reloaded before import = 0Number of asset objects unloaded after import = 9

========================================================================
Received Import Request.
  Time since last request: 0.000026 seconds.
  path: Assets/LowPoly Environment Pack/Demo/Demo 2.unity
  artifactKey: Guid(1728c33fb4b47e245a0598bcb1f88c83) Importer(2089858483,3d70f49cd1c2eb9ae422958d1c652c6b)
Start importing Assets/LowPoly Environment Pack/Demo/Demo 2.unity using Guid(1728c33fb4b47e245a0598bcb1f88c83) Importer(2089858483,3d70f49cd1c2eb9ae422958d1c652c6b) (ScriptedImporter)Opening scene 'Assets/LowPoly Environment Pack/Demo/Demo 2.unity additively'
Problem detected while opening the Scene file: 'Assets/LowPoly Environment Pack/Demo/Demo 2.unity'.
Check the following logs for more details.
UnityEngine.Debug:ExtractStackTraceNoAlloc (byte*,int,string)
UnityEngine.StackTraceUtility:ExtractStackTrace ()
UnityEditor.SceneManagement.EditorSceneManager:OpenScene (string,UnityEditor.SceneManagement.OpenSceneMode)
UnityEditor.Search.AssetIndexer:IndexScene (string,bool)
UnityEditor.Search.AssetIndexer:IndexSceneDocument (string,bool)
UnityEditor.Search.AssetIndexer:IndexDocument (string,bool)
UnityEditor.Search.SearchIndexEntryImporter:OnImportAsset (UnityEditor.AssetImporters.AssetImportContext)
UnityEditor.AssetImporters.ScriptedImporter:GenerateAssetData (UnityEditor.AssetImporters.AssetImportContext)

[C:\build\output\unity\unity\Runtime\PreloadManager\LoadSceneOperation.cpp line 825]

Component at index 2 could not be loaded when loading game object 'Camera'. Removing it.
UnityEngine.Debug:ExtractStackTraceNoAlloc (byte*,int,string)
UnityEngine.StackTraceUtility:ExtractStackTrace ()
UnityEditor.SceneManagement.EditorSceneManager:OpenScene (string,UnityEditor.SceneManagement.OpenSceneMode)
UnityEditor.Search.AssetIndexer:IndexScene (string,bool)
UnityEditor.Search.AssetIndexer:IndexSceneDocument (string,bool)
UnityEditor.Search.AssetIndexer:IndexDocument (string,bool)
UnityEditor.Search.SearchIndexEntryImporter:OnImportAsset (UnityEditor.AssetImporters.AssetImportContext)
UnityEditor.AssetImporters.ScriptedImporter:GenerateAssetData (UnityEditor.AssetImporters.AssetImportContext)

[C:\build\output\unity\unity\Runtime\BaseClasses\ErrorsAndWarningsCapture.cpp line 73]

Loaded scene 'Assets/LowPoly Environment Pack/Demo/Demo 2.unity'
	Deserialize:            22.942 ms
	Integration:            15.955 ms
	Integration of assets:  0.007 ms
	Thread Wait Time:       0.003 ms
	Total Operation Time:   38.907 ms
 -> (artifact id: 'a5066c7e067fe4acdc115f8db2794065') in 0.0884873 seconds
Number of updated asset objects reloaded before import = 0Number of asset objects unloaded after import = 84

========================================================================
Received Import Request.
  Time since last request: 0.236468 seconds.
  path: Assets/Low Poly Nature Pack Lite/Prefabs/log.prefab
  artifactKey: Guid(8903b880fc4929849a397647a18494c6) Importer(2089858483,3d70f49cd1c2eb9ae422958d1c652c6b)
Start importing Assets/Low Poly Nature Pack Lite/Prefabs/log.prefab using Guid(8903b880fc4929849a397647a18494c6) Importer(2089858483,3d70f49cd1c2eb9ae422958d1c652c6b) (ScriptedImporter) -> (artifact id: 'db05e261dfd47177e18199621d74fa39') in 0.0146612 seconds
Number of updated asset objects reloaded before import = 0Number of asset objects unloaded after import = 8

========================================================================
Received Import Request.
  Time since last request: 0.000024 seconds.
  path: Assets/Low Poly Nature Pack Lite/Prefabs/tree01.prefab
  artifactKey: Guid(2349e85a434643647a7f10137f1a5a42) Importer(2089858483,3d70f49cd1c2eb9ae422958d1c652c6b)
Start importing Assets/Low Poly Nature Pack Lite/Prefabs/tree01.prefab using Guid(2349e85a434643647a7f10137f1a5a42) Importer(2089858483,3d70f49cd1c2eb9ae422958d1c652c6b) (ScriptedImporter) -> (artifact id: 'ce0d293480488db5495925b427ac900a') in 0.0152135 seconds
Number of updated asset objects reloaded before import = 0Number of asset objects unloaded after import = 8

========================================================================
Received Import Request.
  Time since last request: 0.000939 seconds.
  path: Assets/lineAcross_ENV.forest/Prefabs/TreesPreFabs/tree_2a.prefab
  artifactKey: Guid(b08072b27473b124c9a4f9a6b33d1bf9) Importer(2089858483,3d70f49cd1c2eb9ae422958d1c652c6b)
Start importing Assets/lineAcross_ENV.forest/Prefabs/TreesPreFabs/tree_2a.prefab using Guid(b08072b27473b124c9a4f9a6b33d1bf9) Importer(2089858483,3d70f49cd1c2eb9ae422958d1c652c6b) (ScriptedImporter) -> (artifact id: 'df7ad375e42e4d3cab5311bf4c5eef9d') in 0.0109826 seconds
Number of updated asset objects reloaded before import = 0Number of asset objects unloaded after import = 8

========================================================================
Received Import Request.
  Time since last request: 0.000489 seconds.
  path: Assets/lineAcross_ENV.forest/GrassFlowersETC/Mushroom_1a.fbx
  artifactKey: Guid(1e5e5acbe40d6b84aaa2adc1aa3f3e3e) Importer(2089858483,192608db42251d675da83286b1cce702)
Start importing Assets/lineAcross_ENV.forest/GrassFlowersETC/Mushroom_1a.fbx using Guid(1e5e5acbe40d6b84aaa2adc1aa3f3e3e) Importer(2089858483,192608db42251d675da83286b1cce702) (ScriptedImporter) -> (artifact id: '92e7fb9a45b178e28101c8bbf0954f34') in 0.0414637 seconds
Number of updated asset objects reloaded before import = 0Number of asset objects unloaded after import = 10

========================================================================
Received Import Request.
  Time since last request: 0.000316 seconds.
  path: Assets/Aligned Games/Polygonal Foliage Asset Package/Models/Rocks/Rock13/rock_13.prefab
  artifactKey: Guid(816c32059bbe7c7419109b770312968d) Importer(2089858483,3d70f49cd1c2eb9ae422958d1c652c6b)
Start importing Assets/Aligned Games/Polygonal Foliage Asset Package/Models/Rocks/Rock13/rock_13.prefab using Guid(816c32059bbe7c7419109b770312968d) Importer(2089858483,3d70f49cd1c2eb9ae422958d1c652c6b) (ScriptedImporter) -> (artifact id: '45b682b0bb83615fdf202f03ffdfc019') in 0.0125026 seconds
Number of updated asset objects reloaded before import = 0Number of asset objects unloaded after import = 9

========================================================================
Received Import Request.
  Time since last request: 0.000196 seconds.
  path: Assets/Aligned Games/Polygonal Foliage Asset Package/Models/Stumps/Stump2/stump_2.prefab
  artifactKey: Guid(472a98e5bb06daa4da9d15bf46986164) Importer(2089858483,3d70f49cd1c2eb9ae422958d1c652c6b)
Start importing Assets/Aligned Games/Polygonal Foliage Asset Package/Models/Stumps/Stump2/stump_2.prefab using Guid(472a98e5bb06daa4da9d15bf46986164) Importer(2089858483,3d70f49cd1c2eb9ae422958d1c652c6b) (ScriptedImporter) -> (artifact id: 'b12d63e2f46c387680fc26392aa3e671') in 0.0099957 seconds
Number of updated asset objects reloaded before import = 0Number of asset objects unloaded after import = 9

========================================================================
Received Import Request.
  Time since last request: 0.001269 seconds.
  path: Assets/Aligned Games/Polygonal Foliage Asset Package/Models/Logs/Log5/log_5.prefab
  artifactKey: Guid(04ef88ae1975d5545a624c7ee5f226bd) Importer(2089858483,3d70f49cd1c2eb9ae422958d1c652c6b)
Start importing Assets/Aligned Games/Polygonal Foliage Asset Package/Models/Logs/Log5/log_5.prefab using Guid(04ef88ae1975d5545a624c7ee5f226bd) Importer(2089858483,3d70f49cd1c2eb9ae422958d1c652c6b) (ScriptedImporter) -> (artifact id: '99acf63f1399b290eada38230f5b7983') in 0.0130228 seconds
Number of updated asset objects reloaded before import = 0Number of asset objects unloaded after import = 9

========================================================================
Received Import Request.
  Time since last request: 0.001078 seconds.
  path: Assets/Aligned Games/Polygonal Foliage Asset Package/Models/Rocks/Rock24/rock_24.prefab
  artifactKey: Guid(75c2d25c43266e04eab39965948f3361) Importer(2089858483,3d70f49cd1c2eb9ae422958d1c652c6b)
Start importing Assets/Aligned Games/Polygonal Foliage Asset Package/Models/Rocks/Rock24/rock_24.prefab using Guid(75c2d25c43266e04eab39965948f3361) Importer(2089858483,3d70f49cd1c2eb9ae422958d1c652c6b) (ScriptedImporter) -> (artifact id: 'adf95d62e9fab221c8d84a7b077d3c26') in 0.012201 seconds
Number of updated asset objects reloaded before import = 0Number of asset objects unloaded after import = 9

========================================================================
Received Import Request.
  Time since last request: 0.002884 seconds.
  path: Assets/Aligned Games/Polygonal Foliage Asset Package/Models/Rocks/Rock21/rock_21.prefab
  artifactKey: Guid(c6bcc207d7e7de747bc89bfb7b81c671) Importer(2089858483,3d70f49cd1c2eb9ae422958d1c652c6b)
Start importing Assets/Aligned Games/Polygonal Foliage Asset Package/Models/Rocks/Rock21/rock_21.prefab using Guid(c6bcc207d7e7de747bc89bfb7b81c671) Importer(2089858483,3d70f49cd1c2eb9ae422958d1c652c6b) (ScriptedImporter) -> (artifact id: '5094afcc5b0481807a4ac141a77b0146') in 0.0137226 seconds
Number of updated asset objects reloaded before import = 0Number of asset objects unloaded after import = 9

========================================================================
Received Import Request.
  Time since last request: 0.000153 seconds.
  path: Assets/Aligned Games/Polygonal Foliage Asset Package/Models/Rocks/Rock15/rock_15.prefab
  artifactKey: Guid(fefd1221c84376442aa6e0e980ce18ac) Importer(2089858483,3d70f49cd1c2eb9ae422958d1c652c6b)
Start importing Assets/Aligned Games/Polygonal Foliage Asset Package/Models/Rocks/Rock15/rock_15.prefab using Guid(fefd1221c84376442aa6e0e980ce18ac) Importer(2089858483,3d70f49cd1c2eb9ae422958d1c652c6b) (ScriptedImporter) -> (artifact id: '6d39a9daf02a89ade1a5001bb5e0217e') in 0.0125026 seconds
Number of updated asset objects reloaded before import = 0Number of asset objects unloaded after import = 9

========================================================================
Received Import Request.
  Time since last request: 0.001226 seconds.
  path: Assets/Aligned Games/Polygonal Foliage Asset Package/Models/Rocks/Rock16/rock_16.prefab
  artifactKey: Guid(be61c66cb65a0174bbd72d369773573a) Importer(2089858483,3d70f49cd1c2eb9ae422958d1c652c6b)
Start importing Assets/Aligned Games/Polygonal Foliage Asset Package/Models/Rocks/Rock16/rock_16.prefab using Guid(be61c66cb65a0174bbd72d369773573a) Importer(2089858483,3d70f49cd1c2eb9ae422958d1c652c6b) (ScriptedImporter) -> (artifact id: '0aa83a09a0a359751c8829f903fb6185') in 0.0132307 seconds
Number of updated asset objects reloaded before import = 0Number of asset objects unloaded after import = 9

========================================================================
Received Import Request.
  Time since last request: 0.001742 seconds.
  path: Assets/Settings/Low_PipelineAsset.asset
  artifactKey: Guid(216c909c7c79cc44fa2a49de960cec00) Importer(2089858483,3d70f49cd1c2eb9ae422958d1c652c6b)
Start importing Assets/Settings/Low_PipelineAsset.asset using Guid(216c909c7c79cc44fa2a49de960cec00) Importer(2089858483,3d70f49cd1c2eb9ae422958d1c652c6b) (ScriptedImporter) -> (artifact id: '6c35329de5a19256b7e1b1a517ce489c') in 0.015926 seconds
Number of updated asset objects reloaded before import = 0Number of asset objects unloaded after import = 2

========================================================================
Received Import Request.
  Time since last request: 0.000021 seconds.
  path: Assets/StarterAssets/Readme.asset
  artifactKey: Guid(4181bfe715a83e843b7538d750dc57cc) Importer(2089858483,192608db42251d675da83286b1cce702)
Start importing Assets/StarterAssets/Readme.asset using Guid(4181bfe715a83e843b7538d750dc57cc) Importer(2089858483,192608db42251d675da83286b1cce702) (ScriptedImporter) -> (artifact id: '5753d917a7ec7595d8e7729cfa85331e') in 0.0307439 seconds
Number of updated asset objects reloaded before import = 0Number of asset objects unloaded after import = 2

========================================================================
Received Import Request.
  Time since last request: 0.005711 seconds.
  path: Assets/Low Poly Nature Pack Lite/Models/grass01.fbx
  artifactKey: Guid(3ea35969007dab74b8387ba5e4b68d4c) Importer(2089858483,192608db42251d675da83286b1cce702)
Start importing Assets/Low Poly Nature Pack Lite/Models/grass01.fbx using Guid(3ea35969007dab74b8387ba5e4b68d4c) Importer(2089858483,192608db42251d675da83286b1cce702) (ScriptedImporter) -> (artifact id: '2ec69e62bf4072a284fa5ddfaba9b7b0') in 0.0221125 seconds
Number of updated asset objects reloaded before import = 0Number of asset objects unloaded after import = 7

========================================================================
Received Import Request.
  Time since last request: 0.000960 seconds.
  path: Assets/Low Poly Nature Pack Lite/Prefabs/hills01.prefab
  artifactKey: Guid(dca737c8a83fb8e4b91db0cf460c0b08) Importer(2089858483,192608db42251d675da83286b1cce702)
Start importing Assets/Low Poly Nature Pack Lite/Prefabs/hills01.prefab using Guid(dca737c8a83fb8e4b91db0cf460c0b08) Importer(2089858483,192608db42251d675da83286b1cce702) (ScriptedImporter) -> (artifact id: 'f0037b2dc840edf23dad90e64f49ec2c') in 0.0277121 seconds
Number of updated asset objects reloaded before import = 0Number of asset objects unloaded after import = 7

========================================================================
Received Import Request.
  Time since last request: 0.000611 seconds.
  path: Assets/lineAcross_ENV.forest/Trees/tree_6b.fbx
  artifactKey: Guid(aa52ccf7a49b65540a885a67d4189248) Importer(2089858483,192608db42251d675da83286b1cce702)
Start importing Assets/lineAcross_ENV.forest/Trees/tree_6b.fbx using Guid(aa52ccf7a49b65540a885a67d4189248) Importer(2089858483,192608db42251d675da83286b1cce702) (ScriptedImporter) -> (artifact id: '91b840dbb963f3838ce297559c53809d') in 0.0287375 seconds
Number of updated asset objects reloaded before import = 0Number of asset objects unloaded after import = 10

========================================================================
Received Import Request.
  Time since last request: 0.000888 seconds.
  path: Assets/Low Poly Nature Pack Lite/Prefabs/grass01.prefab
  artifactKey: Guid(dcecbfe709dd9ae4799cd3243231dffe) Importer(2089858483,192608db42251d675da83286b1cce702)
Start importing Assets/Low Poly Nature Pack Lite/Prefabs/grass01.prefab using Guid(dcecbfe709dd9ae4799cd3243231dffe) Importer(2089858483,192608db42251d675da83286b1cce702) (ScriptedImporter) -> (artifact id: '3282898b737ce9e18cb1079e8397b0bd') in 0.0290162 seconds
Number of updated asset objects reloaded before import = 0Number of asset objects unloaded after import = 7

========================================================================
Received Import Request.
  Time since last request: 0.001165 seconds.
  path: Assets/Low Poly Nature Pack Lite/Materials/colormap.mat
  artifactKey: Guid(b58e3f32b144d4541a1c713746ae827c) Importer(2089858483,192608db42251d675da83286b1cce702)
Start importing Assets/Low Poly Nature Pack Lite/Materials/colormap.mat using Guid(b58e3f32b144d4541a1c713746ae827c) Importer(2089858483,192608db42251d675da83286b1cce702) (ScriptedImporter) -> (artifact id: '10a9a26466939cdeaea2b5404da3992b') in 0.0187282 seconds
Number of updated asset objects reloaded before import = 0Number of asset objects unloaded after import = 3

========================================================================
Received Import Request.
  Time since last request: 0.000120 seconds.
  path: Assets/Low Poly Nature Pack Lite/Models/branch01.fbx
  artifactKey: Guid(6a0d780f56811d249867b8b0465e7385) Importer(2089858483,192608db42251d675da83286b1cce702)
Start importing Assets/Low Poly Nature Pack Lite/Models/branch01.fbx using Guid(6a0d780f56811d249867b8b0465e7385) Importer(2089858483,192608db42251d675da83286b1cce702) (ScriptedImporter) -> (artifact id: 'c935e9747a0d6f30c18d8543ba1413c2') in 0.0207988 seconds
Number of updated asset objects reloaded before import = 0Number of asset objects unloaded after import = 7

========================================================================
Received Import Request.
  Time since last request: 0.000024 seconds.
  path: Assets/Aligned Games/Polygonal Foliage Asset Package/Models/Bushes/Bush9/bush_9.prefab
  artifactKey: Guid(b5c18ee5848d90141bd7c3317eb042d9) Importer(2089858483,3d70f49cd1c2eb9ae422958d1c652c6b)
Start importing Assets/Aligned Games/Polygonal Foliage Asset Package/Models/Bushes/Bush9/bush_9.prefab using Guid(b5c18ee5848d90141bd7c3317eb042d9) Importer(2089858483,3d70f49cd1c2eb9ae422958d1c652c6b) (ScriptedImporter) -> (artifact id: 'b753c323c77034c7dd6bb0a7a84042be') in 0.0147377 seconds
Number of updated asset objects reloaded before import = 0Number of asset objects unloaded after import = 9

========================================================================
Received Import Request.
  Time since last request: 0.001590 seconds.
  path: Assets/lineAcross_ENV.forest/Trees/tree_1b.fbx
  artifactKey: Guid(f51ec9eaf5a5a924c963d84ab3ba2349) Importer(2089858483,192608db42251d675da83286b1cce702)
Start importing Assets/lineAcross_ENV.forest/Trees/tree_1b.fbx using Guid(f51ec9eaf5a5a924c963d84ab3ba2349) Importer(2089858483,192608db42251d675da83286b1cce702) (ScriptedImporter) -> (artifact id: 'cb95a033c59039893343ff9def2ed635') in 0.0348518 seconds
Number of updated asset objects reloaded before import = 0Number of asset objects unloaded after import = 10

========================================================================
Received Import Request.
  Time since last request: 0.001290 seconds.
  path: Assets/lineAcross_ENV.forest/Trees/tree_2b.fbx
  artifactKey: Guid(55682fe0f96d67f4086b82f713ebf304) Importer(2089858483,192608db42251d675da83286b1cce702)
Start importing Assets/lineAcross_ENV.forest/Trees/tree_2b.fbx using Guid(55682fe0f96d67f4086b82f713ebf304) Importer(2089858483,192608db42251d675da83286b1cce702) (ScriptedImporter) -> (artifact id: '7988c429f35171fa3c9a2d337326989b') in 0.0212892 seconds
Number of updated asset objects reloaded before import = 0Number of asset objects unloaded after import = 10

========================================================================
Received Import Request.
  Time since last request: 0.000022 seconds.
  path: Assets/Aligned Games/Polygonal Foliage Asset Package/Models/Trees/Tree23/tree_23.prefab
  artifactKey: Guid(34e12ef5f73a0e14bae2592798570908) Importer(2089858483,3d70f49cd1c2eb9ae422958d1c652c6b)
Start importing Assets/Aligned Games/Polygonal Foliage Asset Package/Models/Trees/Tree23/tree_23.prefab using Guid(34e12ef5f73a0e14bae2592798570908) Importer(2089858483,3d70f49cd1c2eb9ae422958d1c652c6b) (ScriptedImporter) -> (artifact id: 'ddf5680f863ed662a1941c9e1f856a17') in 0.0139218 seconds
Number of updated asset objects reloaded before import = 0Number of asset objects unloaded after import = 9

========================================================================
Received Import Request.
  Time since last request: 0.000329 seconds.
  path: Assets/Aligned Games/Polygonal Foliage Asset Package/Models/Trees/Tree2/tree_2.prefab
  artifactKey: Guid(022349760bfbb684badedaa9c643d25c) Importer(2089858483,3d70f49cd1c2eb9ae422958d1c652c6b)
Start importing Assets/Aligned Games/Polygonal Foliage Asset Package/Models/Trees/Tree2/tree_2.prefab using Guid(022349760bfbb684badedaa9c643d25c) Importer(2089858483,3d70f49cd1c2eb9ae422958d1c652c6b) (ScriptedImporter) -> (artifact id: 'fda823423c682e2d1fdda250dc9f8d7c') in 0.0139083 seconds
Number of updated asset objects reloaded before import = 0Number of asset objects unloaded after import = 9

========================================================================
Received Import Request.
  Time since last request: 0.000356 seconds.
  path: Assets/Aligned Games/Polygonal Foliage Asset Package/Models/Trees/Tree16/tree_16.prefab
  artifactKey: Guid(a4c074be12f86814ea9824e9966e45fb) Importer(2089858483,3d70f49cd1c2eb9ae422958d1c652c6b)
Start importing Assets/Aligned Games/Polygonal Foliage Asset Package/Models/Trees/Tree16/tree_16.prefab using Guid(a4c074be12f86814ea9824e9966e45fb) Importer(2089858483,3d70f49cd1c2eb9ae422958d1c652c6b) (ScriptedImporter) -> (artifact id: '2e7bce51671c18fbb90ea0fed2c64254') in 0.0145709 seconds
Number of updated asset objects reloaded before import = 0Number of asset objects unloaded after import = 9

========================================================================
Received Import Request.
  Time since last request: 0.000019 seconds.
  path: Assets/lineAcross_ENV.forest/Trees/Tree_4a.fbx
  artifactKey: Guid(92fafcbb507c9714fbb946a0a3613977) Importer(2089858483,192608db42251d675da83286b1cce702)
Start importing Assets/lineAcross_ENV.forest/Trees/Tree_4a.fbx using Guid(92fafcbb507c9714fbb946a0a3613977) Importer(2089858483,192608db42251d675da83286b1cce702) (ScriptedImporter) -> (artifact id: '5ef5d490e1b5bcd2e7ded248c6b559e2') in 0.0291757 seconds
Number of updated asset objects reloaded before import = 0Number of asset objects unloaded after import = 10

========================================================================
Received Import Request.
  Time since last request: 0.000033 seconds.
  path: Assets/Low Poly Nature Pack Lite/Prefabs/bush.prefab
  artifactKey: Guid(e3280123670faec45a45c5d80b4749e0) Importer(2089858483,3d70f49cd1c2eb9ae422958d1c652c6b)
Start importing Assets/Low Poly Nature Pack Lite/Prefabs/bush.prefab using Guid(e3280123670faec45a45c5d80b4749e0) Importer(2089858483,3d70f49cd1c2eb9ae422958d1c652c6b) (ScriptedImporter) -> (artifact id: '8dbe96b4b336ee802a5171eb3c3c7e0f') in 0.0169606 seconds
Number of updated asset objects reloaded before import = 0Number of asset objects unloaded after import = 8

========================================================================
Received Import Request.
  Time since last request: 0.004512 seconds.
  path: Assets/kenney_ui-pack-rpg-expansion/PNG/buttonSquare_grey.png
  artifactKey: Guid(7629f6bb624c4814bbce4f54343a3250) Importer(2089858483,192608db42251d675da83286b1cce702)
Start importing Assets/kenney_ui-pack-rpg-expansion/PNG/buttonSquare_grey.png using Guid(7629f6bb624c4814bbce4f54343a3250) Importer(2089858483,192608db42251d675da83286b1cce702) (ScriptedImporter) -> (artifact id: 'd9d3aae0fa74fc63ac537b9be25428e8') in 0.0608308 seconds
Number of updated asset objects reloaded before import = 0Number of asset objects unloaded after import = 3

========================================================================
Received Import Request.
  Time since last request: 0.456885 seconds.
  path: Assets/Low Poly Nature Pack Lite/Prefabs/rock_big.prefab
  artifactKey: Guid(09685f894ff41434ea32c01f6ad003cd) Importer(2089858483,192608db42251d675da83286b1cce702)
Start importing Assets/Low Poly Nature Pack Lite/Prefabs/rock_big.prefab using Guid(09685f894ff41434ea32c01f6ad003cd) Importer(2089858483,192608db42251d675da83286b1cce702) (ScriptedImporter) -> (artifact id: 'bf5c92b8391fbde82a5ce3871cfd885c') in 0.0282244 seconds
Number of updated asset objects reloaded before import = 0Number of asset objects unloaded after import = 7

========================================================================
Received Import Request.
  Time since last request: 0.000041 seconds.
  path: Assets/Low Poly Nature Pack Lite/Scenes/Pack Overview.unity
  artifactKey: Guid(7681af916b37f43458f73b2e971daf82) Importer(2089858483,192608db42251d675da83286b1cce702)
Start importing Assets/Low Poly Nature Pack Lite/Scenes/Pack Overview.unity using Guid(7681af916b37f43458f73b2e971daf82) Importer(2089858483,192608db42251d675da83286b1cce702) (ScriptedImporter) -> (artifact id: '336baa8823a633d0b56178a76c5e6be4') in 0.0172472 seconds
Number of updated asset objects reloaded before import = 0Number of asset objects unloaded after import = 1

========================================================================
Received Import Request.
  Time since last request: 0.000025 seconds.
  path: Assets/LowPoly Environment Pack/FBX/Terrain_1.fbx
  artifactKey: Guid(dcf51a1e867a87e4596f1c757cbdb947) Importer(2089858483,192608db42251d675da83286b1cce702)
Start importing Assets/LowPoly Environment Pack/FBX/Terrain_1.fbx using Guid(dcf51a1e867a87e4596f1c757cbdb947) Importer(2089858483,192608db42251d675da83286b1cce702) (ScriptedImporter) -> (artifact id: '8c42b5345c8be8bec35ae394d2c0b786') in 0.0344525 seconds
Number of updated asset objects reloaded before import = 0Number of asset objects unloaded after import = 7

========================================================================
Received Import Request.
  Time since last request: 0.002418 seconds.
  path: Assets/LowPoly Environment Pack/FBX/Tree_2.fbx
  artifactKey: Guid(24a759921bedc2541881a0535a7bfcc8) Importer(2089858483,192608db42251d675da83286b1cce702)
Start importing Assets/LowPoly Environment Pack/FBX/Tree_2.fbx using Guid(24a759921bedc2541881a0535a7bfcc8) Importer(2089858483,192608db42251d675da83286b1cce702) (ScriptedImporter) -> (artifact id: '012b133d636e7e2b49e0bbd43018fbdc') in 0.0202608 seconds
Number of updated asset objects reloaded before import = 0Number of asset objects unloaded after import = 36

========================================================================
Received Import Request.
  Time since last request: 0.000024 seconds.
  path: Assets/LowPoly Environment Pack/FBX/Environment_1.fbx
  artifactKey: Guid(a9a560b7bc05a6a46978b53fe4b40f49) Importer(2089858483,192608db42251d675da83286b1cce702)
Start importing Assets/LowPoly Environment Pack/FBX/Environment_1.fbx using Guid(a9a560b7bc05a6a46978b53fe4b40f49) Importer(2089858483,192608db42251d675da83286b1cce702) (ScriptedImporter) -> (artifact id: '930a5dde67a4c0ab8a77f36f466a11b6') in 0.0210319 seconds
Number of updated asset objects reloaded before import = 0Number of asset objects unloaded after import = 7

========================================================================
Received Import Request.
  Time since last request: 0.000692 seconds.
  path: Assets/LowPoly Environment Pack/FBX/Log_1.fbx
  artifactKey: Guid(f12a3ed37c1553f46a2806744d6b056e) Importer(2089858483,192608db42251d675da83286b1cce702)
Start importing Assets/LowPoly Environment Pack/FBX/Log_1.fbx using Guid(f12a3ed37c1553f46a2806744d6b056e) Importer(2089858483,192608db42251d675da83286b1cce702) (ScriptedImporter) -> (artifact id: '97e153f51cb2020132ebb8da218aeb6c') in 0.022816 seconds
Number of updated asset objects reloaded before import = 0Number of asset objects unloaded after import = 7

========================================================================
Received Import Request.
  Time since last request: 0.000024 seconds.
  path: Assets/LowPoly Environment Pack/FBX/Rock_1.fbx
  artifactKey: Guid(b2d7d77df4449b24fb2fffe6ca115874) Importer(2089858483,192608db42251d675da83286b1cce702)
Start importing Assets/LowPoly Environment Pack/FBX/Rock_1.fbx using Guid(b2d7d77df4449b24fb2fffe6ca115874) Importer(2089858483,192608db42251d675da83286b1cce702) (ScriptedImporter) -> (artifact id: 'edea634bffe90d7439a89b53feee4e74') in 0.017813 seconds
Number of updated asset objects reloaded before import = 0Number of asset objects unloaded after import = 7

========================================================================
Received Import Request.
  Time since last request: 0.000334 seconds.
  path: Assets/LowPoly Environment Pack/FBX/Rock_6.fbx
  artifactKey: Guid(71bb44319f15e0741846c4fad009f013) Importer(2089858483,192608db42251d675da83286b1cce702)
Start importing Assets/LowPoly Environment Pack/FBX/Rock_6.fbx using Guid(71bb44319f15e0741846c4fad009f013) Importer(2089858483,192608db42251d675da83286b1cce702) (ScriptedImporter) -> (artifact id: 'a0d1d5b3b687a2d7d38f8409bff13487') in 0.0187925 seconds
Number of updated asset objects reloaded before import = 0Number of asset objects unloaded after import = 7

========================================================================
Received Import Request.
  Time since last request: 0.000437 seconds.
  path: Assets/LowPoly Environment Pack/FBX/Rock_3.fbx
  artifactKey: Guid(f902b41e10cdd2d44aaf1ada606f5d3c) Importer(2089858483,192608db42251d675da83286b1cce702)
Start importing Assets/LowPoly Environment Pack/FBX/Rock_3.fbx using Guid(f902b41e10cdd2d44aaf1ada606f5d3c) Importer(2089858483,192608db42251d675da83286b1cce702) (ScriptedImporter) -> (artifact id: 'e4b014cd3f69c05a1fb508467f9eb542') in 0.0375719 seconds
Number of updated asset objects reloaded before import = 0Number of asset objects unloaded after import = 7

========================================================================
Received Import Request.
  Time since last request: 0.581852 seconds.
  path: Assets/Stylized NPC - Peasant Nolant/Prefabs/Peasant Nolant Yellow(Free Version).prefab
  artifactKey: Guid(4f9803ed31b25c049b47eaf15bcb0c32) Importer(2089858483,192608db42251d675da83286b1cce702)
Start importing Assets/Stylized NPC - Peasant Nolant/Prefabs/Peasant Nolant Yellow(Free Version).prefab using Guid(4f9803ed31b25c049b47eaf15bcb0c32) Importer(2089858483,192608db42251d675da83286b1cce702) (ScriptedImporter) -> (artifact id: '274ac7001725475089fb484d3002afbb') in 0.1265465 seconds
Number of updated asset objects reloaded before import = 0Number of asset objects unloaded after import = 132

========================================================================
Received Import Request.
  Time since last request: 0.000026 seconds.
  path: Assets/TextMesh Pro/Sprites/EmojiOne.json
  artifactKey: Guid(8f05276190cf498a8153f6cbe761d4e6) Importer(2089858483,192608db42251d675da83286b1cce702)
Start importing Assets/TextMesh Pro/Sprites/EmojiOne.json using Guid(8f05276190cf498a8153f6cbe761d4e6) Importer(2089858483,192608db42251d675da83286b1cce702) (ScriptedImporter) -> (artifact id: 'aa5c4303962a6661863169d697e9127e') in 0.0184521 seconds
Number of updated asset objects reloaded before import = 0Number of asset objects unloaded after import = 1

========================================================================
Received Import Request.
  Time since last request: 0.000172 seconds.
  path: Assets/lineAcross_ENV.forest/Prefabs/DecorationPreFabs/Table_1a.prefab
  artifactKey: Guid(e4f1d05d2554a884db0e2116645c3d16) Importer(2089858483,192608db42251d675da83286b1cce702)
Start importing Assets/lineAcross_ENV.forest/Prefabs/DecorationPreFabs/Table_1a.prefab using Guid(e4f1d05d2554a884db0e2116645c3d16) Importer(2089858483,192608db42251d675da83286b1cce702) (ScriptedImporter) -> (artifact id: '66efbe78df0e790df58c769e7a04f0fd') in 0.0266635 seconds
Number of updated asset objects reloaded before import = 0Number of asset objects unloaded after import = 7

========================================================================
Received Import Request.
  Time since last request: 0.000026 seconds.
  path: Assets/lineAcross_ENV.forest/Prefabs/GrassFlowersPreFabs/Mushroom_2b.prefab
  artifactKey: Guid(3fc8baf4bf5c4ec4284960f234330814) Importer(2089858483,192608db42251d675da83286b1cce702)
Start importing Assets/lineAcross_ENV.forest/Prefabs/GrassFlowersPreFabs/Mushroom_2b.prefab using Guid(3fc8baf4bf5c4ec4284960f234330814) Importer(2089858483,192608db42251d675da83286b1cce702) (ScriptedImporter) -> (artifact id: '2c142f4c291b098bd9dcea17b2dc215a') in 0.0235786 seconds
Number of updated asset objects reloaded before import = 0Number of asset objects unloaded after import = 7

========================================================================
Received Import Request.
  Time since last request: 0.000216 seconds.
  path: Assets/lineAcross_ENV.forest/Prefabs/DecorationPreFabs/vase_1b.prefab
  artifactKey: Guid(9c72ba3a35b41204e847ef955b183d05) Importer(2089858483,192608db42251d675da83286b1cce702)
Start importing Assets/lineAcross_ENV.forest/Prefabs/DecorationPreFabs/vase_1b.prefab using Guid(9c72ba3a35b41204e847ef955b183d05) Importer(2089858483,192608db42251d675da83286b1cce702) (ScriptedImporter) -> (artifact id: 'd44f5bfa169fda07f9fe65f4f38fe9e1') in 0.0234383 seconds
Number of updated asset objects reloaded before import = 0Number of asset objects unloaded after import = 7

========================================================================
Received Import Request.
  Time since last request: 0.000028 seconds.
  path: Assets/lineAcross_ENV.forest/Prefabs/LogsPreFabs/sick_1a.prefab
  artifactKey: Guid(5e1ca3bb0c8ef3941bee64e1e10ff7dd) Importer(2089858483,192608db42251d675da83286b1cce702)
Start importing Assets/lineAcross_ENV.forest/Prefabs/LogsPreFabs/sick_1a.prefab using Guid(5e1ca3bb0c8ef3941bee64e1e10ff7dd) Importer(2089858483,192608db42251d675da83286b1cce702) (ScriptedImporter) -> (artifact id: '33240fe431b6895fa07c8c87cedfb620') in 0.0228197 seconds
Number of updated asset objects reloaded before import = 0Number of asset objects unloaded after import = 7

========================================================================
Received Import Request.
  Time since last request: 0.000021 seconds.
  path: Assets/Aligned Games/Polygonal Foliage Asset Package/Scenes/Demonstration.unity
  artifactKey: Guid(99c9720ab356a0642a771bea13969a05) Importer(2089858483,192608db42251d675da83286b1cce702)
Start importing Assets/Aligned Games/Polygonal Foliage Asset Package/Scenes/Demonstration.unity using Guid(99c9720ab356a0642a771bea13969a05) Importer(2089858483,192608db42251d675da83286b1cce702) (ScriptedImporter) -> (artifact id: '41650ff2d2e4113c092eb77a3a7ea7ce') in 0.0262677 seconds
Number of updated asset objects reloaded before import = 0Number of asset objects unloaded after import = 1

========================================================================
Received Import Request.
  Time since last request: 0.000034 seconds.
  path: Assets/lineAcross_ENV.forest/Prefabs/LogsPreFabs/sick_2a.prefab
  artifactKey: Guid(17df7920c314a5e4782255f133ba07cf) Importer(2089858483,192608db42251d675da83286b1cce702)
Start importing Assets/lineAcross_ENV.forest/Prefabs/LogsPreFabs/sick_2a.prefab using Guid(17df7920c314a5e4782255f133ba07cf) Importer(2089858483,192608db42251d675da83286b1cce702) (ScriptedImporter) -> (artifact id: '6b640dedf0740a1623c41089528b735d') in 0.0221398 seconds
Number of updated asset objects reloaded before import = 0Number of asset objects unloaded after import = 7

Editor requested this worker to shutdown with reason: balancing worker count downwards
AssetImportWorker is now disconnected from the server
Process exiting
Exiting without the bug reporter. Application will terminate with return code 0