Using pre-set license
Built from '2023.2/staging' branch; Version is '2023.2.20f1 (0e25a174756c) revision 927137'; Using compiler version '193431935'; Build Type 'Release'
OS: 'Windows 11  (10.0.26100) 64bit Professional' Language: 'ko' Physical Memory: 32509 MB
BatchMode: 1, IsHumanControllingUs: 0, StartBugReporterOnCrash: 0, Is64bit: 1, IsPro: 1

COMMAND LINE ARGUMENTS:
C:\Program Files\Unity\Hub\Editor\2023.2.20f1\Editor\Unity.exe
-adb2
-batchMode
-noUpm
-name
AssetImportWorker21
-projectPath
C:/Users/user/ProjTest2/Proj
-logFile
Logs/AssetImportWorker21.log
-srvPort
55995
-job-worker-count
11
-background-job-worker-count
8
-asset-garbage-collectors
1
Successfully changed project path to: C:/Users/user/ProjTest2/Proj
C:/Users/user/ProjTest2/Proj
[UnityMemory] Configuration Parameters - Can be set up in boot.config
    "memorysetup-bucket-allocator-granularity=16"
    "memorysetup-bucket-allocator-bucket-count=8"
    "memorysetup-bucket-allocator-block-size=33554432"
    "memorysetup-bucket-allocator-block-count=8"
    "memorysetup-main-allocator-block-size=16777216"
    "memorysetup-thread-allocator-block-size=16777216"
    "memorysetup-gfx-main-allocator-block-size=16777216"
    "memorysetup-gfx-thread-allocator-block-size=16777216"
    "memorysetup-cache-allocator-block-size=4194304"
    "memorysetup-typetree-allocator-block-size=2097152"
    "memorysetup-profiler-bucket-allocator-granularity=16"
    "memorysetup-profiler-bucket-allocator-bucket-count=8"
    "memorysetup-profiler-bucket-allocator-block-size=33554432"
    "memorysetup-profiler-bucket-allocator-block-count=8"
    "memorysetup-profiler-allocator-block-size=16777216"
    "memorysetup-profiler-editor-allocator-block-size=1048576"
    "memorysetup-temp-allocator-size-main=16777216"
    "memorysetup-job-temp-allocator-block-size=2097152"
    "memorysetup-job-temp-allocator-block-size-background=1048576"
    "memorysetup-job-temp-allocator-reduction-small-platforms=262144"
    "memorysetup-allocator-temp-initial-block-size-main=262144"
    "memorysetup-allocator-temp-initial-block-size-worker=262144"
    "memorysetup-temp-allocator-size-background-worker=32768"
    "memorysetup-temp-allocator-size-job-worker=262144"
    "memorysetup-temp-allocator-size-preload-manager=33554432"
    "memorysetup-temp-allocator-size-nav-mesh-worker=65536"
    "memorysetup-temp-allocator-size-audio-worker=65536"
    "memorysetup-temp-allocator-size-cloud-worker=32768"
    "memorysetup-temp-allocator-size-gi-baking-worker=262144"
    "memorysetup-temp-allocator-size-gi-baking-worker=262144"
    "memorysetup-temp-allocator-size-gi-baking-worker=262144"
    "memorysetup-temp-allocator-size-gi-baking-worker=262144"
    "memorysetup-temp-allocator-size-gfx=262144"
Player connection [11868] Host "[IP] 192.168.0.184 [Port] 0 [Flags] 2 [Guid] 2405312127 [EditorId] 2405312127 [Version] 1048832 [Id] WindowsEditor(7,DESKTOP-J8JLBSO) [Debug] 1 [PackageName] WindowsEditor [ProjectName] Editor" joined multi-casting on [225.0.0.222:54997]...
Player connection [11868] Host "[IP] 192.168.0.184 [Port] 0 [Flags] 2 [Guid] 2405312127 [EditorId] 2405312127 [Version] 1048832 [Id] WindowsEditor(7,DESKTOP-J8JLBSO) [Debug] 1 [PackageName] WindowsEditor [ProjectName] Editor" joined alternative multi-casting on [225.0.0.222:34997]...
JobSystem: Creating JobQueue using job-worker-count value 11
[Physics::Module] Initialized MultithreadedJobDispatcher with 11 workers.
Library Redirect Path: Library/
Refreshing native plugins compatible for Editor in 4.51 ms, found 8 plugins.
Preloading 0 native plugins for Editor in 0.00 ms.
Initialize engine version: 2023.2.20f1 (0e25a174756c)
[Subsystems] Discovering subsystems at path C:/Program Files/Unity/Hub/Editor/2023.2.20f1/Editor/Data/Resources/UnitySubsystems
[Subsystems] Discovering subsystems at path C:/Users/user/ProjTest2/Proj/Assets
GfxDevice: creating device client; kGfxThreadingModeNonThreaded
Direct3D:
    Version:  Direct3D 11.0 [level 11.1]
    Renderer: NVIDIA GeForce RTX 4060 (ID=0x2882)
    Vendor:   NVIDIA
    VRAM:     7957 MB
    Driver:   32.0.15.6094
Initialize mono
Mono path[0] = 'C:/Program Files/Unity/Hub/Editor/2023.2.20f1/Editor/Data/Managed'
Mono path[1] = 'C:/Program Files/Unity/Hub/Editor/2023.2.20f1/Editor/Data/MonoBleedingEdge/lib/mono/unityjit-win32'
Mono config path = 'C:/Program Files/Unity/Hub/Editor/2023.2.20f1/Editor/Data/MonoBleedingEdge/etc'
Using monoOptions --debugger-agent=transport=dt_socket,embedding=1,server=y,suspend=n,address=127.0.0.1:56200
Begin MonoManager ReloadAssembly
Registering precompiled unity dll's ...
Register platform support module: C:/Program Files/Unity/Hub/Editor/2023.2.20f1/Editor/Data/PlaybackEngines/WindowsStandaloneSupport/UnityEditor.WindowsStandalone.Extensions.dll
Registered in 0.001403 seconds.
- Loaded All Assemblies, in  0.265 seconds
Native extension for WindowsStandalone target not found
Mono: successfully reloaded assembly
- Finished resetting the current domain, in  0.183 seconds
Domain Reload Profiling: 447ms
	BeginReloadAssembly (98ms)
		ExecutionOrderSort (0ms)
		DisableScriptedObjects (0ms)
		BackupInstance (0ms)
		ReleaseScriptingObjects (0ms)
		CreateAndSetChildDomain (1ms)
	RebuildCommonClasses (28ms)
	RebuildNativeTypeToScriptingClass (9ms)
	initialDomainReloadingComplete (34ms)
	LoadAllAssembliesAndSetupDomain (95ms)
		LoadAssemblies (96ms)
		RebuildTransferFunctionScriptingTraits (0ms)
		AnalyzeDomain (93ms)
			TypeCache.Refresh (92ms)
				TypeCache.ScanAssembly (84ms)
			BuildScriptInfoCaches (0ms)
			ResolveRequiredComponents (0ms)
	FinalizeReload (184ms)
		ReleaseScriptCaches (0ms)
		RebuildScriptCaches (0ms)
		SetupLoadedEditorAssemblies (146ms)
			LogAssemblyErrors (0ms)
			InitializePlatformSupportModulesInManaged (6ms)
			SetLoadedEditorAssemblies (3ms)
			BeforeProcessingInitializeOnLoad (3ms)
			ProcessInitializeOnLoadAttributes (108ms)
			ProcessInitializeOnLoadMethodAttributes (27ms)
			AfterProcessingInitializeOnLoad (0ms)
			EditorAssembliesLoaded (0ms)
		ExecutionOrderSort2 (0ms)
		AwakeInstancesAfterBackupRestoration (0ms)
========================================================================
Worker process is ready to serve import requests
Import Worker Mode flag is 0x00
Begin MonoManager ReloadAssembly
Symbol file LoadedFromMemory doesn't match image C:\Users\user\ProjTest2\Proj\Library\PackageCache\com.unity.visualscripting@1.8.0\Editor\VisualScripting.Core\Dependencies\YamlDotNet\Unity.VisualScripting.YamlDotNet.dll
Symbol file LoadedFromMemory doesn't match image C:\Users\user\ProjTest2\Proj\Library\PackageCache\com.unity.visualscripting@1.8.0\Editor\VisualScripting.Core\Dependencies\DotNetZip\Unity.VisualScripting.IonicZip.dll
Symbol file LoadedFromMemory is not a mono symbol file
- Loaded All Assemblies, in  0.740 seconds
Refreshing native plugins compatible for Editor in 3.57 ms, found 8 plugins.
Native extension for WindowsStandalone target not found
Refreshing native plugins compatible for Editor in 3.63 ms, found 8 plugins.
Mono: successfully reloaded assembly
- Finished resetting the current domain, in  0.588 seconds
Domain Reload Profiling: 1326ms
	BeginReloadAssembly (252ms)
		ExecutionOrderSort (0ms)
		DisableScriptedObjects (3ms)
		BackupInstance (0ms)
		ReleaseScriptingObjects (0ms)
		CreateAndSetChildDomain (20ms)
	RebuildCommonClasses (21ms)
	RebuildNativeTypeToScriptingClass (8ms)
	initialDomainReloadingComplete (25ms)
	LoadAllAssembliesAndSetupDomain (431ms)
		LoadAssemblies (290ms)
		RebuildTransferFunctionScriptingTraits (0ms)
		AnalyzeDomain (205ms)
			TypeCache.Refresh (157ms)
				TypeCache.ScanAssembly (142ms)
			BuildScriptInfoCaches (37ms)
			ResolveRequiredComponents (7ms)
	FinalizeReload (589ms)
		ReleaseScriptCaches (0ms)
		RebuildScriptCaches (0ms)
		SetupLoadedEditorAssemblies (444ms)
			LogAssemblyErrors (0ms)
			InitializePlatformSupportModulesInManaged (2ms)
			SetLoadedEditorAssemblies (3ms)
			BeforeProcessingInitializeOnLoad (50ms)
			ProcessInitializeOnLoadAttributes (273ms)
			ProcessInitializeOnLoadMethodAttributes (114ms)
			AfterProcessingInitializeOnLoad (2ms)
			EditorAssembliesLoaded (0ms)
		ExecutionOrderSort2 (0ms)
		AwakeInstancesAfterBackupRestoration (6ms)
Launched and connected shader compiler UnityShaderCompiler.exe after 0.01 seconds
Refreshing native plugins compatible for Editor in 3.31 ms, found 8 plugins.
Preloading 0 native plugins for Editor in 0.00 ms.
Unloading 202 Unused Serialized files (Serialized files now loaded: 0)
Unloading 7573 unused Assets / (6.8 MB). Loaded Objects now: 8260.
Memory consumption went from 195.1 MB to 188.2 MB.
Total: 10.224200 ms (FindLiveObjects: 0.614400 ms CreateObjectMapping: 0.508900 ms MarkObjects: 6.605000 ms  DeleteObjects: 2.495100 ms)

========================================================================
Received Import Request.
  Time since last request: 750407.153866 seconds.
  path: Assets/lineAcross_ENV.forest
  artifactKey: Guid(88d1c0b94931f724787fb6f788a34259) Importer(815301076,1909f56bfc062723c751e8b465ee728b)
Start importing Assets/lineAcross_ENV.forest using Guid(88d1c0b94931f724787fb6f788a34259) Importer(815301076,1909f56bfc062723c751e8b465ee728b) (PreviewImporter) -> (artifact id: '39d6545997266e167fd24062b27bebf6') in 0.0073099 seconds
Number of updated asset objects reloaded before import = 0Number of asset objects unloaded after import = 0

========================================================================
Received Import Request.
  Time since last request: 3.198505 seconds.
  path: Assets/SandoraKa
  artifactKey: Guid(aca3a4402d3e500479f50d56970a5be9) Importer(815301076,1909f56bfc062723c751e8b465ee728b)
Start importing Assets/SandoraKa using Guid(aca3a4402d3e500479f50d56970a5be9) Importer(815301076,1909f56bfc062723c751e8b465ee728b) (PreviewImporter) -> (artifact id: '89c531a98ed458d13517054560371935') in 0.0003573 seconds
Number of updated asset objects reloaded before import = 0Number of asset objects unloaded after import = 0

========================================================================
Received Import Request.
  Time since last request: 1.694333 seconds.
  path: Assets/SandoraKa/Stylized Potted Plants
  artifactKey: Guid(9747b2e4d5eeca848a3d68478d287692) Importer(815301076,1909f56bfc062723c751e8b465ee728b)
Start importing Assets/SandoraKa/Stylized Potted Plants using Guid(9747b2e4d5eeca848a3d68478d287692) Importer(815301076,1909f56bfc062723c751e8b465ee728b) (PreviewImporter) -> (artifact id: '74bc055c0374ead8fe1e90b5b1e06088') in 0.0003642 seconds
Number of updated asset objects reloaded before import = 0Number of asset objects unloaded after import = 0

========================================================================
Received Import Request.
  Time since last request: 4.028148 seconds.
  path: Assets/SandoraKa/Stylized Potted Plants/Built-In
  artifactKey: Guid(87f05efa8ccda474e9662f5d60b357f5) Importer(815301076,1909f56bfc062723c751e8b465ee728b)
Start importing Assets/SandoraKa/Stylized Potted Plants/Built-In using Guid(87f05efa8ccda474e9662f5d60b357f5) Importer(815301076,1909f56bfc062723c751e8b465ee728b) (PreviewImporter) -> (artifact id: '3012ca888a1eba04d8a702aea3d9ff10') in 0.0003556 seconds
Number of updated asset objects reloaded before import = 0Number of asset objects unloaded after import = 0

========================================================================
Received Import Request.
  Time since last request: 1.110767 seconds.
  path: Assets/SandoraKa/Stylized Potted Plants/Built-In/Prefabs
  artifactKey: Guid(cade9980068b7dd4b8376580340d5ca8) Importer(815301076,1909f56bfc062723c751e8b465ee728b)
Start importing Assets/SandoraKa/Stylized Potted Plants/Built-In/Prefabs using Guid(cade9980068b7dd4b8376580340d5ca8) Importer(815301076,1909f56bfc062723c751e8b465ee728b) (PreviewImporter) -> (artifact id: 'c1d998ca6c05272546c92d58cfe42f56') in 0.0003728 seconds
Number of updated asset objects reloaded before import = 0Number of asset objects unloaded after import = 0

========================================================================
Received Import Request.
  Time since last request: 0.070315 seconds.
  path: Assets/SandoraKa/Stylized Potted Plants/Built-In/Prefabs/Bench.prefab
  artifactKey: Guid(fa7049ea69dd1e3458a09ad4812a8536) Importer(815301076,1909f56bfc062723c751e8b465ee728b)
Start importing Assets/SandoraKa/Stylized Potted Plants/Built-In/Prefabs/Bench.prefab using Guid(fa7049ea69dd1e3458a09ad4812a8536) Importer(815301076,1909f56bfc062723c751e8b465ee728b) (PreviewImporter) -> (artifact id: '0ed962a49a6fdd08d1e399a1a37bd704') in 0.1995954 seconds
Number of updated asset objects reloaded before import = 0Number of asset objects unloaded after import = 19

========================================================================
Received Import Request.
  Time since last request: 0.000027 seconds.
  path: Assets/SandoraKa/Stylized Potted Plants/Built-In/Prefabs/Coleus03.prefab
  artifactKey: Guid(e0036fd334e46b444994ebf436a0fa98) Importer(815301076,1909f56bfc062723c751e8b465ee728b)
Start importing Assets/SandoraKa/Stylized Potted Plants/Built-In/Prefabs/Coleus03.prefab using Guid(e0036fd334e46b444994ebf436a0fa98) Importer(815301076,1909f56bfc062723c751e8b465ee728b) (PreviewImporter) -> (artifact id: 'bb22744bbb3090f3cbb9e576e8d2c17d') in 0.0155366 seconds
Number of updated asset objects reloaded before import = 0Number of asset objects unloaded after import = 44

========================================================================
Received Import Request.
  Time since last request: 0.000030 seconds.
  path: Assets/SandoraKa/Stylized Potted Plants/Built-In/Prefabs/Cucumber.prefab
  artifactKey: Guid(0a4b01fff2c53504684597bbb2da7e65) Importer(815301076,1909f56bfc062723c751e8b465ee728b)
Start importing Assets/SandoraKa/Stylized Potted Plants/Built-In/Prefabs/Cucumber.prefab using Guid(0a4b01fff2c53504684597bbb2da7e65) Importer(815301076,1909f56bfc062723c751e8b465ee728b) (PreviewImporter) -> (artifact id: 'add97df2e7d876724379799619411cf7') in 0.0171784 seconds
Number of updated asset objects reloaded before import = 0Number of asset objects unloaded after import = 60

========================================================================
Received Import Request.
  Time since last request: 13.368305 seconds.
  path: Assets/SandoraKa/Stylized Potted Plants/Built-In/Materials
  artifactKey: Guid(9b79674ea391f654fb684966737b6dc9) Importer(815301076,1909f56bfc062723c751e8b465ee728b)
Start importing Assets/SandoraKa/Stylized Potted Plants/Built-In/Materials using Guid(9b79674ea391f654fb684966737b6dc9) Importer(815301076,1909f56bfc062723c751e8b465ee728b) (PreviewImporter) -> (artifact id: '393f4a1efc9ffde68e724eb62670b8b0') in 0.0005292 seconds
Number of updated asset objects reloaded before import = 0Number of asset objects unloaded after import = 0

========================================================================
Received Import Request.
  Time since last request: 0.032380 seconds.
  path: Assets/SandoraKa/Stylized Potted Plants/Built-In/Materials/M_Bench.mat
  artifactKey: Guid(5d2ae5bc37b7e6241bb7f065931c10a3) Importer(815301076,1909f56bfc062723c751e8b465ee728b)
Start importing Assets/SandoraKa/Stylized Potted Plants/Built-In/Materials/M_Bench.mat using Guid(5d2ae5bc37b7e6241bb7f065931c10a3) Importer(815301076,1909f56bfc062723c751e8b465ee728b) (PreviewImporter) -> (artifact id: 'bf554866395c05ed5102b85a3b8d4660') in 0.0195698 seconds
Number of updated asset objects reloaded before import = 0Number of asset objects unloaded after import = 5

========================================================================
Received Import Request.
  Time since last request: 0.000020 seconds.
  path: Assets/SandoraKa/Stylized Potted Plants/Built-In/Materials/M_TomatoRed.mat
  artifactKey: Guid(c641575af9ddd3e48988689ab609b436) Importer(815301076,1909f56bfc062723c751e8b465ee728b)
Start importing Assets/SandoraKa/Stylized Potted Plants/Built-In/Materials/M_TomatoRed.mat using Guid(c641575af9ddd3e48988689ab609b436) Importer(815301076,1909f56bfc062723c751e8b465ee728b) (PreviewImporter) -> (artifact id: 'e90c1abb289d09638e64c81005a439dc') in 0.0092397 seconds
Number of updated asset objects reloaded before import = 0Number of asset objects unloaded after import = 5

========================================================================
Received Import Request.
  Time since last request: 0.000015 seconds.
  path: Assets/SandoraKa/Stylized Potted Plants/Built-In/Materials/M_TomatoGreen.mat
  artifactKey: Guid(38b3f926b60d5db4bb5bfc8a0866b262) Importer(815301076,1909f56bfc062723c751e8b465ee728b)
Start importing Assets/SandoraKa/Stylized Potted Plants/Built-In/Materials/M_TomatoGreen.mat using Guid(38b3f926b60d5db4bb5bfc8a0866b262) Importer(815301076,1909f56bfc062723c751e8b465ee728b) (PreviewImporter) -> (artifact id: '052503d2cef49b136f75730b4de07568') in 0.0203336 seconds
Number of updated asset objects reloaded before import = 0Number of asset objects unloaded after import = 5

========================================================================
Received Import Request.
  Time since last request: 4.199346 seconds.
  path: Assets/SandoraKa/Stylized Potted Plants/Scenes
  artifactKey: Guid(160272fa7cd8e534e9b24da9820145fd) Importer(815301076,1909f56bfc062723c751e8b465ee728b)
Start importing Assets/SandoraKa/Stylized Potted Plants/Scenes using Guid(160272fa7cd8e534e9b24da9820145fd) Importer(815301076,1909f56bfc062723c751e8b465ee728b) (PreviewImporter) -> (artifact id: 'f8a61f23bdf7be304485684c6e2d4d96') in 0.0004319 seconds
Number of updated asset objects reloaded before import = 0Number of asset objects unloaded after import = 0

========================================================================
Received Import Request.
  Time since last request: 0.761422 seconds.
  path: Assets/SandoraKa/Stylized Potted Plants/Scenes/Stylized Potted Plants Showcase.unity
  artifactKey: Guid(5f98e1452f6aab14c96698f5c1531c82) Importer(815301076,1909f56bfc062723c751e8b465ee728b)
Start importing Assets/SandoraKa/Stylized Potted Plants/Scenes/Stylized Potted Plants Showcase.unity using Guid(5f98e1452f6aab14c96698f5c1531c82) Importer(815301076,1909f56bfc062723c751e8b465ee728b) (PreviewImporter) -> (artifact id: 'e16e5329248e64ac60b917f477e5ddb7') in 0.0004154 seconds
Number of updated asset objects reloaded before import = 0Number of asset objects unloaded after import = 0

========================================================================
Received Import Request.
  Time since last request: 14.296899 seconds.
  path: Assets/SandoraKa/Stylized Potted Plants/Built-In/Prefabs/PotStack.prefab
  artifactKey: Guid(f29ff06dd21638b4f98d7a8c38b4c2f6) Importer(2089858483,3d70f49cd1c2eb9ae422958d1c652c6b)
Start importing Assets/SandoraKa/Stylized Potted Plants/Built-In/Prefabs/PotStack.prefab using Guid(f29ff06dd21638b4f98d7a8c38b4c2f6) Importer(2089858483,3d70f49cd1c2eb9ae422958d1c652c6b) (ScriptedImporter) -> (artifact id: '4e7584132c4049f5af51227f1c1af498') in 0.1349742 seconds
Number of updated asset objects reloaded before import = 0Number of asset objects unloaded after import = 13

Editor requested this worker to shutdown with reason: balancing worker count downwards
AssetImportWorker is now disconnected from the server
Process exiting
Exiting without the bug reporter. Application will terminate with return code 0